[ 2015-01-18T11:12:20+08:00 ] 127.0.0.1 /quickmobile/api.php?s=mobile/public/register&os_version=4.4&os=Android&api_version=1&t=111111&uuid=99&token=d7de46680b48762bccc1a305b0d12f75
INFO: [ app_init ] --START--
INFO: Run Common\Behavior\InitHook [ RunTime:0.061004s ]
INFO: [ app_init ] --END-- [ RunTime:0.062004s ]
INFO: [ app_begin ] --START--
INFO: Run Behavior\ReadHtmlCache [ RunTime:0.001000s ]
INFO: [ app_begin ] --END-- [ RunTime:0.001000s ]

[ 2015-01-18T11:12:29+08:00 ] 127.0.0.1 /quickmobile/api.php?s=mobile/public/login&os_version=4.4&os=Android&api_version=1&t=111111&uuid=99&token=d7de46680b48762bccc1a305b0d12f75
INFO: [ app_init ] --START--
INFO: Run Common\Behavior\InitHook [ RunTime:0.006000s ]
INFO: [ app_init ] --END-- [ RunTime:0.010001s ]
INFO: [ app_begin ] --START--
INFO: Run Behavior\ReadHtmlCache [ RunTime:0.002000s ]
INFO: [ app_begin ] --END-- [ RunTime:0.002000s ]
NOTIC: [2] mysqli::mysqli():  D:\wamp\www\quickmobile\ThinkPHP\Library\Think\Db\Driver\Mysqli.class.php Á¨¨ 44 Ë°å.
ERR: AccËs refusÈ pour l'utilisateur: 'root'@'@localhost' (mot de passe: OUI)

[ 2015-01-18T11:12:38+08:00 ] 127.0.0.1 /quickmobile/api.php?s=mobile/public/login&os_version=4.4&os=Android&api_version=1&t=111111&uuid=99&token=d7de46680b48762bccc1a305b0d12f75
INFO: [ app_init ] --START--
INFO: Run Common\Behavior\InitHook [ RunTime:0.004001s ]
INFO: [ app_init ] --END-- [ RunTime:0.006001s ]
INFO: [ app_begin ] --START--
INFO: Run Behavior\ReadHtmlCache [ RunTime:0.001000s ]
INFO: [ app_begin ] --END-- [ RunTime:0.003000s ]
NOTIC: [2] mysqli::mysqli():  D:\wamp\www\quickmobile\ThinkPHP\Library\Think\Db\Driver\Mysqli.class.php Á¨¨ 44 Ë°å.
ERR: AccËs refusÈ pour l'utilisateur: 'root'@'@localhost' (mot de passe: OUI)

[ 2015-01-18T11:14:32+08:00 ] 127.0.0.1 /quickmobile/api.php?s=mobile/public/login&os_version=4.4&os=Android&api_version=1&t=111111&uuid=99&token=d7de46680b48762bccc1a305b0d12f75
INFO: [ app_init ] --START--
INFO: Run Common\Behavior\InitHook [ RunTime:0.009000s ]
INFO: [ app_init ] --END-- [ RunTime:0.011000s ]
INFO: [ app_begin ] --START--
INFO: Run Behavior\ReadHtmlCache [ RunTime:0.002000s ]
INFO: [ app_begin ] --END-- [ RunTime:0.004000s ]
NOTIC: [2] mysqli::mysqli():  D:\wamp\www\quickmobile\ThinkPHP\Library\Think\Db\Driver\Mysqli.class.php Á¨¨ 44 Ë°å.
ERR: AccËs refusÈ pour l'utilisateur: 'root'@'@localhost' (mot de passe: OUI)

[ 2015-01-18T11:14:33+08:00 ] 127.0.0.1 /quickmobile/api.php?s=mobile/public/login&os_version=4.4&os=Android&api_version=1&t=111111&uuid=99&token=d7de46680b48762bccc1a305b0d12f75
INFO: [ app_init ] --START--
INFO: Run Common\Behavior\InitHook [ RunTime:0.007000s ]
INFO: [ app_init ] --END-- [ RunTime:0.008000s ]
INFO: [ app_begin ] --START--
INFO: Run Behavior\ReadHtmlCache [ RunTime:0.002000s ]
INFO: [ app_begin ] --END-- [ RunTime:0.002000s ]
NOTIC: [2] mysqli::mysqli():  D:\wamp\www\quickmobile\ThinkPHP\Library\Think\Db\Driver\Mysqli.class.php Á¨¨ 44 Ë°å.
ERR: AccËs refusÈ pour l'utilisateur: 'root'@'@localhost' (mot de passe: OUI)

[ 2015-01-18T11:14:34+08:00 ] 127.0.0.1 /quickmobile/api.php?s=mobile/public/login&os_version=4.4&os=Android&api_version=1&t=111111&uuid=99&token=d7de46680b48762bccc1a305b0d12f75
INFO: [ app_init ] --START--
INFO: Run Common\Behavior\InitHook [ RunTime:0.006000s ]
INFO: [ app_init ] --END-- [ RunTime:0.007000s ]
INFO: [ app_begin ] --START--
INFO: Run Behavior\ReadHtmlCache [ RunTime:0.002000s ]
INFO: [ app_begin ] --END-- [ RunTime:0.003001s ]
NOTIC: [2] mysqli::mysqli():  D:\wamp\www\quickmobile\ThinkPHP\Library\Think\Db\Driver\Mysqli.class.php Á¨¨ 44 Ë°å.
ERR: AccËs refusÈ pour l'utilisateur: 'root'@'@localhost' (mot de passe: OUI)

[ 2015-01-18T11:14:34+08:00 ] 127.0.0.1 /quickmobile/api.php?s=mobile/public/login&os_version=4.4&os=Android&api_version=1&t=111111&uuid=99&token=d7de46680b48762bccc1a305b0d12f75
INFO: [ app_init ] --START--
INFO: Run Common\Behavior\InitHook [ RunTime:0.007001s ]
INFO: [ app_init ] --END-- [ RunTime:0.008001s ]
INFO: [ app_begin ] --START--
INFO: Run Behavior\ReadHtmlCache [ RunTime:0.002000s ]
INFO: [ app_begin ] --END-- [ RunTime:0.002000s ]
NOTIC: [2] mysqli::mysqli():  D:\wamp\www\quickmobile\ThinkPHP\Library\Think\Db\Driver\Mysqli.class.php Á¨¨ 44 Ë°å.
ERR: AccËs refusÈ pour l'utilisateur: 'root'@'@localhost' (mot de passe: OUI)

[ 2015-01-18T11:14:34+08:00 ] 127.0.0.1 /quickmobile/api.php?s=mobile/public/login&os_version=4.4&os=Android&api_version=1&t=111111&uuid=99&token=d7de46680b48762bccc1a305b0d12f75
INFO: [ app_init ] --START--
INFO: Run Common\Behavior\InitHook [ RunTime:0.006000s ]
INFO: [ app_init ] --END-- [ RunTime:0.007000s ]
INFO: [ app_begin ] --START--
INFO: Run Behavior\ReadHtmlCache [ RunTime:0.002000s ]
INFO: [ app_begin ] --END-- [ RunTime:0.003000s ]
NOTIC: [2] mysqli::mysqli():  D:\wamp\www\quickmobile\ThinkPHP\Library\Think\Db\Driver\Mysqli.class.php Á¨¨ 44 Ë°å.
ERR: AccËs refusÈ pour l'utilisateur: 'root'@'@localhost' (mot de passe: OUI)

[ 2015-01-18T11:14:34+08:00 ] 127.0.0.1 /quickmobile/api.php?s=mobile/public/login&os_version=4.4&os=Android&api_version=1&t=111111&uuid=99&token=d7de46680b48762bccc1a305b0d12f75
INFO: [ app_init ] --START--
INFO: Run Common\Behavior\InitHook [ RunTime:0.008001s ]
INFO: [ app_init ] --END-- [ RunTime:0.009001s ]
INFO: [ app_begin ] --START--
INFO: Run Behavior\ReadHtmlCache [ RunTime:0.002000s ]
INFO: [ app_begin ] --END-- [ RunTime:0.003000s ]
NOTIC: [2] mysqli::mysqli():  D:\wamp\www\quickmobile\ThinkPHP\Library\Think\Db\Driver\Mysqli.class.php Á¨¨ 44 Ë°å.
ERR: AccËs refusÈ pour l'utilisateur: 'root'@'@localhost' (mot de passe: OUI)

[ 2015-01-18T11:14:35+08:00 ] 127.0.0.1 /quickmobile/api.php?s=mobile/public/login&os_version=4.4&os=Android&api_version=1&t=111111&uuid=99&token=d7de46680b48762bccc1a305b0d12f75
INFO: [ app_init ] --START--
INFO: Run Common\Behavior\InitHook [ RunTime:0.007000s ]
INFO: [ app_init ] --END-- [ RunTime:0.008000s ]
INFO: [ app_begin ] --START--
INFO: Run Behavior\ReadHtmlCache [ RunTime:0.002000s ]
INFO: [ app_begin ] --END-- [ RunTime:0.003000s ]
NOTIC: [2] mysqli::mysqli():  D:\wamp\www\quickmobile\ThinkPHP\Library\Think\Db\Driver\Mysqli.class.php Á¨¨ 44 Ë°å.
ERR: AccËs refusÈ pour l'utilisateur: 'root'@'@localhost' (mot de passe: OUI)

[ 2015-01-18T11:14:35+08:00 ] 127.0.0.1 /quickmobile/api.php?s=mobile/public/login&os_version=4.4&os=Android&api_version=1&t=111111&uuid=99&token=d7de46680b48762bccc1a305b0d12f75
INFO: [ app_init ] --START--
INFO: Run Common\Behavior\InitHook [ RunTime:0.007001s ]
INFO: [ app_init ] --END-- [ RunTime:0.010001s ]
INFO: [ app_begin ] --START--
INFO: Run Behavior\ReadHtmlCache [ RunTime:0.001000s ]
INFO: [ app_begin ] --END-- [ RunTime:0.002000s ]
NOTIC: [2] mysqli::mysqli():  D:\wamp\www\quickmobile\ThinkPHP\Library\Think\Db\Driver\Mysqli.class.php Á¨¨ 44 Ë°å.
ERR: AccËs refusÈ pour l'utilisateur: 'root'@'@localhost' (mot de passe: OUI)

[ 2015-01-18T11:14:35+08:00 ] 127.0.0.1 /quickmobile/api.php?s=mobile/public/login&os_version=4.4&os=Android&api_version=1&t=111111&uuid=99&token=d7de46680b48762bccc1a305b0d12f75
INFO: [ app_init ] --START--
INFO: Run Common\Behavior\InitHook [ RunTime:0.004000s ]
INFO: [ app_init ] --END-- [ RunTime:0.005000s ]
INFO: [ app_begin ] --START--
INFO: Run Behavior\ReadHtmlCache [ RunTime:0.002000s ]
INFO: [ app_begin ] --END-- [ RunTime:0.002000s ]
NOTIC: [2] mysqli::mysqli():  D:\wamp\www\quickmobile\ThinkPHP\Library\Think\Db\Driver\Mysqli.class.php Á¨¨ 44 Ë°å.
ERR: AccËs refusÈ pour l'utilisateur: 'root'@'@localhost' (mot de passe: OUI)

[ 2015-01-18T11:14:35+08:00 ] 127.0.0.1 /quickmobile/api.php?s=mobile/public/login&os_version=4.4&os=Android&api_version=1&t=111111&uuid=99&token=d7de46680b48762bccc1a305b0d12f75
INFO: [ app_init ] --START--
INFO: Run Common\Behavior\InitHook [ RunTime:0.005000s ]
INFO: [ app_init ] --END-- [ RunTime:0.006000s ]
INFO: [ app_begin ] --START--
INFO: Run Behavior\ReadHtmlCache [ RunTime:0.001000s ]
INFO: [ app_begin ] --END-- [ RunTime:0.003000s ]
NOTIC: [2] mysqli::mysqli():  D:\wamp\www\quickmobile\ThinkPHP\Library\Think\Db\Driver\Mysqli.class.php Á¨¨ 44 Ë°å.
ERR: AccËs refusÈ pour l'utilisateur: 'root'@'@localhost' (mot de passe: OUI)

[ 2015-01-18T11:14:36+08:00 ] 127.0.0.1 /quickmobile/api.php?s=mobile/public/login&os_version=4.4&os=Android&api_version=1&t=111111&uuid=99&token=d7de46680b48762bccc1a305b0d12f75
INFO: [ app_init ] --START--
INFO: Run Common\Behavior\InitHook [ RunTime:0.004001s ]
INFO: [ app_init ] --END-- [ RunTime:0.005001s ]
INFO: [ app_begin ] --START--
INFO: Run Behavior\ReadHtmlCache [ RunTime:0.001000s ]
INFO: [ app_begin ] --END-- [ RunTime:0.002000s ]
NOTIC: [2] mysqli::mysqli():  D:\wamp\www\quickmobile\ThinkPHP\Library\Think\Db\Driver\Mysqli.class.php Á¨¨ 44 Ë°å.
ERR: AccËs refusÈ pour l'utilisateur: 'root'@'@localhost' (mot de passe: OUI)

[ 2015-01-18T11:14:36+08:00 ] 127.0.0.1 /quickmobile/api.php?s=mobile/public/login&os_version=4.4&os=Android&api_version=1&t=111111&uuid=99&token=d7de46680b48762bccc1a305b0d12f75
INFO: [ app_init ] --START--
INFO: Run Common\Behavior\InitHook [ RunTime:0.004000s ]
INFO: [ app_init ] --END-- [ RunTime:0.005000s ]
INFO: [ app_begin ] --START--
INFO: Run Behavior\ReadHtmlCache [ RunTime:0.002000s ]
INFO: [ app_begin ] --END-- [ RunTime:0.002000s ]
NOTIC: [2] mysqli::mysqli():  D:\wamp\www\quickmobile\ThinkPHP\Library\Think\Db\Driver\Mysqli.class.php Á¨¨ 44 Ë°å.
ERR: AccËs refusÈ pour l'utilisateur: 'root'@'@localhost' (mot de passe: OUI)

[ 2015-01-18T11:14:36+08:00 ] 127.0.0.1 /quickmobile/api.php?s=mobile/public/login&os_version=4.4&os=Android&api_version=1&t=111111&uuid=99&token=d7de46680b48762bccc1a305b0d12f75
INFO: [ app_init ] --START--
INFO: Run Common\Behavior\InitHook [ RunTime:0.005000s ]
INFO: [ app_init ] --END-- [ RunTime:0.006000s ]
INFO: [ app_begin ] --START--
INFO: Run Behavior\ReadHtmlCache [ RunTime:0.002001s ]
INFO: [ app_begin ] --END-- [ RunTime:0.002001s ]
NOTIC: [2] mysqli::mysqli():  D:\wamp\www\quickmobile\ThinkPHP\Library\Think\Db\Driver\Mysqli.class.php Á¨¨ 44 Ë°å.
ERR: AccËs refusÈ pour l'utilisateur: 'root'@'@localhost' (mot de passe: OUI)

[ 2015-01-18T11:14:37+08:00 ] 127.0.0.1 /quickmobile/api.php?s=mobile/public/login&os_version=4.4&os=Android&api_version=1&t=111111&uuid=99&token=d7de46680b48762bccc1a305b0d12f75
INFO: [ app_init ] --START--
INFO: Run Common\Behavior\InitHook [ RunTime:0.008001s ]
INFO: [ app_init ] --END-- [ RunTime:0.010001s ]
INFO: [ app_begin ] --START--
INFO: Run Behavior\ReadHtmlCache [ RunTime:0.002000s ]
INFO: [ app_begin ] --END-- [ RunTime:0.002000s ]
NOTIC: [2] mysqli::mysqli():  D:\wamp\www\quickmobile\ThinkPHP\Library\Think\Db\Driver\Mysqli.class.php Á¨¨ 44 Ë°å.
ERR: AccËs refusÈ pour l'utilisateur: 'root'@'@localhost' (mot de passe: OUI)

[ 2015-01-18T11:14:37+08:00 ] 127.0.0.1 /quickmobile/api.php?s=mobile/public/login&os_version=4.4&os=Android&api_version=1&t=111111&uuid=99&token=d7de46680b48762bccc1a305b0d12f75
INFO: [ app_init ] --START--
INFO: Run Common\Behavior\InitHook [ RunTime:0.004000s ]
INFO: [ app_init ] --END-- [ RunTime:0.006001s ]
INFO: [ app_begin ] --START--
INFO: Run Behavior\ReadHtmlCache [ RunTime:0.001000s ]
INFO: [ app_begin ] --END-- [ RunTime:0.010000s ]
NOTIC: [2] mysqli::mysqli():  D:\wamp\www\quickmobile\ThinkPHP\Library\Think\Db\Driver\Mysqli.class.php Á¨¨ 44 Ë°å.
ERR: AccËs refusÈ pour l'utilisateur: 'root'@'@localhost' (mot de passe: OUI)

[ 2015-01-18T11:14:37+08:00 ] 127.0.0.1 /quickmobile/api.php?s=mobile/public/login&os_version=4.4&os=Android&api_version=1&t=111111&uuid=99&token=d7de46680b48762bccc1a305b0d12f75
INFO: [ app_init ] --START--
INFO: Run Common\Behavior\InitHook [ RunTime:0.008001s ]
INFO: [ app_init ] --END-- [ RunTime:0.009001s ]
INFO: [ app_begin ] --START--
INFO: Run Behavior\ReadHtmlCache [ RunTime:0.002000s ]
INFO: [ app_begin ] --END-- [ RunTime:0.003000s ]
NOTIC: [2] mysqli::mysqli():  D:\wamp\www\quickmobile\ThinkPHP\Library\Think\Db\Driver\Mysqli.class.php Á¨¨ 44 Ë°å.
ERR: AccËs refusÈ pour l'utilisateur: 'root'@'@localhost' (mot de passe: OUI)

[ 2015-01-18T11:14:37+08:00 ] 127.0.0.1 /quickmobile/api.php?s=mobile/public/login&os_version=4.4&os=Android&api_version=1&t=111111&uuid=99&token=d7de46680b48762bccc1a305b0d12f75
INFO: [ app_init ] --START--
INFO: Run Common\Behavior\InitHook [ RunTime:0.009001s ]
INFO: [ app_init ] --END-- [ RunTime:0.009001s ]
INFO: [ app_begin ] --START--
INFO: Run Behavior\ReadHtmlCache [ RunTime:0.003000s ]
INFO: [ app_begin ] --END-- [ RunTime:0.003000s ]
NOTIC: [2] mysqli::mysqli():  D:\wamp\www\quickmobile\ThinkPHP\Library\Think\Db\Driver\Mysqli.class.php Á¨¨ 44 Ë°å.
ERR: AccËs refusÈ pour l'utilisateur: 'root'@'@localhost' (mot de passe: OUI)

[ 2015-01-18T11:14:37+08:00 ] 127.0.0.1 /quickmobile/api.php?s=mobile/public/login&os_version=4.4&os=Android&api_version=1&t=111111&uuid=99&token=d7de46680b48762bccc1a305b0d12f75
INFO: [ app_init ] --START--
INFO: Run Common\Behavior\InitHook [ RunTime:0.006000s ]
INFO: [ app_init ] --END-- [ RunTime:0.007000s ]
INFO: [ app_begin ] --START--
INFO: Run Behavior\ReadHtmlCache [ RunTime:0.002000s ]
INFO: [ app_begin ] --END-- [ RunTime:0.003000s ]
NOTIC: [2] mysqli::mysqli():  D:\wamp\www\quickmobile\ThinkPHP\Library\Think\Db\Driver\Mysqli.class.php Á¨¨ 44 Ë°å.
ERR: AccËs refusÈ pour l'utilisateur: 'root'@'@localhost' (mot de passe: OUI)

[ 2015-01-18T11:14:37+08:00 ] 127.0.0.1 /quickmobile/api.php?s=mobile/public/login&os_version=4.4&os=Android&api_version=1&t=111111&uuid=99&token=d7de46680b48762bccc1a305b0d12f75
INFO: [ app_init ] --START--
INFO: Run Common\Behavior\InitHook [ RunTime:0.007001s ]
INFO: [ app_init ] --END-- [ RunTime:0.009001s ]
INFO: [ app_begin ] --START--
INFO: Run Behavior\ReadHtmlCache [ RunTime:0.001000s ]
INFO: [ app_begin ] --END-- [ RunTime:0.001000s ]
NOTIC: [2] mysqli::mysqli():  D:\wamp\www\quickmobile\ThinkPHP\Library\Think\Db\Driver\Mysqli.class.php Á¨¨ 44 Ë°å.
ERR: AccËs refusÈ pour l'utilisateur: 'root'@'@localhost' (mot de passe: OUI)

[ 2015-01-18T11:14:37+08:00 ] 127.0.0.1 /quickmobile/api.php?s=mobile/public/login&os_version=4.4&os=Android&api_version=1&t=111111&uuid=99&token=d7de46680b48762bccc1a305b0d12f75
INFO: [ app_init ] --START--
INFO: Run Common\Behavior\InitHook [ RunTime:0.006000s ]
INFO: [ app_init ] --END-- [ RunTime:0.007000s ]
INFO: [ app_begin ] --START--
INFO: Run Behavior\ReadHtmlCache [ RunTime:0.008000s ]
INFO: [ app_begin ] --END-- [ RunTime:0.009000s ]
NOTIC: [2] mysqli::mysqli():  D:\wamp\www\quickmobile\ThinkPHP\Library\Think\Db\Driver\Mysqli.class.php Á¨¨ 44 Ë°å.
ERR: AccËs refusÈ pour l'utilisateur: 'root'@'@localhost' (mot de passe: OUI)

[ 2015-01-18T11:15:57+08:00 ] 127.0.0.1 /quickmobile/api.php?s=mobile/public/login&os_version=4.4&os=Android&api_version=1&t=111111&uuid=99&token=d7de46680b48762bccc1a305b0d12f75
INFO: [ app_init ] --START--
INFO: Run Common\Behavior\InitHook [ RunTime:0.009000s ]
INFO: [ app_init ] --END-- [ RunTime:0.010000s ]
INFO: [ app_begin ] --START--
INFO: Run Behavior\ReadHtmlCache [ RunTime:0.002000s ]
INFO: [ app_begin ] --END-- [ RunTime:0.002000s ]
SQL: SHOW COLUMNS FROM `funtu_ucenter_member` [ RunTime:0.038002s ]
SQL: SELECT * FROM `funtu_ucenter_member` WHERE ( `mobile` = '' ) LIMIT 1   [ RunTime:0.005001s ]

[ 2015-01-18T11:15:59+08:00 ] 127.0.0.1 /quickmobile/api.php?s=mobile/public/login&os_version=4.4&os=Android&api_version=1&t=111111&uuid=99&token=d7de46680b48762bccc1a305b0d12f75
INFO: [ app_init ] --START--
INFO: Run Common\Behavior\InitHook [ RunTime:0.005000s ]
INFO: [ app_init ] --END-- [ RunTime:0.006000s ]
INFO: [ app_begin ] --START--
INFO: Run Behavior\ReadHtmlCache [ RunTime:0.002001s ]
INFO: [ app_begin ] --END-- [ RunTime:0.002001s ]
SQL: SHOW COLUMNS FROM `funtu_ucenter_member` [ RunTime:0.011001s ]
SQL: SELECT * FROM `funtu_ucenter_member` WHERE ( `mobile` = '' ) LIMIT 1   [ RunTime:0.001000s ]

[ 2015-01-18T11:16:00+08:00 ] 127.0.0.1 /quickmobile/api.php?s=mobile/public/login&os_version=4.4&os=Android&api_version=1&t=111111&uuid=99&token=d7de46680b48762bccc1a305b0d12f75
INFO: [ app_init ] --START--
INFO: Run Common\Behavior\InitHook [ RunTime:0.006000s ]
INFO: [ app_init ] --END-- [ RunTime:0.007000s ]
INFO: [ app_begin ] --START--
INFO: Run Behavior\ReadHtmlCache [ RunTime:0.001000s ]
INFO: [ app_begin ] --END-- [ RunTime:0.002000s ]
SQL: SHOW COLUMNS FROM `funtu_ucenter_member` [ RunTime:0.009000s ]
SQL: SELECT * FROM `funtu_ucenter_member` WHERE ( `mobile` = '' ) LIMIT 1   [ RunTime:0.001000s ]

[ 2015-01-18T11:16:00+08:00 ] 127.0.0.1 /quickmobile/api.php?s=mobile/public/login&os_version=4.4&os=Android&api_version=1&t=111111&uuid=99&token=d7de46680b48762bccc1a305b0d12f75
INFO: [ app_init ] --START--
INFO: Run Common\Behavior\InitHook [ RunTime:0.010000s ]
INFO: [ app_init ] --END-- [ RunTime:0.010000s ]
INFO: [ app_begin ] --START--
INFO: Run Behavior\ReadHtmlCache [ RunTime:0.002000s ]
INFO: [ app_begin ] --END-- [ RunTime:0.002000s ]
SQL: SHOW COLUMNS FROM `funtu_ucenter_member` [ RunTime:0.008000s ]
SQL: SELECT * FROM `funtu_ucenter_member` WHERE ( `mobile` = '' ) LIMIT 1   [ RunTime:0.001000s ]

[ 2015-01-18T11:16:00+08:00 ] 127.0.0.1 /quickmobile/api.php?s=mobile/public/login&os_version=4.4&os=Android&api_version=1&t=111111&uuid=99&token=d7de46680b48762bccc1a305b0d12f75
INFO: [ app_init ] --START--
INFO: Run Common\Behavior\InitHook [ RunTime:0.005000s ]
INFO: [ app_init ] --END-- [ RunTime:0.006000s ]
INFO: [ app_begin ] --START--
INFO: Run Behavior\ReadHtmlCache [ RunTime:0.002001s ]
INFO: [ app_begin ] --END-- [ RunTime:0.002001s ]
SQL: SHOW COLUMNS FROM `funtu_ucenter_member` [ RunTime:0.009001s ]
SQL: SELECT * FROM `funtu_ucenter_member` WHERE ( `mobile` = '' ) LIMIT 1   [ RunTime:0.002000s ]

[ 2015-01-18T11:16:00+08:00 ] 127.0.0.1 /quickmobile/api.php?s=mobile/public/login&os_version=4.4&os=Android&api_version=1&t=111111&uuid=99&token=d7de46680b48762bccc1a305b0d12f75
INFO: [ app_init ] --START--
INFO: Run Common\Behavior\InitHook [ RunTime:0.004000s ]
INFO: [ app_init ] --END-- [ RunTime:0.005001s ]
INFO: [ app_begin ] --START--
INFO: Run Behavior\ReadHtmlCache [ RunTime:0.001000s ]
INFO: [ app_begin ] --END-- [ RunTime:0.002000s ]
SQL: SHOW COLUMNS FROM `funtu_ucenter_member` [ RunTime:0.011001s ]
SQL: SELECT * FROM `funtu_ucenter_member` WHERE ( `mobile` = '' ) LIMIT 1   [ RunTime:0.001000s ]

[ 2015-01-18T11:16:01+08:00 ] 127.0.0.1 /quickmobile/api.php?s=mobile/public/login&os_version=4.4&os=Android&api_version=1&t=111111&uuid=99&token=d7de46680b48762bccc1a305b0d12f75
INFO: [ app_init ] --START--
INFO: Run Common\Behavior\InitHook [ RunTime:0.005000s ]
INFO: [ app_init ] --END-- [ RunTime:0.006000s ]
INFO: [ app_begin ] --START--
INFO: Run Behavior\ReadHtmlCache [ RunTime:0.002000s ]
INFO: [ app_begin ] --END-- [ RunTime:0.003000s ]
SQL: SHOW COLUMNS FROM `funtu_ucenter_member` [ RunTime:0.013000s ]
SQL: SELECT * FROM `funtu_ucenter_member` WHERE ( `mobile` = '' ) LIMIT 1   [ RunTime:0.002000s ]

[ 2015-01-18T11:16:01+08:00 ] 127.0.0.1 /quickmobile/api.php?s=mobile/public/login&os_version=4.4&os=Android&api_version=1&t=111111&uuid=99&token=d7de46680b48762bccc1a305b0d12f75
INFO: [ app_init ] --START--
INFO: Run Common\Behavior\InitHook [ RunTime:0.004000s ]
INFO: [ app_init ] --END-- [ RunTime:0.006000s ]
INFO: [ app_begin ] --START--
INFO: Run Behavior\ReadHtmlCache [ RunTime:0.002000s ]
INFO: [ app_begin ] --END-- [ RunTime:0.002000s ]
SQL: SHOW COLUMNS FROM `funtu_ucenter_member` [ RunTime:0.010001s ]
SQL: SELECT * FROM `funtu_ucenter_member` WHERE ( `mobile` = '' ) LIMIT 1   [ RunTime:0.001000s ]

[ 2015-01-18T11:16:01+08:00 ] 127.0.0.1 /quickmobile/api.php?s=mobile/public/login&os_version=4.4&os=Android&api_version=1&t=111111&uuid=99&token=d7de46680b48762bccc1a305b0d12f75
INFO: [ app_init ] --START--
INFO: Run Common\Behavior\InitHook [ RunTime:0.005000s ]
INFO: [ app_init ] --END-- [ RunTime:0.006000s ]
INFO: [ app_begin ] --START--
INFO: Run Behavior\ReadHtmlCache [ RunTime:0.001001s ]
INFO: [ app_begin ] --END-- [ RunTime:0.002001s ]
SQL: SHOW COLUMNS FROM `funtu_ucenter_member` [ RunTime:0.011000s ]
SQL: SELECT * FROM `funtu_ucenter_member` WHERE ( `mobile` = '' ) LIMIT 1   [ RunTime:0.001001s ]

[ 2015-01-18T11:16:01+08:00 ] 127.0.0.1 /quickmobile/api.php?s=mobile/public/login&os_version=4.4&os=Android&api_version=1&t=111111&uuid=99&token=d7de46680b48762bccc1a305b0d12f75
INFO: [ app_init ] --START--
INFO: Run Common\Behavior\InitHook [ RunTime:0.004000s ]
INFO: [ app_init ] --END-- [ RunTime:0.005000s ]
INFO: [ app_begin ] --START--
INFO: Run Behavior\ReadHtmlCache [ RunTime:0.002001s ]
INFO: [ app_begin ] --END-- [ RunTime:0.002001s ]
SQL: SHOW COLUMNS FROM `funtu_ucenter_member` [ RunTime:0.011001s ]
SQL: SELECT * FROM `funtu_ucenter_member` WHERE ( `mobile` = '' ) LIMIT 1   [ RunTime:0.008000s ]

[ 2015-01-18T11:16:01+08:00 ] 127.0.0.1 /quickmobile/api.php?s=mobile/public/login&os_version=4.4&os=Android&api_version=1&t=111111&uuid=99&token=d7de46680b48762bccc1a305b0d12f75
INFO: [ app_init ] --START--
INFO: Run Common\Behavior\InitHook [ RunTime:0.006000s ]
INFO: [ app_init ] --END-- [ RunTime:0.007000s ]
INFO: [ app_begin ] --START--
INFO: Run Behavior\ReadHtmlCache [ RunTime:0.003000s ]
INFO: [ app_begin ] --END-- [ RunTime:0.003000s ]
SQL: SHOW COLUMNS FROM `funtu_ucenter_member` [ RunTime:0.015000s ]
SQL: SELECT * FROM `funtu_ucenter_member` WHERE ( `mobile` = '' ) LIMIT 1   [ RunTime:0.001000s ]

[ 2015-01-18T11:16:02+08:00 ] 127.0.0.1 /quickmobile/api.php?s=mobile/public/login&os_version=4.4&os=Android&api_version=1&t=111111&uuid=99&token=d7de46680b48762bccc1a305b0d12f75
INFO: [ app_init ] --START--
INFO: Run Common\Behavior\InitHook [ RunTime:0.005000s ]
INFO: [ app_init ] --END-- [ RunTime:0.007000s ]
INFO: [ app_begin ] --START--
INFO: Run Behavior\ReadHtmlCache [ RunTime:0.001000s ]
INFO: [ app_begin ] --END-- [ RunTime:0.002000s ]
SQL: SHOW COLUMNS FROM `funtu_ucenter_member` [ RunTime:0.014001s ]
SQL: SELECT * FROM `funtu_ucenter_member` WHERE ( `mobile` = '' ) LIMIT 1   [ RunTime:0.001000s ]

[ 2015-01-18T11:16:02+08:00 ] 127.0.0.1 /quickmobile/api.php?s=mobile/public/login&os_version=4.4&os=Android&api_version=1&t=111111&uuid=99&token=d7de46680b48762bccc1a305b0d12f75
INFO: [ app_init ] --START--
INFO: Run Common\Behavior\InitHook [ RunTime:0.004000s ]
INFO: [ app_init ] --END-- [ RunTime:0.007000s ]
INFO: [ app_begin ] --START--
INFO: Run Behavior\ReadHtmlCache [ RunTime:0.001000s ]
INFO: [ app_begin ] --END-- [ RunTime:0.002000s ]
SQL: SHOW COLUMNS FROM `funtu_ucenter_member` [ RunTime:0.011000s ]
SQL: SELECT * FROM `funtu_ucenter_member` WHERE ( `mobile` = '' ) LIMIT 1   [ RunTime:0.001000s ]

[ 2015-01-18T11:16:27+08:00 ] 127.0.0.1 /quickmobile/api.php?s=mobile/public/login&os_version=4.4&os=Android&api_version=1&t=111111&uuid=99&token=d7de46680b48762bccc1a305b0d12f75
INFO: [ app_init ] --START--
INFO: Run Common\Behavior\InitHook [ RunTime:0.007001s ]
INFO: [ app_init ] --END-- [ RunTime:0.009001s ]
INFO: [ app_begin ] --START--
INFO: Run Behavior\ReadHtmlCache [ RunTime:0.002000s ]
INFO: [ app_begin ] --END-- [ RunTime:0.003000s ]

[ 2015-01-18T11:17:05+08:00 ] 127.0.0.1 /quickmobile/api.php?s=mobile/public/login&os_version=4.4&os=Android&api_version=1&t=111111&uuid=99&token=d7de46680b48762bccc1a305b0d12f75
INFO: [ app_init ] --START--
INFO: Run Common\Behavior\InitHook [ RunTime:0.004000s ]
INFO: [ app_init ] --END-- [ RunTime:0.005000s ]
INFO: [ app_begin ] --START--
INFO: Run Behavior\ReadHtmlCache [ RunTime:0.001001s ]
INFO: [ app_begin ] --END-- [ RunTime:0.002001s ]
SQL: SHOW COLUMNS FROM `funtu_ucenter_member` [ RunTime:0.008000s ]
SQL: SELECT * FROM `funtu_ucenter_member` WHERE ( `mobile` = '' ) LIMIT 1   [ RunTime:0.001000s ]

[ 2015-01-18T11:17:28+08:00 ] 127.0.0.1 /quickmobile/api.php?s=mobile/public/login&os_version=4.4&os=Android&api_version=1&t=111111&uuid=99&token=d7de46680b48762bccc1a305b0d12f75
INFO: [ app_init ] --START--
INFO: Run Common\Behavior\InitHook [ RunTime:0.004000s ]
INFO: [ app_init ] --END-- [ RunTime:0.006000s ]
INFO: [ app_begin ] --START--
INFO: Run Behavior\ReadHtmlCache [ RunTime:0.001000s ]
INFO: [ app_begin ] --END-- [ RunTime:0.003000s ]
SQL: SHOW COLUMNS FROM `funtu_ucenter_member` [ RunTime:0.009001s ]
SQL: SELECT * FROM `funtu_ucenter_member` WHERE ( `mobile` = '' ) LIMIT 1   [ RunTime:0.002000s ]
NOTIC: DÊñπÊ≥ïÂÆû‰æãÂåñÊ≤°ÊâæÂà∞Ê®°ÂûãÁ±ªApplication\Member\Model\MemberModel
SQL: SHOW COLUMNS FROM `funtu_member` [ RunTime:0.049002s ]
ERR: Think\Model:loginÊñπÊ≥ï‰∏çÂ≠òÂú®ÔºÅ

[ 2015-01-18T11:17:46+08:00 ] 127.0.0.1 /quickmobile/api.php?s=mobile/public/login&os_version=4.4&os=Android&api_version=1&t=111111&uuid=99&token=d7de46680b48762bccc1a305b0d12f75
INFO: [ app_init ] --START--
INFO: Run Common\Behavior\InitHook [ RunTime:0.004001s ]
INFO: [ app_init ] --END-- [ RunTime:0.005001s ]
INFO: [ app_begin ] --START--
INFO: Run Behavior\ReadHtmlCache [ RunTime:0.002000s ]
INFO: [ app_begin ] --END-- [ RunTime:0.002000s ]
SQL: SHOW COLUMNS FROM `funtu_ucenter_member` [ RunTime:0.013001s ]
SQL: SELECT * FROM `funtu_ucenter_member` WHERE ( `mobile` = '' ) LIMIT 1   [ RunTime:0.002000s ]
NOTIC: DÊñπÊ≥ïÂÆû‰æãÂåñÊ≤°ÊâæÂà∞Ê®°ÂûãÁ±ªApplication\Member\Model\MemberModel
SQL: SHOW COLUMNS FROM `funtu_member` [ RunTime:0.008000s ]
ERR: Think\Model:loginÊñπÊ≥ï‰∏çÂ≠òÂú®ÔºÅ

[ 2015-01-18T11:17:47+08:00 ] 127.0.0.1 /quickmobile/api.php?s=mobile/public/login&os_version=4.4&os=Android&api_version=1&t=111111&uuid=99&token=d7de46680b48762bccc1a305b0d12f75
INFO: [ app_init ] --START--
INFO: Run Common\Behavior\InitHook [ RunTime:0.004001s ]
INFO: [ app_init ] --END-- [ RunTime:0.006001s ]
INFO: [ app_begin ] --START--
INFO: Run Behavior\ReadHtmlCache [ RunTime:0.001000s ]
INFO: [ app_begin ] --END-- [ RunTime:0.002000s ]
SQL: SHOW COLUMNS FROM `funtu_ucenter_member` [ RunTime:0.009000s ]
SQL: SELECT * FROM `funtu_ucenter_member` WHERE ( `mobile` = '' ) LIMIT 1   [ RunTime:0.001001s ]
NOTIC: DÊñπÊ≥ïÂÆû‰æãÂåñÊ≤°ÊâæÂà∞Ê®°ÂûãÁ±ªApplication\Member\Model\MemberModel
SQL: SHOW COLUMNS FROM `funtu_member` [ RunTime:0.008000s ]
ERR: Think\Model:loginÊñπÊ≥ï‰∏çÂ≠òÂú®ÔºÅ

[ 2015-01-18T11:17:47+08:00 ] 127.0.0.1 /quickmobile/api.php?s=mobile/public/login&os_version=4.4&os=Android&api_version=1&t=111111&uuid=99&token=d7de46680b48762bccc1a305b0d12f75
INFO: [ app_init ] --START--
INFO: Run Common\Behavior\InitHook [ RunTime:0.005001s ]
INFO: [ app_init ] --END-- [ RunTime:0.006001s ]
INFO: [ app_begin ] --START--
INFO: Run Behavior\ReadHtmlCache [ RunTime:0.001000s ]
INFO: [ app_begin ] --END-- [ RunTime:0.001000s ]
SQL: SHOW COLUMNS FROM `funtu_ucenter_member` [ RunTime:0.013001s ]
SQL: SELECT * FROM `funtu_ucenter_member` WHERE ( `mobile` = '' ) LIMIT 1   [ RunTime:0.002000s ]
NOTIC: DÊñπÊ≥ïÂÆû‰æãÂåñÊ≤°ÊâæÂà∞Ê®°ÂûãÁ±ªApplication\Member\Model\MemberModel
SQL: SHOW COLUMNS FROM `funtu_member` [ RunTime:0.008001s ]
ERR: Think\Model:loginÊñπÊ≥ï‰∏çÂ≠òÂú®ÔºÅ

[ 2015-01-18T11:17:48+08:00 ] 127.0.0.1 /quickmobile/api.php?s=mobile/public/login&os_version=4.4&os=Android&api_version=1&t=111111&uuid=99&token=d7de46680b48762bccc1a305b0d12f75
INFO: [ app_init ] --START--
INFO: Run Common\Behavior\InitHook [ RunTime:0.005001s ]
INFO: [ app_init ] --END-- [ RunTime:0.006001s ]
INFO: [ app_begin ] --START--
INFO: Run Behavior\ReadHtmlCache [ RunTime:0.001000s ]
INFO: [ app_begin ] --END-- [ RunTime:0.001000s ]
SQL: SHOW COLUMNS FROM `funtu_ucenter_member` [ RunTime:0.010000s ]
SQL: SELECT * FROM `funtu_ucenter_member` WHERE ( `mobile` = '' ) LIMIT 1   [ RunTime:0.001000s ]
NOTIC: DÊñπÊ≥ïÂÆû‰æãÂåñÊ≤°ÊâæÂà∞Ê®°ÂûãÁ±ªApplication\Member\Model\MemberModel
SQL: SHOW COLUMNS FROM `funtu_member` [ RunTime:0.010001s ]
ERR: Think\Model:loginÊñπÊ≥ï‰∏çÂ≠òÂú®ÔºÅ

[ 2015-01-18T11:17:48+08:00 ] 127.0.0.1 /quickmobile/api.php?s=mobile/public/login&os_version=4.4&os=Android&api_version=1&t=111111&uuid=99&token=d7de46680b48762bccc1a305b0d12f75
INFO: [ app_init ] --START--
INFO: Run Common\Behavior\InitHook [ RunTime:0.005000s ]
INFO: [ app_init ] --END-- [ RunTime:0.006000s ]
INFO: [ app_begin ] --START--
INFO: Run Behavior\ReadHtmlCache [ RunTime:0.001000s ]
INFO: [ app_begin ] --END-- [ RunTime:0.002000s ]
SQL: SHOW COLUMNS FROM `funtu_ucenter_member` [ RunTime:0.010000s ]
SQL: SELECT * FROM `funtu_ucenter_member` WHERE ( `mobile` = '' ) LIMIT 1   [ RunTime:0.002000s ]
NOTIC: DÊñπÊ≥ïÂÆû‰æãÂåñÊ≤°ÊâæÂà∞Ê®°ÂûãÁ±ªApplication\Member\Model\MemberModel
SQL: SHOW COLUMNS FROM `funtu_member` [ RunTime:0.009001s ]
ERR: Think\Model:loginÊñπÊ≥ï‰∏çÂ≠òÂú®ÔºÅ

[ 2015-01-18T11:18:13+08:00 ] 127.0.0.1 /quickmobile/api.php?s=mobile/public/login&os_version=4.4&os=Android&api_version=1&t=111111&uuid=99&token=d7de46680b48762bccc1a305b0d12f75
INFO: [ app_init ] --START--
INFO: Run Common\Behavior\InitHook [ RunTime:0.006000s ]
INFO: [ app_init ] --END-- [ RunTime:0.008000s ]
INFO: [ app_begin ] --START--
INFO: Run Behavior\ReadHtmlCache [ RunTime:0.002001s ]
INFO: [ app_begin ] --END-- [ RunTime:0.003001s ]
SQL: SHOW COLUMNS FROM `funtu_ucenter_member` [ RunTime:0.008001s ]
SQL: SELECT * FROM `funtu_ucenter_member` WHERE ( `mobile` = '' ) LIMIT 1   [ RunTime:0.001000s ]
SQL: SHOW COLUMNS FROM `funtu_member` [ RunTime:0.009001s ]
SQL: SELECT `uid`,`nickname`,`sex`,`birthday`,`qq`,`score`,`login`,`reg_ip`,`reg_time`,`last_login_ip`,`last_login_time`,`status` FROM `funtu_member` WHERE ( `uid` = -2 ) LIMIT 1   [ RunTime:0.082005s ]
SQL: SHOW COLUMNS FROM `funtu_ucenter_member` [ RunTime:0.011000s ]
SQL: SELECT `id`,`username`,`email`,`mobile`,`status` FROM `funtu_ucenter_member` WHERE ( `id` = -2 ) LIMIT 1   [ RunTime:0.001000s ]
SQL: INSERT INTO `funtu_member` (`nickname`,`status`,`login`,`reg_ip`,`reg_time`,`last_login_ip`,`last_login_time`,`uid`) VALUES (null,1,0,'2130706433',1421551093,0,0,-2) [ RunTime:0.020001s ]
ERR: 1048:Le champ 'nickname' ne peut √™tre vide (null)
 [ SQLËØ≠Âè• ] : INSERT INTO `funtu_member` (`nickname`,`status`,`login`,`reg_ip`,`reg_time`,`last_login_ip`,`last_login_time`,`uid`) VALUES (null,1,0,'2130706433',1421551093,0,0,-2)

[ 2015-01-18T12:12:33+08:00 ] 127.0.0.1 /quickmobile/api.php?s=mobile/public/login&os_version=4.4&os=Android&api_version=1&t=111111&uuid=99&token=d7de46680b48762bccc1a305b0d12f75
INFO: [ app_init ] --START--
INFO: Run Common\Behavior\InitHook [ RunTime:0.020001s ]
INFO: [ app_init ] --END-- [ RunTime:0.021001s ]
INFO: [ app_begin ] --START--
INFO: Run Behavior\ReadHtmlCache [ RunTime:0.002000s ]
INFO: [ app_begin ] --END-- [ RunTime:0.002000s ]
SQL: SHOW COLUMNS FROM `funtu_ucenter_member` [ RunTime:0.007001s ]
SQL: SELECT * FROM `funtu_ucenter_member` WHERE ( `mobile` = '' ) LIMIT 1   [ RunTime:0.003000s ]

