[ 2015-01-24T17:33:06+08:00 ] 127.0.0.1 /quickmobile/api.php?s=mobile/feed/listfeeds&os_version=4.4&os=Android&api_version=1&t=111111&uuid=99&token=d7de46680b48762bccc1a305b0d12f75&tel=15133628736&password=1234560
INFO: [ app_init ] --START--
INFO: Run Common\Behavior\InitHook [ RunTime:0.010000s ]
INFO: [ app_init ] --END-- [ RunTime:0.011001s ]
INFO: [ app_begin ] --START--
INFO: Run Behavior\ReadHtmlCache [ RunTime:0.002000s ]
INFO: [ app_begin ] --END-- [ RunTime:0.003000s ]

[ 2015-01-24T17:33:08+08:00 ] 127.0.0.1 /quickmobile/api.php?s=mobile/feed/listfeeds&os_version=4.4&os=Android&api_version=1&t=111111&uuid=99&token=d7de46680b48762bccc1a305b0d12f75&tel=15133628736&password=1234560
INFO: [ app_init ] --START--
INFO: Run Common\Behavior\InitHook [ RunTime:0.005001s ]
INFO: [ app_init ] --END-- [ RunTime:0.007001s ]
INFO: [ app_begin ] --START--
INFO: Run Behavior\ReadHtmlCache [ RunTime:0.001000s ]
INFO: [ app_begin ] --END-- [ RunTime:0.001000s ]

[ 2015-01-24T17:33:23+08:00 ] 127.0.0.1 /quickmobile/api.php?s=mobile/feed/listfeeds&os_version=4.4&os=Android&api_version=1&t=111111&uuid=99&token=d7de46680b48762bccc1a305b0d12f75&tel=15133628736&password=1234560
INFO: [ app_init ] --START--
INFO: Run Common\Behavior\InitHook [ RunTime:0.000000s ]
INFO: [ app_init ] --END-- [ RunTime:0.000000s ]
INFO: [ app_begin ] --START--
INFO: Run Behavior\ReadHtmlCache [ RunTime:0.015600s ]
INFO: [ app_begin ] --END-- [ RunTime:0.015600s ]

[ 2015-01-24T17:34:00+08:00 ] 127.0.0.1 /quickmobile/api.php?s=mobile/feed/listfeeds&os_version=4.4&os=Android&api_version=1&t=111111&uuid=99&token=d7de46680b48762bccc1a305b0d12f75&tel=15133628736&password=1234560
INFO: [ app_init ] --START--
INFO: Run Common\Behavior\InitHook [ RunTime:0.047003s ]
INFO: [ app_init ] --END-- [ RunTime:0.048003s ]
INFO: [ app_begin ] --START--
INFO: Run Behavior\ReadHtmlCache [ RunTime:0.002000s ]
INFO: [ app_begin ] --END-- [ RunTime:0.002000s ]

[ 2015-01-24T17:34:00+08:00 ] 127.0.0.1 /quickmobile/api.php?s=mobile/feed/listfeeds&os_version=4.4&os=Android&api_version=1&t=111111&uuid=99&token=d7de46680b48762bccc1a305b0d12f75&tel=15133628736&password=1234560
INFO: [ app_init ] --START--
INFO: Run Common\Behavior\InitHook [ RunTime:0.005000s ]
INFO: [ app_init ] --END-- [ RunTime:0.006000s ]
INFO: [ app_begin ] --START--
INFO: Run Behavior\ReadHtmlCache [ RunTime:0.002000s ]
INFO: [ app_begin ] --END-- [ RunTime:0.002000s ]

[ 2015-01-24T17:34:34+08:00 ] 127.0.0.1 /quickmobile/api.php?s=mobile/feed/listfeeds&os_version=4.4&os=Android&api_version=1&t=111111&uuid=99&token=d7de46680b48762bccc1a305b0d12f75&tel=15133628736&password=1234560&page=1
INFO: [ app_init ] --START--
INFO: Run Common\Behavior\InitHook [ RunTime:0.005000s ]
INFO: [ app_init ] --END-- [ RunTime:0.006000s ]
INFO: [ app_begin ] --START--
INFO: Run Behavior\ReadHtmlCache [ RunTime:0.006001s ]
INFO: [ app_begin ] --END-- [ RunTime:0.006001s ]
SQL: SHOW COLUMNS FROM `funtu_feed` [ RunTime:0.015001s ]
SQL: SHOW COLUMNS FROM `funtu_feed_comment` [ RunTime:0.010001s ]
SQL: SELECT `uid`,`content`,`create_time`,`comment_count`,`status`,`is_top`,`type`,`data`,`repost_count`,`location`,`ip`,`md5`,`from` FROM `funtu_feed` ORDER BY comment_count desc,create_timedesc LIMIT 0,20   [ RunTime:0.001000s ]
ERR: 1054:Champ 'create_timedesc' inconnu dans order clause
 [ SQL语句 ] : SELECT `uid`,`content`,`create_time`,`comment_count`,`status`,`is_top`,`type`,`data`,`repost_count`,`location`,`ip`,`md5`,`from` FROM `funtu_feed` ORDER BY comment_count desc,create_timedesc LIMIT 0,20  

[ 2015-01-24T17:35:55+08:00 ] 127.0.0.1 /quickmobile/api.php?s=mobile/feed/listfeeds&os_version=4.4&os=Android&api_version=1&t=111111&uuid=99&token=d7de46680b48762bccc1a305b0d12f75&tel=15133628736&password=1234560&page=1
INFO: [ app_init ] --START--
INFO: Run Common\Behavior\InitHook [ RunTime:0.015600s ]
INFO: [ app_init ] --END-- [ RunTime:0.015600s ]
INFO: [ app_begin ] --START--
INFO: Run Behavior\ReadHtmlCache [ RunTime:0.000000s ]
INFO: [ app_begin ] --END-- [ RunTime:0.000000s ]
SQL: SHOW COLUMNS FROM `funtu_feed` [ RunTime:0.015600s ]
SQL: SHOW COLUMNS FROM `funtu_feed_comment` [ RunTime:0.000000s ]
SQL: SELECT `uid`,`content`,`create_time`,`comment_count`,`status`,`is_top`,`type`,`data`,`repost_count`,`location`,`ip`,`md5`,`from` FROM `funtu_feed` ORDER BY comment_count desc,create_timedesc LIMIT 0,20   [ RunTime:0.000000s ]
ERR: 1054:Champ 'create_timedesc' inconnu dans order clause
 [ SQL语句 ] : SELECT `uid`,`content`,`create_time`,`comment_count`,`status`,`is_top`,`type`,`data`,`repost_count`,`location`,`ip`,`md5`,`from` FROM `funtu_feed` ORDER BY comment_count desc,create_timedesc LIMIT 0,20  

[ 2015-01-24T17:35:56+08:00 ] 127.0.0.1 /quickmobile/api.php?s=mobile/feed/listfeeds&os_version=4.4&os=Android&api_version=1&t=111111&uuid=99&token=d7de46680b48762bccc1a305b0d12f75&tel=15133628736&password=1234560&page=1
INFO: [ app_init ] --START--
INFO: Run Common\Behavior\InitHook [ RunTime:0.000000s ]
INFO: [ app_init ] --END-- [ RunTime:0.000000s ]
INFO: [ app_begin ] --START--
INFO: Run Behavior\ReadHtmlCache [ RunTime:0.015600s ]
INFO: [ app_begin ] --END-- [ RunTime:0.015600s ]
SQL: SHOW COLUMNS FROM `funtu_feed` [ RunTime:0.015600s ]
SQL: SHOW COLUMNS FROM `funtu_feed_comment` [ RunTime:0.000000s ]
SQL: SELECT `uid`,`content`,`create_time`,`comment_count`,`status`,`is_top`,`type`,`data`,`repost_count`,`location`,`ip`,`md5`,`from` FROM `funtu_feed` ORDER BY comment_count desc,create_timedesc LIMIT 0,20   [ RunTime:0.000000s ]
ERR: 1054:Champ 'create_timedesc' inconnu dans order clause
 [ SQL语句 ] : SELECT `uid`,`content`,`create_time`,`comment_count`,`status`,`is_top`,`type`,`data`,`repost_count`,`location`,`ip`,`md5`,`from` FROM `funtu_feed` ORDER BY comment_count desc,create_timedesc LIMIT 0,20  

[ 2015-01-24T17:37:13+08:00 ] 127.0.0.1 /quickmobile/api.php?s=mobile/feed/listfeeds&os_version=4.4&os=Android&api_version=1&t=111111&uuid=99&token=d7de46680b48762bccc1a305b0d12f75&tel=15133628736&password=1234560&page=1
INFO: [ app_init ] --START--
INFO: Run Common\Behavior\InitHook [ RunTime:0.005001s ]
INFO: [ app_init ] --END-- [ RunTime:0.007001s ]
INFO: [ app_begin ] --START--
INFO: Run Behavior\ReadHtmlCache [ RunTime:0.002000s ]
INFO: [ app_begin ] --END-- [ RunTime:0.002000s ]
SQL: SHOW COLUMNS FROM `funtu_feed` [ RunTime:0.007000s ]
SQL: SHOW COLUMNS FROM `funtu_feed_comment` [ RunTime:0.007000s ]
SQL: SELECT `uid`,`content`,`create_time`,`comment_count`,`status`,`is_top`,`type`,`data`,`repost_count`,`location`,`ip`,`md5`,`from` FROM `funtu_feed` ORDER BY comment_count desc,create_timedesc LIMIT 0,20   [ RunTime:0.000000s ]
ERR: 1054:Champ 'create_timedesc' inconnu dans order clause
 [ SQL语句 ] : SELECT `uid`,`content`,`create_time`,`comment_count`,`status`,`is_top`,`type`,`data`,`repost_count`,`location`,`ip`,`md5`,`from` FROM `funtu_feed` ORDER BY comment_count desc,create_timedesc LIMIT 0,20  

[ 2015-01-24T17:37:14+08:00 ] 127.0.0.1 /quickmobile/api.php?s=mobile/feed/listfeeds&os_version=4.4&os=Android&api_version=1&t=111111&uuid=99&token=d7de46680b48762bccc1a305b0d12f75&tel=15133628736&password=1234560&page=1
INFO: [ app_init ] --START--
INFO: Run Common\Behavior\InitHook [ RunTime:0.006001s ]
INFO: [ app_init ] --END-- [ RunTime:0.007001s ]
INFO: [ app_begin ] --START--
INFO: Run Behavior\ReadHtmlCache [ RunTime:0.002000s ]
INFO: [ app_begin ] --END-- [ RunTime:0.002000s ]
SQL: SHOW COLUMNS FROM `funtu_feed` [ RunTime:0.014001s ]
SQL: SHOW COLUMNS FROM `funtu_feed_comment` [ RunTime:0.008001s ]
SQL: SELECT `uid`,`content`,`create_time`,`comment_count`,`status`,`is_top`,`type`,`data`,`repost_count`,`location`,`ip`,`md5`,`from` FROM `funtu_feed` ORDER BY comment_count desc,create_timedesc LIMIT 0,20   [ RunTime:0.001000s ]
ERR: 1054:Champ 'create_timedesc' inconnu dans order clause
 [ SQL语句 ] : SELECT `uid`,`content`,`create_time`,`comment_count`,`status`,`is_top`,`type`,`data`,`repost_count`,`location`,`ip`,`md5`,`from` FROM `funtu_feed` ORDER BY comment_count desc,create_timedesc LIMIT 0,20  

[ 2015-01-24T17:38:30+08:00 ] 127.0.0.1 /quickmobile/api.php?s=mobile/feed/listfeeds&os_version=4.4&os=Android&api_version=1&t=111111&uuid=99&token=d7de46680b48762bccc1a305b0d12f75&tel=15133628736&password=1234560&page=1
INFO: [ app_init ] --START--
INFO: Run Common\Behavior\InitHook [ RunTime:0.005001s ]
INFO: [ app_init ] --END-- [ RunTime:0.006001s ]
INFO: [ app_begin ] --START--
INFO: Run Behavior\ReadHtmlCache [ RunTime:0.001000s ]
INFO: [ app_begin ] --END-- [ RunTime:0.002000s ]
SQL: SHOW COLUMNS FROM `funtu_feed` [ RunTime:0.009001s ]
SQL: SHOW COLUMNS FROM `funtu_feed_comment` [ RunTime:0.010001s ]
SQL: SELECT `uid`,`content`,`create_time`,`comment_count`,`status`,`is_top`,`type`,`data`,`repost_count`,`location`,`ip`,`md5`,`from` FROM `funtu_feed` ORDER BY comment_count desc,create_time desc LIMIT 0,20   [ RunTime:0.074004s ]
SQL: SHOW COLUMNS FROM `funtu_member` [ RunTime:0.009001s ]
NOTIC: [8] Undefined index: id D:\wamp\www\quickmobile\Application\Feed\Api\FeedApi.class.php 第 33 行.
SQL: SELECT `id`,`nickname`,`uid`,`birthday`,`sex`,`avatar`,`qq`,`score` FROM `funtu_member` WHERE ( `uid` = 1 ) LIMIT 1   [ RunTime:0.009000s ]
ERR: 1054:Champ 'id' inconnu dans field list
 [ SQL语句 ] : SELECT `id`,`nickname`,`uid`,`birthday`,`sex`,`avatar`,`qq`,`score` FROM `funtu_member` WHERE ( `uid` = 1 ) LIMIT 1  
NOTIC: [8] Undefined index: id D:\wamp\www\quickmobile\Application\Feed\Api\FeedApi.class.php 第 38 行.
NOTIC: [8] Undefined index: id D:\wamp\www\quickmobile\Application\Feed\Api\FeedApi.class.php 第 33 行.
NOTIC: [8] Undefined index: id D:\wamp\www\quickmobile\Application\Feed\Api\FeedApi.class.php 第 33 行.
NOTIC: [8] Undefined index: id D:\wamp\www\quickmobile\Application\Feed\Api\FeedApi.class.php 第 33 行.

[ 2015-01-24T17:38:30+08:00 ] 127.0.0.1 /quickmobile/api.php?s=mobile/feed/listfeeds&os_version=4.4&os=Android&api_version=1&t=111111&uuid=99&token=d7de46680b48762bccc1a305b0d12f75&tel=15133628736&password=1234560&page=1
INFO: [ app_init ] --START--
INFO: Run Common\Behavior\InitHook [ RunTime:0.006001s ]
INFO: [ app_init ] --END-- [ RunTime:0.007001s ]
INFO: [ app_begin ] --START--
INFO: Run Behavior\ReadHtmlCache [ RunTime:0.001000s ]
INFO: [ app_begin ] --END-- [ RunTime:0.001000s ]
SQL: SHOW COLUMNS FROM `funtu_feed` [ RunTime:0.008001s ]
SQL: SHOW COLUMNS FROM `funtu_feed_comment` [ RunTime:0.007001s ]
SQL: SELECT `uid`,`content`,`create_time`,`comment_count`,`status`,`is_top`,`type`,`data`,`repost_count`,`location`,`ip`,`md5`,`from` FROM `funtu_feed` ORDER BY comment_count desc,create_time desc LIMIT 0,20   [ RunTime:0.000000s ]
SQL: SHOW COLUMNS FROM `funtu_member` [ RunTime:0.010000s ]
NOTIC: [8] Undefined index: id D:\wamp\www\quickmobile\Application\Feed\Api\FeedApi.class.php 第 33 行.
NOTIC: [8] Undefined index: id D:\wamp\www\quickmobile\Application\Feed\Api\FeedApi.class.php 第 33 行.
NOTIC: [8] Undefined index: id D:\wamp\www\quickmobile\Application\Feed\Api\FeedApi.class.php 第 33 行.
NOTIC: [8] Undefined index: id D:\wamp\www\quickmobile\Application\Feed\Api\FeedApi.class.php 第 33 行.

[ 2015-01-24T17:44:32+08:00 ] 127.0.0.1 /quickmobile/api.php?s=mobile/feed/listfeeds&os_version=4.4&os=Android&api_version=1&t=111111&uuid=99&token=d7de46680b48762bccc1a305b0d12f75&tel=15133628736&password=1234560&page=1
INFO: [ app_init ] --START--
INFO: Run Common\Behavior\InitHook [ RunTime:0.005000s ]
INFO: [ app_init ] --END-- [ RunTime:0.007000s ]
INFO: [ app_begin ] --START--
INFO: Run Behavior\ReadHtmlCache [ RunTime:0.001000s ]
INFO: [ app_begin ] --END-- [ RunTime:0.002000s ]
SQL: SHOW COLUMNS FROM `funtu_feed` [ RunTime:0.009001s ]
SQL: SHOW COLUMNS FROM `funtu_feed_comment` [ RunTime:0.010000s ]
SQL: SELECT `uid`,`content`,`create_time`,`comment_count`,`status`,`is_top`,`type`,`data`,`repost_count`,`location`,`ip`,`md5`,`from` FROM `funtu_feed` ORDER BY comment_count desc,create_time desc LIMIT 0,20   [ RunTime:0.001001s ]
SQL: SHOW COLUMNS FROM `funtu_member` [ RunTime:0.009000s ]
NOTIC: [8] Undefined index: id D:\wamp\www\quickmobile\Application\Feed\Api\FeedApi.class.php 第 32 行.
NOTIC: [8] Undefined index: id D:\wamp\www\quickmobile\Application\Feed\Api\FeedApi.class.php 第 32 行.
NOTIC: [8] Undefined index: id D:\wamp\www\quickmobile\Application\Feed\Api\FeedApi.class.php 第 32 行.
NOTIC: [8] Undefined index: id D:\wamp\www\quickmobile\Application\Feed\Api\FeedApi.class.php 第 32 行.

[ 2015-01-24T17:45:02+08:00 ] 127.0.0.1 /quickmobile/api.php?s=mobile/feed/listfeeds&os_version=4.4&os=Android&api_version=1&t=111111&uuid=99&token=d7de46680b48762bccc1a305b0d12f75&tel=15133628736&password=1234560&page=1
INFO: [ app_init ] --START--
INFO: Run Common\Behavior\InitHook [ RunTime:0.006001s ]
INFO: [ app_init ] --END-- [ RunTime:0.006001s ]
INFO: [ app_begin ] --START--
INFO: Run Behavior\ReadHtmlCache [ RunTime:0.001000s ]
INFO: [ app_begin ] --END-- [ RunTime:0.002000s ]
SQL: SHOW COLUMNS FROM `funtu_feed` [ RunTime:0.010000s ]
SQL: SHOW COLUMNS FROM `funtu_feed_comment` [ RunTime:0.008001s ]
SQL: SELECT `uid`,`content`,`create_time`,`comment_count`,`status`,`is_top`,`type`,`data`,`repost_count`,`location`,`ip`,`md5`,`from` FROM `funtu_feed` ORDER BY comment_count desc,create_time desc LIMIT 0,20   [ RunTime:0.001000s ]
SQL: SHOW COLUMNS FROM `funtu_member` [ RunTime:0.011001s ]
SQL: SELECT `id`,`nickname`,`uid`,`birthday`,`sex`,`avatar`,`qq`,`score` FROM `funtu_member` WHERE ( `uid` = 1 ) LIMIT 1   [ RunTime:0.002000s ]
ERR: 1054:Champ 'id' inconnu dans field list
 [ SQL语句 ] : SELECT `id`,`nickname`,`uid`,`birthday`,`sex`,`avatar`,`qq`,`score` FROM `funtu_member` WHERE ( `uid` = 1 ) LIMIT 1  

[ 2015-01-24T17:45:03+08:00 ] 127.0.0.1 /quickmobile/api.php?s=mobile/feed/listfeeds&os_version=4.4&os=Android&api_version=1&t=111111&uuid=99&token=d7de46680b48762bccc1a305b0d12f75&tel=15133628736&password=1234560&page=1
INFO: [ app_init ] --START--
INFO: Run Common\Behavior\InitHook [ RunTime:0.005000s ]
INFO: [ app_init ] --END-- [ RunTime:0.007001s ]
INFO: [ app_begin ] --START--
INFO: Run Behavior\ReadHtmlCache [ RunTime:0.002000s ]
INFO: [ app_begin ] --END-- [ RunTime:0.002000s ]
SQL: SHOW COLUMNS FROM `funtu_feed` [ RunTime:0.012001s ]
SQL: SHOW COLUMNS FROM `funtu_feed_comment` [ RunTime:0.009001s ]
SQL: SELECT `uid`,`content`,`create_time`,`comment_count`,`status`,`is_top`,`type`,`data`,`repost_count`,`location`,`ip`,`md5`,`from` FROM `funtu_feed` ORDER BY comment_count desc,create_time desc LIMIT 0,20   [ RunTime:0.002000s ]
SQL: SHOW COLUMNS FROM `funtu_member` [ RunTime:0.009001s ]
SQL: SELECT `id`,`nickname`,`uid`,`birthday`,`sex`,`avatar`,`qq`,`score` FROM `funtu_member` WHERE ( `uid` = 1 ) LIMIT 1   [ RunTime:0.001000s ]
ERR: 1054:Champ 'id' inconnu dans field list
 [ SQL语句 ] : SELECT `id`,`nickname`,`uid`,`birthday`,`sex`,`avatar`,`qq`,`score` FROM `funtu_member` WHERE ( `uid` = 1 ) LIMIT 1  

[ 2015-01-24T17:45:31+08:00 ] 127.0.0.1 /quickmobile/api.php?s=mobile/feed/listfeeds&os_version=4.4&os=Android&api_version=1&t=111111&uuid=99&token=d7de46680b48762bccc1a305b0d12f75&tel=15133628736&password=1234560&page=1
INFO: [ app_init ] --START--
INFO: Run Common\Behavior\InitHook [ RunTime:0.006000s ]
INFO: [ app_init ] --END-- [ RunTime:0.007000s ]
INFO: [ app_begin ] --START--
INFO: Run Behavior\ReadHtmlCache [ RunTime:0.002000s ]
INFO: [ app_begin ] --END-- [ RunTime:0.002000s ]
SQL: SHOW COLUMNS FROM `funtu_feed` [ RunTime:0.010001s ]
SQL: SHOW COLUMNS FROM `funtu_feed_comment` [ RunTime:0.009000s ]
SQL: SELECT `uid`,`content`,`create_time`,`comment_count`,`status`,`is_top`,`type`,`data`,`repost_count`,`location`,`ip`,`md5`,`from` FROM `funtu_feed` ORDER BY comment_count desc,create_time desc LIMIT 0,20   [ RunTime:0.001001s ]
SQL: SHOW COLUMNS FROM `funtu_member` [ RunTime:0.010000s ]
NOTIC: [8] Undefined index: id D:\wamp\www\quickmobile\Application\Feed\Api\FeedApi.class.php 第 32 行.

[ 2015-01-24T17:49:24+08:00 ] 127.0.0.1 /quickmobile/api.php?s=mobile/feed/listfeeds&os_version=4.4&os=Android&api_version=1&t=111111&uuid=99&token=d7de46680b48762bccc1a305b0d12f75&tel=15133628736&password=1234560&page=1
INFO: [ app_init ] --START--
INFO: Run Common\Behavior\InitHook [ RunTime:0.005000s ]
INFO: [ app_init ] --END-- [ RunTime:0.007000s ]
INFO: [ app_begin ] --START--
INFO: Run Behavior\ReadHtmlCache [ RunTime:0.002001s ]
INFO: [ app_begin ] --END-- [ RunTime:0.002001s ]
SQL: SHOW COLUMNS FROM `funtu_feed` [ RunTime:0.013000s ]
SQL: SHOW COLUMNS FROM `funtu_feed_comment` [ RunTime:0.010000s ]
SQL: SELECT `uid`,`content`,`create_time`,`comment_count`,`status`,`is_top`,`type`,`data`,`repost_count`,`location`,`ip`,`md5`,`from` FROM `funtu_feed` ORDER BY comment_count desc,create_time desc LIMIT 0,20   [ RunTime:0.001000s ]
SQL: SHOW COLUMNS FROM `funtu_member` [ RunTime:0.010001s ]
NOTIC: [8] Undefined index: id D:\wamp\www\quickmobile\Application\Feed\Api\FeedApi.class.php 第 31 行.
NOTIC: [8] Undefined index: id D:\wamp\www\quickmobile\Application\Feed\Api\FeedApi.class.php 第 32 行.

[ 2015-01-24T17:49:24+08:00 ] 127.0.0.1 /quickmobile/api.php?s=mobile/feed/listfeeds&os_version=4.4&os=Android&api_version=1&t=111111&uuid=99&token=d7de46680b48762bccc1a305b0d12f75&tel=15133628736&password=1234560&page=1
INFO: [ app_init ] --START--
INFO: Run Common\Behavior\InitHook [ RunTime:0.007000s ]
INFO: [ app_init ] --END-- [ RunTime:0.008000s ]
INFO: [ app_begin ] --START--
INFO: Run Behavior\ReadHtmlCache [ RunTime:0.002000s ]
INFO: [ app_begin ] --END-- [ RunTime:0.002000s ]
SQL: SHOW COLUMNS FROM `funtu_feed` [ RunTime:0.011000s ]
SQL: SHOW COLUMNS FROM `funtu_feed_comment` [ RunTime:0.060003s ]
SQL: SELECT `uid`,`content`,`create_time`,`comment_count`,`status`,`is_top`,`type`,`data`,`repost_count`,`location`,`ip`,`md5`,`from` FROM `funtu_feed` ORDER BY comment_count desc,create_time desc LIMIT 0,20   [ RunTime:0.001000s ]
SQL: SHOW COLUMNS FROM `funtu_member` [ RunTime:0.012001s ]
NOTIC: [8] Undefined index: id D:\wamp\www\quickmobile\Application\Feed\Api\FeedApi.class.php 第 31 行.
NOTIC: [2] unlink(./Runtime/Temp/cc2271a6b85ded0db3cdd95ad31382b4.php): No such file or directory D:\wamp\www\quickmobile\ThinkPHP\Library\Think\Cache\Driver\File.class.php 第 157 行.
NOTIC: [8] Undefined index: id D:\wamp\www\quickmobile\Application\Feed\Api\FeedApi.class.php 第 32 行.

[ 2015-01-24T17:49:24+08:00 ] 127.0.0.1 /quickmobile/api.php?s=mobile/feed/listfeeds&os_version=4.4&os=Android&api_version=1&t=111111&uuid=99&token=d7de46680b48762bccc1a305b0d12f75&tel=15133628736&password=1234560&page=1
INFO: [ app_init ] --START--
INFO: Run Common\Behavior\InitHook [ RunTime:0.005000s ]
INFO: [ app_init ] --END-- [ RunTime:0.006000s ]
INFO: [ app_begin ] --START--
INFO: Run Behavior\ReadHtmlCache [ RunTime:0.001000s ]
INFO: [ app_begin ] --END-- [ RunTime:0.002000s ]
SQL: SHOW COLUMNS FROM `funtu_feed` [ RunTime:0.011001s ]
SQL: SHOW COLUMNS FROM `funtu_feed_comment` [ RunTime:0.008000s ]
SQL: SELECT `uid`,`content`,`create_time`,`comment_count`,`status`,`is_top`,`type`,`data`,`repost_count`,`location`,`ip`,`md5`,`from` FROM `funtu_feed` ORDER BY comment_count desc,create_time desc LIMIT 0,20   [ RunTime:0.001000s ]
SQL: SHOW COLUMNS FROM `funtu_member` [ RunTime:0.011000s ]
NOTIC: [8] Undefined index: id D:\wamp\www\quickmobile\Application\Feed\Api\FeedApi.class.php 第 31 行.
NOTIC: [2] unlink(./Runtime/Temp/cc2271a6b85ded0db3cdd95ad31382b4.php): No such file or directory D:\wamp\www\quickmobile\ThinkPHP\Library\Think\Cache\Driver\File.class.php 第 157 行.
NOTIC: [8] Undefined index: id D:\wamp\www\quickmobile\Application\Feed\Api\FeedApi.class.php 第 32 行.

[ 2015-01-24T17:49:34+08:00 ] 127.0.0.1 /quickmobile/api.php?s=mobile/feed/listfeeds&os_version=4.4&os=Android&api_version=1&t=111111&uuid=99&token=d7de46680b48762bccc1a305b0d12f75&tel=15133628736&password=1234560&page=1
INFO: [ app_init ] --START--
INFO: Run Common\Behavior\InitHook [ RunTime:0.005000s ]
INFO: [ app_init ] --END-- [ RunTime:0.007000s ]
INFO: [ app_begin ] --START--
INFO: Run Behavior\ReadHtmlCache [ RunTime:0.002000s ]
INFO: [ app_begin ] --END-- [ RunTime:0.002000s ]
SQL: SHOW COLUMNS FROM `funtu_feed` [ RunTime:0.008001s ]
SQL: SHOW COLUMNS FROM `funtu_feed_comment` [ RunTime:0.010000s ]
SQL: SELECT `uid`,`content`,`create_time`,`comment_count`,`status`,`is_top`,`type`,`data`,`repost_count`,`location`,`ip`,`md5`,`from` FROM `funtu_feed` ORDER BY comment_count desc,create_time desc LIMIT 0,20   [ RunTime:0.001000s ]
SQL: SHOW COLUMNS FROM `funtu_member` [ RunTime:0.009000s ]
NOTIC: [8] Undefined index: id D:\wamp\www\quickmobile\Application\Feed\Api\FeedApi.class.php 第 32 行.

[ 2015-01-24T17:49:47+08:00 ] 127.0.0.1 /quickmobile/api.php?s=mobile/feed/listfeeds&os_version=4.4&os=Android&api_version=1&t=111111&uuid=99&token=d7de46680b48762bccc1a305b0d12f75&tel=15133628736&password=1234560&page=1
INFO: [ app_init ] --START--
INFO: Run Common\Behavior\InitHook [ RunTime:0.005000s ]
INFO: [ app_init ] --END-- [ RunTime:0.007000s ]
INFO: [ app_begin ] --START--
INFO: Run Behavior\ReadHtmlCache [ RunTime:0.003000s ]
INFO: [ app_begin ] --END-- [ RunTime:0.003000s ]
SQL: SHOW COLUMNS FROM `funtu_feed` [ RunTime:0.011001s ]
SQL: SHOW COLUMNS FROM `funtu_feed_comment` [ RunTime:0.008000s ]
SQL: SELECT `uid`,`content`,`create_time`,`comment_count`,`status`,`is_top`,`type`,`data`,`repost_count`,`location`,`ip`,`md5`,`from` FROM `funtu_feed` ORDER BY comment_count desc,create_time desc LIMIT 0,20   [ RunTime:0.000000s ]
SQL: SHOW COLUMNS FROM `funtu_member` [ RunTime:0.054003s ]
NOTIC: [8] Undefined index: id D:\wamp\www\quickmobile\Application\Feed\Api\FeedApi.class.php 第 32 行.
SQL: SELECT `id`,`nickname`,`uid`,`birthday`,`sex`,`avatar`,`qq`,`score` FROM `funtu_member` WHERE ( `uid` = 1 ) LIMIT 1   [ RunTime:0.001000s ]
ERR: 1054:Champ 'id' inconnu dans field list
 [ SQL语句 ] : SELECT `id`,`nickname`,`uid`,`birthday`,`sex`,`avatar`,`qq`,`score` FROM `funtu_member` WHERE ( `uid` = 1 ) LIMIT 1  

[ 2015-01-24T17:50:12+08:00 ] 127.0.0.1 /quickmobile/api.php?s=mobile/feed/listfeeds&os_version=4.4&os=Android&api_version=1&t=111111&uuid=99&token=d7de46680b48762bccc1a305b0d12f75&tel=15133628736&password=1234560&page=1
INFO: [ app_init ] --START--
INFO: Run Common\Behavior\InitHook [ RunTime:0.006000s ]
INFO: [ app_init ] --END-- [ RunTime:0.007000s ]
INFO: [ app_begin ] --START--
INFO: Run Behavior\ReadHtmlCache [ RunTime:0.002000s ]
INFO: [ app_begin ] --END-- [ RunTime:0.002000s ]
SQL: SHOW COLUMNS FROM `funtu_feed` [ RunTime:0.017001s ]
SQL: SHOW COLUMNS FROM `funtu_feed_comment` [ RunTime:0.008000s ]
SQL: SELECT `uid`,`content`,`create_time`,`comment_count`,`status`,`is_top`,`type`,`data`,`repost_count`,`location`,`ip`,`md5`,`from` FROM `funtu_feed` ORDER BY comment_count desc,create_time desc LIMIT 0,20   [ RunTime:0.001000s ]
SQL: SHOW COLUMNS FROM `funtu_member` [ RunTime:0.008000s ]
NOTIC: [8] Undefined index: id D:\wamp\www\quickmobile\Application\Feed\Api\FeedApi.class.php 第 32 行.
SQL: SELECT `id`,`nickname`,`uid`,`birthday`,`sex`,`avatar`,`qq`,`score` FROM `funtu_member` WHERE ( `uid` = 1 ) LIMIT 1   [ RunTime:0.001000s ]
ERR: 1054:Champ 'id' inconnu dans field list
 [ SQL语句 ] : SELECT `id`,`nickname`,`uid`,`birthday`,`sex`,`avatar`,`qq`,`score` FROM `funtu_member` WHERE ( `uid` = 1 ) LIMIT 1  

[ 2015-01-24T17:50:12+08:00 ] 127.0.0.1 /quickmobile/api.php?s=mobile/feed/listfeeds&os_version=4.4&os=Android&api_version=1&t=111111&uuid=99&token=d7de46680b48762bccc1a305b0d12f75&tel=15133628736&password=1234560&page=1
INFO: [ app_init ] --START--
INFO: Run Common\Behavior\InitHook [ RunTime:0.003000s ]
INFO: [ app_init ] --END-- [ RunTime:0.005000s ]
INFO: [ app_begin ] --START--
INFO: Run Behavior\ReadHtmlCache [ RunTime:0.001000s ]
INFO: [ app_begin ] --END-- [ RunTime:0.002000s ]
SQL: SHOW COLUMNS FROM `funtu_feed` [ RunTime:0.010000s ]
SQL: SHOW COLUMNS FROM `funtu_feed_comment` [ RunTime:0.010001s ]
SQL: SELECT `uid`,`content`,`create_time`,`comment_count`,`status`,`is_top`,`type`,`data`,`repost_count`,`location`,`ip`,`md5`,`from` FROM `funtu_feed` ORDER BY comment_count desc,create_time desc LIMIT 0,20   [ RunTime:0.002000s ]
SQL: SHOW COLUMNS FROM `funtu_member` [ RunTime:0.010001s ]
NOTIC: [8] Undefined index: id D:\wamp\www\quickmobile\Application\Feed\Api\FeedApi.class.php 第 32 行.
SQL: SELECT `id`,`nickname`,`uid`,`birthday`,`sex`,`avatar`,`qq`,`score` FROM `funtu_member` WHERE ( `uid` = 1 ) LIMIT 1   [ RunTime:0.000000s ]
ERR: 1054:Champ 'id' inconnu dans field list
 [ SQL语句 ] : SELECT `id`,`nickname`,`uid`,`birthday`,`sex`,`avatar`,`qq`,`score` FROM `funtu_member` WHERE ( `uid` = 1 ) LIMIT 1  

[ 2015-01-24T17:52:57+08:00 ] 127.0.0.1 /quickmobile/api.php?s=mobile/feed/listfeeds&os_version=4.4&os=Android&api_version=1&t=111111&uuid=99&token=d7de46680b48762bccc1a305b0d12f75&tel=15133628736&password=1234560&page=1
INFO: [ app_init ] --START--
INFO: Run Common\Behavior\InitHook [ RunTime:0.005000s ]
INFO: [ app_init ] --END-- [ RunTime:0.007000s ]
INFO: [ app_begin ] --START--
INFO: Run Behavior\ReadHtmlCache [ RunTime:0.002000s ]
INFO: [ app_begin ] --END-- [ RunTime:0.002000s ]
SQL: SHOW COLUMNS FROM `funtu_feed` [ RunTime:0.009001s ]
SQL: SHOW COLUMNS FROM `funtu_feed_comment` [ RunTime:0.012000s ]
SQL: SELECT `uid`,`content`,`create_time`,`comment_count`,`status`,`is_top`,`type`,`data`,`repost_count`,`location`,`ip`,`md5`,`from` FROM `funtu_feed` ORDER BY comment_count desc,create_time desc LIMIT 0,20   [ RunTime:0.002000s ]
SQL: SHOW COLUMNS FROM `funtu_member` [ RunTime:0.010000s ]
NOTIC: [8] Undefined index: id D:\wamp\www\quickmobile\Application\Feed\Api\FeedApi.class.php 第 32 行.
SQL: SELECT `uid`,`nickname`,`uid`,`birthday`,`sex`,`avatar`,`qq`,`score` FROM `funtu_member` WHERE ( `uid` = 1 ) LIMIT 1   [ RunTime:0.093005s ]
NOTIC: [8] Undefined index: id D:\wamp\www\quickmobile\Application\Feed\Api\FeedApi.class.php 第 37 行.
NOTIC: [8] Undefined index: id D:\wamp\www\quickmobile\Application\Feed\Api\FeedApi.class.php 第 32 行.
NOTIC: [8] Undefined index: id D:\wamp\www\quickmobile\Application\Feed\Api\FeedApi.class.php 第 32 行.
NOTIC: [8] Undefined index: id D:\wamp\www\quickmobile\Application\Feed\Api\FeedApi.class.php 第 32 行.

[ 2015-01-24T17:54:25+08:00 ] 127.0.0.1 /quickmobile/api.php?s=mobile/feed/listfeeds&os_version=4.4&os=Android&api_version=1&t=111111&uuid=99&token=d7de46680b48762bccc1a305b0d12f75&tel=15133628736&password=1234560&page=1
INFO: [ app_init ] --START--
INFO: Run Common\Behavior\InitHook [ RunTime:0.004000s ]
INFO: [ app_init ] --END-- [ RunTime:0.005000s ]
INFO: [ app_begin ] --START--
INFO: Run Behavior\ReadHtmlCache [ RunTime:0.002000s ]
INFO: [ app_begin ] --END-- [ RunTime:0.003001s ]
SQL: SHOW COLUMNS FROM `funtu_feed` [ RunTime:0.015001s ]
SQL: SHOW COLUMNS FROM `funtu_feed_comment` [ RunTime:0.010001s ]
SQL: SELECT `uid`,`content`,`create_time`,`comment_count`,`status`,`is_top`,`type`,`data`,`repost_count`,`location`,`ip`,`md5`,`from` FROM `funtu_feed` ORDER BY comment_count desc,create_time desc LIMIT 0,20   [ RunTime:0.001000s ]
SQL: SHOW COLUMNS FROM `funtu_member` [ RunTime:0.009000s ]
NOTIC: [8] Undefined index: id D:\wamp\www\quickmobile\Application\Feed\Api\FeedApi.class.php 第 32 行.
NOTIC: [8] Undefined index: id D:\wamp\www\quickmobile\Application\Feed\Api\FeedApi.class.php 第 32 行.
NOTIC: [8] Undefined index: id D:\wamp\www\quickmobile\Application\Feed\Api\FeedApi.class.php 第 32 行.
NOTIC: [8] Undefined index: id D:\wamp\www\quickmobile\Application\Feed\Api\FeedApi.class.php 第 32 行.

[ 2015-01-24T17:54:25+08:00 ] 127.0.0.1 /quickmobile/api.php?s=mobile/feed/listfeeds&os_version=4.4&os=Android&api_version=1&t=111111&uuid=99&token=d7de46680b48762bccc1a305b0d12f75&tel=15133628736&password=1234560&page=1
INFO: [ app_init ] --START--
INFO: Run Common\Behavior\InitHook [ RunTime:0.005000s ]
INFO: [ app_init ] --END-- [ RunTime:0.006000s ]
INFO: [ app_begin ] --START--
INFO: Run Behavior\ReadHtmlCache [ RunTime:0.002000s ]
INFO: [ app_begin ] --END-- [ RunTime:0.002000s ]
SQL: SHOW COLUMNS FROM `funtu_feed` [ RunTime:0.009000s ]
SQL: SHOW COLUMNS FROM `funtu_feed_comment` [ RunTime:0.009001s ]
SQL: SELECT `uid`,`content`,`create_time`,`comment_count`,`status`,`is_top`,`type`,`data`,`repost_count`,`location`,`ip`,`md5`,`from` FROM `funtu_feed` ORDER BY comment_count desc,create_time desc LIMIT 0,20   [ RunTime:0.001000s ]
SQL: SHOW COLUMNS FROM `funtu_member` [ RunTime:0.010001s ]
NOTIC: [8] Undefined index: id D:\wamp\www\quickmobile\Application\Feed\Api\FeedApi.class.php 第 32 行.
NOTIC: [8] Undefined index: id D:\wamp\www\quickmobile\Application\Feed\Api\FeedApi.class.php 第 32 行.
NOTIC: [8] Undefined index: id D:\wamp\www\quickmobile\Application\Feed\Api\FeedApi.class.php 第 32 行.
NOTIC: [8] Undefined index: id D:\wamp\www\quickmobile\Application\Feed\Api\FeedApi.class.php 第 32 行.

[ 2015-01-24T22:06:22+08:00 ] 127.0.0.1 /quickmobile/api.php?s=mobile/feed/sendcomment&os_version=4.4&os=Android&api_version=1&t=111111&uuid=99&token=d7de46680b48762bccc1a305b0d12f75&tel=15133628736&password=1234560&page=1
INFO: [ app_init ] --START--
INFO: Run Common\Behavior\InitHook [ RunTime:0.000000s ]
INFO: [ app_init ] --END-- [ RunTime:0.000000s ]
INFO: [ app_begin ] --START--
INFO: Run Behavior\ReadHtmlCache [ RunTime:0.015600s ]
INFO: [ app_begin ] --END-- [ RunTime:0.015600s ]

[ 2015-01-24T22:07:28+08:00 ] 127.0.0.1 /quickmobile/api.php?s=mobile/feed/sendcomment&os_version=4.4&os=Android&api_version=1&t=111111&uuid=99&token=d7de46680b48762bccc1a305b0d12f75&tel=15133628736&password=1234560&page=1
INFO: [ app_init ] --START--
INFO: Run Common\Behavior\InitHook [ RunTime:0.005001s ]
INFO: [ app_init ] --END-- [ RunTime:0.007001s ]
INFO: [ app_begin ] --START--
INFO: Run Behavior\ReadHtmlCache [ RunTime:0.001000s ]
INFO: [ app_begin ] --END-- [ RunTime:0.002000s ]

[ 2015-01-24T22:08:09+08:00 ] 127.0.0.1 /quickmobile/api.php?s=mobile/feed/sendcomment&os_version=4.4&os=Android&api_version=1&t=111111&uuid=99&token=d7de46680b48762bccc1a305b0d12f75&tel=15133628736&password=1234560&page=1
INFO: [ app_init ] --START--
INFO: Run Common\Behavior\InitHook [ RunTime:0.005000s ]
INFO: [ app_init ] --END-- [ RunTime:0.006000s ]
INFO: [ app_begin ] --START--
INFO: Run Behavior\ReadHtmlCache [ RunTime:0.001000s ]
INFO: [ app_begin ] --END-- [ RunTime:0.004000s ]

[ 2015-01-24T22:08:51+08:00 ] 127.0.0.1 /quickmobile/api.php?s=mobile/feed/sendcomment&os_version=4.4&os=Android&api_version=1&t=111111&uuid=99&token=d7de46680b48762bccc1a305b0d12f75&tel=15133628736&password=1234560&page=1
INFO: [ app_init ] --START--
INFO: Run Common\Behavior\InitHook [ RunTime:0.005000s ]
INFO: [ app_init ] --END-- [ RunTime:0.007000s ]
INFO: [ app_begin ] --START--
INFO: Run Behavior\ReadHtmlCache [ RunTime:0.002000s ]
INFO: [ app_begin ] --END-- [ RunTime:0.002000s ]

[ 2015-01-24T22:10:30+08:00 ] 127.0.0.1 /quickmobile/api.php?s=mobile/feed/sendcomment&os_version=4.4&os=Android&api_version=1&t=111111&uuid=99&token=d7de46680b48762bccc1a305b0d12f75&tel=15133628736&password=1234560&page=1
INFO: [ app_init ] --START--
INFO: Run Common\Behavior\InitHook [ RunTime:0.005000s ]
INFO: [ app_init ] --END-- [ RunTime:0.007000s ]
INFO: [ app_begin ] --START--
INFO: Run Behavior\ReadHtmlCache [ RunTime:0.002000s ]
INFO: [ app_begin ] --END-- [ RunTime:0.002000s ]
NOTIC: [8] Undefined variable: 5 D:\wamp\www\quickmobile\Application\Mobile\Controller\FeedController.class.php 第 89 行.

[ 2015-01-24T22:12:26+08:00 ] 127.0.0.1 /quickmobile/api.php?s=mobile/feed/sendcomment&os_version=4.4&os=Android&api_version=1&t=111111&uuid=99&token=d7de46680b48762bccc1a305b0d12f75&tel=15133628736&password=1234560&page=1
INFO: [ app_init ] --START--
INFO: Run Common\Behavior\InitHook [ RunTime:0.006000s ]
INFO: [ app_init ] --END-- [ RunTime:0.006000s ]
INFO: [ app_begin ] --START--
INFO: Run Behavior\ReadHtmlCache [ RunTime:0.001000s ]
INFO: [ app_begin ] --END-- [ RunTime:0.002000s ]
NOTIC: [2] call_user_func() expects parameter 1 to be a valid callback, no array or string given D:\wamp\www\quickmobile\ThinkPHP\Library\Think\Upload.class.php 第 167 行.
NOTIC: [8] Undefined index: tuya_pic D:\wamp\www\quickmobile\Application\Mobile\Controller\FeedController.class.php 第 105 行.
NOTIC: [8] Undefined index: tuya_pic D:\wamp\www\quickmobile\Application\Mobile\Controller\FeedController.class.php 第 105 行.
SQL: SHOW COLUMNS FROM `funtu_feed` [ RunTime:0.019001s ]
SQL: SHOW COLUMNS FROM `funtu_feed_comment` [ RunTime:0.009001s ]
SQL: SELECT `md5` FROM `funtu_feed_comment` WHERE ( md5=6e00839af0804e82a46c0bb2e6e864ad ) LIMIT 1   [ RunTime:0.049003s ]
ERR: 1367:Illegal double '6e00839' value found during parsing
 [ SQL语句 ] : SELECT `md5` FROM `funtu_feed_comment` WHERE ( md5=6e00839af0804e82a46c0bb2e6e864ad ) LIMIT 1  
SQL: INSERT INTO `funtu_feed_comment` (`uid`,`content`,`feed_id`,`ip`,`location`,`md5`,`create_time`,`status`) VALUES (3,'<main_pic>TODO...</main_pic><tuya_pic></tuya_pic>',2,'127.0.0.1','(33.2,33.2)=(33.2)','6e00839af0804e82a46c0bb2e6e864ad',1422108746,1) [ RunTime:0.252601s ]
SQL: UPDATE `funtu_feed` SET `comment_count`=comment_count+1 WHERE ( `id` = 2 ) [ RunTime:0.140400s ]
NOTIC: [2] unlink(./Runtime/Temp/a35257c0c52572c332cbd6a760efa8b0.php): No such file or directory D:\wamp\www\quickmobile\ThinkPHP\Library\Think\Cache\Driver\File.class.php 第 157 行.
NOTIC: [8] Undefined index: feed_id D:\wamp\www\quickmobile\Application\Mobile\Controller\FeedController.class.php 第 111 行.

[ 2015-01-24T22:36:45+08:00 ] 127.0.0.1 /quickmobile/api.php?s=mobile/feed/listcomment&os_version=4.4&os=Android&api_version=1&t=111111&uuid=99&token=d7de46680b48762bccc1a305b0d12f75&tel=15133628736&password=1234560&page=1
INFO: [ app_init ] --START--
INFO: Run Common\Behavior\InitHook [ RunTime:0.006001s ]
INFO: [ app_init ] --END-- [ RunTime:0.007001s ]
INFO: [ app_begin ] --START--
INFO: Run Behavior\ReadHtmlCache [ RunTime:0.002000s ]
INFO: [ app_begin ] --END-- [ RunTime:0.002000s ]
NOTIC: [8] Use of undefined constant feed_id - assumed 'feed_id' D:\wamp\www\quickmobile\Application\Mobile\Controller\FeedController.class.php 第 128 行.

[ 2015-01-24T22:36:49+08:00 ] 127.0.0.1 /quickmobile/api.php?s=mobile/feed/listcomment&os_version=4.4&os=Android&api_version=1&t=111111&uuid=99&token=d7de46680b48762bccc1a305b0d12f75&tel=15133628736&password=1234560&page=1
INFO: [ app_init ] --START--
INFO: Run Common\Behavior\InitHook [ RunTime:0.005001s ]
INFO: [ app_init ] --END-- [ RunTime:0.006001s ]
INFO: [ app_begin ] --START--
INFO: Run Behavior\ReadHtmlCache [ RunTime:0.001000s ]
INFO: [ app_begin ] --END-- [ RunTime:0.002000s ]
NOTIC: [8] Use of undefined constant feed_id - assumed 'feed_id' D:\wamp\www\quickmobile\Application\Mobile\Controller\FeedController.class.php 第 128 行.

[ 2015-01-24T22:36:49+08:00 ] 127.0.0.1 /quickmobile/api.php?s=mobile/feed/listcomment&os_version=4.4&os=Android&api_version=1&t=111111&uuid=99&token=d7de46680b48762bccc1a305b0d12f75&tel=15133628736&password=1234560&page=1
INFO: [ app_init ] --START--
INFO: Run Common\Behavior\InitHook [ RunTime:0.005000s ]
INFO: [ app_init ] --END-- [ RunTime:0.006000s ]
INFO: [ app_begin ] --START--
INFO: Run Behavior\ReadHtmlCache [ RunTime:0.001000s ]
INFO: [ app_begin ] --END-- [ RunTime:0.002000s ]
NOTIC: [8] Use of undefined constant feed_id - assumed 'feed_id' D:\wamp\www\quickmobile\Application\Mobile\Controller\FeedController.class.php 第 128 行.

[ 2015-01-24T22:37:04+08:00 ] 127.0.0.1 /quickmobile/api.php?s=mobile/feed/listcomment&os_version=4.4&os=Android&api_version=1&t=111111&uuid=99&token=d7de46680b48762bccc1a305b0d12f75&tel=15133628736&password=1234560&page=1
INFO: [ app_init ] --START--
INFO: Run Common\Behavior\InitHook [ RunTime:0.005000s ]
INFO: [ app_init ] --END-- [ RunTime:0.006000s ]
INFO: [ app_begin ] --START--
INFO: Run Behavior\ReadHtmlCache [ RunTime:0.002000s ]
INFO: [ app_begin ] --END-- [ RunTime:0.003000s ]
NOTIC: [8] Use of undefined constant feed_id - assumed 'feed_id' D:\wamp\www\quickmobile\Application\Mobile\Controller\FeedController.class.php 第 128 行.

[ 2015-01-24T22:37:04+08:00 ] 127.0.0.1 /quickmobile/api.php?s=mobile/feed/listcomment&os_version=4.4&os=Android&api_version=1&t=111111&uuid=99&token=d7de46680b48762bccc1a305b0d12f75&tel=15133628736&password=1234560&page=1
INFO: [ app_init ] --START--
INFO: Run Common\Behavior\InitHook [ RunTime:0.007000s ]
INFO: [ app_init ] --END-- [ RunTime:0.008000s ]
INFO: [ app_begin ] --START--
INFO: Run Behavior\ReadHtmlCache [ RunTime:0.002000s ]
INFO: [ app_begin ] --END-- [ RunTime:0.003000s ]
NOTIC: [8] Use of undefined constant feed_id - assumed 'feed_id' D:\wamp\www\quickmobile\Application\Mobile\Controller\FeedController.class.php 第 128 行.

[ 2015-01-24T22:37:07+08:00 ] 127.0.0.1 /quickmobile/api.php?s=mobile/feed/listcomment&os_version=4.4&os=Android&api_version=1&t=111111&uuid=99&token=d7de46680b48762bccc1a305b0d12f75&tel=15133628736&password=1234560&page=1
INFO: [ app_init ] --START--
INFO: Run Common\Behavior\InitHook [ RunTime:0.005000s ]
INFO: [ app_init ] --END-- [ RunTime:0.006000s ]
INFO: [ app_begin ] --START--
INFO: Run Behavior\ReadHtmlCache [ RunTime:0.002000s ]
INFO: [ app_begin ] --END-- [ RunTime:0.002000s ]
NOTIC: [8] Use of undefined constant feed_id - assumed 'feed_id' D:\wamp\www\quickmobile\Application\Mobile\Controller\FeedController.class.php 第 128 行.

[ 2015-01-24T22:39:07+08:00 ] 127.0.0.1 /quickmobile/api.php?s=mobile/feed/listcomment&os_version=4.4&os=Android&api_version=1&t=111111&uuid=99&token=d7de46680b48762bccc1a305b0d12f75&tel=15133628736&password=1234560&page=1&feed_id=2&count=10
INFO: [ app_init ] --START--
INFO: Run Common\Behavior\InitHook [ RunTime:0.005000s ]
INFO: [ app_init ] --END-- [ RunTime:0.007000s ]
INFO: [ app_begin ] --START--
INFO: Run Behavior\ReadHtmlCache [ RunTime:0.002001s ]
INFO: [ app_begin ] --END-- [ RunTime:0.002001s ]
NOTIC: [8] Use of undefined constant feed_id - assumed 'feed_id' D:\wamp\www\quickmobile\Application\Mobile\Controller\FeedController.class.php 第 128 行.
SQL: SHOW COLUMNS FROM `funtu_feed` [ RunTime:0.009000s ]
SQL: SHOW COLUMNS FROM `funtu_feed_comment` [ RunTime:0.009001s ]
SQL: SELECT * FROM `funtu_feed_comment` WHERE ( feed_id=2 ) ORDER BY create_time desc LIMIT 0,10   [ RunTime:0.001000s ]
NOTIC: [8] Undefined index: comment_list D:\wamp\www\quickmobile\Application\Mobile\Controller\FeedController.class.php 第 136 行.

[ 2015-01-24T22:42:57+08:00 ] 127.0.0.1 /quickmobile/api.php?s=mobile/feed/listcomment&os_version=4.4&os=Android&api_version=1&t=111111&uuid=99&token=d7de46680b48762bccc1a305b0d12f75&tel=15133628736&password=1234560&page=1&feed_id=2&count=10
INFO: [ app_init ] --START--
INFO: Run Common\Behavior\InitHook [ RunTime:0.006000s ]
INFO: [ app_init ] --END-- [ RunTime:0.007000s ]
INFO: [ app_begin ] --START--
INFO: Run Behavior\ReadHtmlCache [ RunTime:0.001000s ]
INFO: [ app_begin ] --END-- [ RunTime:0.002000s ]
NOTIC: [8] Use of undefined constant feed_id - assumed 'feed_id' D:\wamp\www\quickmobile\Application\Mobile\Controller\FeedController.class.php 第 128 行.
SQL: SHOW COLUMNS FROM `funtu_feed` [ RunTime:0.007001s ]
SQL: SHOW COLUMNS FROM `funtu_feed_comment` [ RunTime:0.009000s ]
SQL: SELECT * FROM `funtu_feed_comment` WHERE ( feed_id=2 ) ORDER BY create_time desc LIMIT 0,10   [ RunTime:0.001000s ]
NOTIC: [8] Undefined index: comment_list D:\wamp\www\quickmobile\Application\Mobile\Controller\FeedController.class.php 第 136 行.

[ 2015-01-24T22:43:14+08:00 ] 127.0.0.1 /quickmobile/api.php?s=mobile/feed/listcomment&os_version=4.4&os=Android&api_version=1&t=111111&uuid=99&token=d7de46680b48762bccc1a305b0d12f75&tel=15133628736&password=1234560&page=1&feed_id=2&count=10
INFO: [ app_init ] --START--
INFO: Run Common\Behavior\InitHook [ RunTime:0.005000s ]
INFO: [ app_init ] --END-- [ RunTime:0.007000s ]
INFO: [ app_begin ] --START--
INFO: Run Behavior\ReadHtmlCache [ RunTime:0.002000s ]
INFO: [ app_begin ] --END-- [ RunTime:0.002000s ]
NOTIC: [8] Use of undefined constant feed_id - assumed 'feed_id' D:\wamp\www\quickmobile\Application\Mobile\Controller\FeedController.class.php 第 128 行.
SQL: SHOW COLUMNS FROM `funtu_feed` [ RunTime:0.012001s ]
SQL: SHOW COLUMNS FROM `funtu_feed_comment` [ RunTime:0.009000s ]
SQL: SELECT * FROM `funtu_feed_comment` WHERE ( feed_id=2 ) ORDER BY create_time desc LIMIT 0,10   [ RunTime:0.000000s ]
NOTIC: [8] Undefined index: comment_list D:\wamp\www\quickmobile\Application\Mobile\Controller\FeedController.class.php 第 136 行.

[ 2015-01-24T22:43:47+08:00 ] 127.0.0.1 /quickmobile/api.php?s=mobile/feed/listcomment&os_version=4.4&os=Android&api_version=1&t=111111&uuid=99&token=d7de46680b48762bccc1a305b0d12f75&tel=15133628736&password=1234560&page=1&feed_id=2&count=10
INFO: [ app_init ] --START--
INFO: Run Common\Behavior\InitHook [ RunTime:0.005000s ]
INFO: [ app_init ] --END-- [ RunTime:0.006000s ]
INFO: [ app_begin ] --START--
INFO: Run Behavior\ReadHtmlCache [ RunTime:0.001001s ]
INFO: [ app_begin ] --END-- [ RunTime:0.002001s ]
NOTIC: [8] Use of undefined constant feed_id - assumed 'feed_id' D:\wamp\www\quickmobile\Application\Mobile\Controller\FeedController.class.php 第 128 行.
SQL: SHOW COLUMNS FROM `funtu_feed` [ RunTime:0.012001s ]
SQL: SHOW COLUMNS FROM `funtu_feed_comment` [ RunTime:0.012001s ]
SQL: SELECT * FROM `funtu_feed_comment` WHERE ( feed_id=2 ) ORDER BY create_time desc LIMIT 0,10   [ RunTime:0.001000s ]
NOTIC: [8] Undefined index: comment_list D:\wamp\www\quickmobile\Application\Mobile\Controller\FeedController.class.php 第 136 行.

[ 2015-01-24T22:43:47+08:00 ] 127.0.0.1 /quickmobile/api.php?s=mobile/feed/listcomment&os_version=4.4&os=Android&api_version=1&t=111111&uuid=99&token=d7de46680b48762bccc1a305b0d12f75&tel=15133628736&password=1234560&page=1&feed_id=2&count=10
INFO: [ app_init ] --START--
INFO: Run Common\Behavior\InitHook [ RunTime:0.006001s ]
INFO: [ app_init ] --END-- [ RunTime:0.007001s ]
INFO: [ app_begin ] --START--
INFO: Run Behavior\ReadHtmlCache [ RunTime:0.002000s ]
INFO: [ app_begin ] --END-- [ RunTime:0.002000s ]
NOTIC: [8] Use of undefined constant feed_id - assumed 'feed_id' D:\wamp\www\quickmobile\Application\Mobile\Controller\FeedController.class.php 第 128 行.
SQL: SHOW COLUMNS FROM `funtu_feed` [ RunTime:0.009000s ]
SQL: SHOW COLUMNS FROM `funtu_feed_comment` [ RunTime:0.008000s ]
SQL: SELECT * FROM `funtu_feed_comment` WHERE ( feed_id=2 ) ORDER BY create_time desc LIMIT 0,10   [ RunTime:0.000000s ]
NOTIC: [8] Undefined index: comment_list D:\wamp\www\quickmobile\Application\Mobile\Controller\FeedController.class.php 第 136 行.

[ 2015-01-24T22:44:34+08:00 ] 127.0.0.1 /quickmobile/api.php?s=mobile/feed/listcomment&os_version=4.4&os=Android&api_version=1&t=111111&uuid=99&token=d7de46680b48762bccc1a305b0d12f75&tel=15133628736&password=1234560&page=1&feed_id=2&count=10
INFO: [ app_init ] --START--
INFO: Run Common\Behavior\InitHook [ RunTime:0.005000s ]
INFO: [ app_init ] --END-- [ RunTime:0.006000s ]
INFO: [ app_begin ] --START--
INFO: Run Behavior\ReadHtmlCache [ RunTime:0.002000s ]
INFO: [ app_begin ] --END-- [ RunTime:0.002000s ]
NOTIC: [8] Use of undefined constant feed_id - assumed 'feed_id' D:\wamp\www\quickmobile\Application\Mobile\Controller\FeedController.class.php 第 128 行.
SQL: SHOW COLUMNS FROM `funtu_feed` [ RunTime:0.010000s ]
SQL: SHOW COLUMNS FROM `funtu_feed_comment` [ RunTime:0.011001s ]
SQL: SELECT * FROM `funtu_feed_comment` WHERE ( feed_id=2 ) ORDER BY create_time desc LIMIT 0,10   [ RunTime:0.001000s ]
NOTIC: [8] Undefined index: comment_list D:\wamp\www\quickmobile\Application\Mobile\Controller\FeedController.class.php 第 136 行.

[ 2015-01-24T22:44:34+08:00 ] 127.0.0.1 /quickmobile/api.php?s=mobile/feed/listcomment&os_version=4.4&os=Android&api_version=1&t=111111&uuid=99&token=d7de46680b48762bccc1a305b0d12f75&tel=15133628736&password=1234560&page=1&feed_id=2&count=10
INFO: [ app_init ] --START--
INFO: Run Common\Behavior\InitHook [ RunTime:0.004000s ]
INFO: [ app_init ] --END-- [ RunTime:0.006000s ]
INFO: [ app_begin ] --START--
INFO: Run Behavior\ReadHtmlCache [ RunTime:0.002000s ]
INFO: [ app_begin ] --END-- [ RunTime:0.002000s ]
NOTIC: [8] Use of undefined constant feed_id - assumed 'feed_id' D:\wamp\www\quickmobile\Application\Mobile\Controller\FeedController.class.php 第 128 行.
SQL: SHOW COLUMNS FROM `funtu_feed` [ RunTime:0.010001s ]
SQL: SHOW COLUMNS FROM `funtu_feed_comment` [ RunTime:0.011001s ]
SQL: SELECT * FROM `funtu_feed_comment` WHERE ( feed_id=2 ) ORDER BY create_time desc LIMIT 0,10   [ RunTime:0.001000s ]
NOTIC: [8] Undefined index: comment_list D:\wamp\www\quickmobile\Application\Mobile\Controller\FeedController.class.php 第 136 行.

[ 2015-01-24T22:44:59+08:00 ] 127.0.0.1 /quickmobile/api.php?s=mobile/feed/listcomment&os_version=4.4&os=Android&api_version=1&t=111111&uuid=99&token=d7de46680b48762bccc1a305b0d12f75&tel=15133628736&password=1234560&page=1&feed_id=2&count=10
INFO: [ app_init ] --START--
INFO: Run Common\Behavior\InitHook [ RunTime:0.003000s ]
INFO: [ app_init ] --END-- [ RunTime:0.005001s ]
INFO: [ app_begin ] --START--
INFO: Run Behavior\ReadHtmlCache [ RunTime:0.001000s ]
INFO: [ app_begin ] --END-- [ RunTime:0.001000s ]
NOTIC: [8] Use of undefined constant feed_id - assumed 'feed_id' D:\wamp\www\quickmobile\Application\Mobile\Controller\FeedController.class.php 第 128 行.
SQL: SHOW COLUMNS FROM `funtu_feed` [ RunTime:0.008001s ]
SQL: SHOW COLUMNS FROM `funtu_feed_comment` [ RunTime:0.009000s ]
SQL: SELECT * FROM `funtu_feed_comment` WHERE ( feed_id=2 ) ORDER BY create_time desc LIMIT 0,10   [ RunTime:0.001001s ]
NOTIC: [8] Undefined index: comment_list D:\wamp\www\quickmobile\Application\Mobile\Controller\FeedController.class.php 第 136 行.
NOTIC: [2] Cannot modify header information - headers already sent by (output started at D:\wamp\www\quickmobile\ThinkPHP\Common\functions.php:682) D:\wamp\www\quickmobile\ThinkPHP\Library\Think\Controller.class.php 第 214 行.

[ 2015-01-24T22:45:42+08:00 ] 127.0.0.1 /quickmobile/api.php?s=mobile/feed/listcomment&os_version=4.4&os=Android&api_version=1&t=111111&uuid=99&token=d7de46680b48762bccc1a305b0d12f75&tel=15133628736&password=1234560&page=1&feed_id=2&count=10
INFO: [ app_init ] --START--
INFO: Run Common\Behavior\InitHook [ RunTime:0.004000s ]
INFO: [ app_init ] --END-- [ RunTime:0.004000s ]
INFO: [ app_begin ] --START--
INFO: Run Behavior\ReadHtmlCache [ RunTime:0.001000s ]
INFO: [ app_begin ] --END-- [ RunTime:0.001000s ]
NOTIC: [8] Use of undefined constant feed_id - assumed 'feed_id' D:\wamp\www\quickmobile\Application\Mobile\Controller\FeedController.class.php 第 128 行.
SQL: SHOW COLUMNS FROM `funtu_feed` [ RunTime:0.020001s ]
SQL: SHOW COLUMNS FROM `funtu_feed_comment` [ RunTime:0.009000s ]
SQL: SELECT * FROM `funtu_feed_comment` WHERE ( feed_id=2 ) ORDER BY create_time desc LIMIT 0,10   [ RunTime:0.001000s ]

[ 2015-01-24T22:45:42+08:00 ] 127.0.0.1 /quickmobile/api.php?s=mobile/feed/listcomment&os_version=4.4&os=Android&api_version=1&t=111111&uuid=99&token=d7de46680b48762bccc1a305b0d12f75&tel=15133628736&password=1234560&page=1&feed_id=2&count=10
INFO: [ app_init ] --START--
INFO: Run Common\Behavior\InitHook [ RunTime:0.003000s ]
INFO: [ app_init ] --END-- [ RunTime:0.005000s ]
INFO: [ app_begin ] --START--
INFO: Run Behavior\ReadHtmlCache [ RunTime:0.001000s ]
INFO: [ app_begin ] --END-- [ RunTime:0.002000s ]
NOTIC: [8] Use of undefined constant feed_id - assumed 'feed_id' D:\wamp\www\quickmobile\Application\Mobile\Controller\FeedController.class.php 第 128 行.
SQL: SHOW COLUMNS FROM `funtu_feed` [ RunTime:0.013001s ]
SQL: SHOW COLUMNS FROM `funtu_feed_comment` [ RunTime:0.008000s ]
SQL: SELECT * FROM `funtu_feed_comment` WHERE ( feed_id=2 ) ORDER BY create_time desc LIMIT 0,10   [ RunTime:0.001001s ]

[ 2015-01-24T22:53:51+08:00 ] 127.0.0.1 /quickmobile/api.php?s=mobile/feed/listcomment&os_version=4.4&os=Android&api_version=1&t=111111&uuid=99&token=d7de46680b48762bccc1a305b0d12f75&tel=15133628736&password=1234560&page=1&feed_id=2&count=10
INFO: [ app_init ] --START--
INFO: Run Common\Behavior\InitHook [ RunTime:0.005000s ]
INFO: [ app_init ] --END-- [ RunTime:0.006000s ]
INFO: [ app_begin ] --START--
INFO: Run Behavior\ReadHtmlCache [ RunTime:0.001000s ]
INFO: [ app_begin ] --END-- [ RunTime:0.001000s ]
NOTIC: [8] Use of undefined constant feed_id - assumed 'feed_id' D:\wamp\www\quickmobile\Application\Mobile\Controller\FeedController.class.php 第 128 行.
SQL: SHOW COLUMNS FROM `funtu_feed` [ RunTime:0.011001s ]
SQL: SHOW COLUMNS FROM `funtu_feed_comment` [ RunTime:0.007001s ]
SQL: SELECT * FROM `funtu_feed_comment` WHERE ( feed_id=2 ) ORDER BY create_time desc LIMIT 0,10   [ RunTime:0.006000s ]
SQL: SHOW COLUMNS FROM `funtu_member` [ RunTime:0.013001s ]

[ 2015-01-24T22:53:51+08:00 ] 127.0.0.1 /quickmobile/api.php?s=mobile/feed/listcomment&os_version=4.4&os=Android&api_version=1&t=111111&uuid=99&token=d7de46680b48762bccc1a305b0d12f75&tel=15133628736&password=1234560&page=1&feed_id=2&count=10
INFO: [ app_init ] --START--
INFO: Run Common\Behavior\InitHook [ RunTime:0.005001s ]
INFO: [ app_init ] --END-- [ RunTime:0.007001s ]
INFO: [ app_begin ] --START--
INFO: Run Behavior\ReadHtmlCache [ RunTime:0.002000s ]
INFO: [ app_begin ] --END-- [ RunTime:0.002000s ]
NOTIC: [8] Use of undefined constant feed_id - assumed 'feed_id' D:\wamp\www\quickmobile\Application\Mobile\Controller\FeedController.class.php 第 128 行.
SQL: SHOW COLUMNS FROM `funtu_feed` [ RunTime:0.011000s ]
SQL: SHOW COLUMNS FROM `funtu_feed_comment` [ RunTime:0.010000s ]
SQL: SELECT * FROM `funtu_feed_comment` WHERE ( feed_id=2 ) ORDER BY create_time desc LIMIT 0,10   [ RunTime:0.001000s ]
SQL: SHOW COLUMNS FROM `funtu_member` [ RunTime:0.008000s ]

[ 2015-01-24T22:54:26+08:00 ] 127.0.0.1 /quickmobile/api.php?s=mobile/feed/listcomment&os_version=4.4&os=Android&api_version=1&t=111111&uuid=99&token=d7de46680b48762bccc1a305b0d12f75&tel=15133628736&password=1234560&page=1&feed_id=2&count=10
INFO: [ app_init ] --START--
INFO: Run Common\Behavior\InitHook [ RunTime:0.005000s ]
INFO: [ app_init ] --END-- [ RunTime:0.007001s ]
INFO: [ app_begin ] --START--
INFO: Run Behavior\ReadHtmlCache [ RunTime:0.002000s ]
INFO: [ app_begin ] --END-- [ RunTime:0.002000s ]
NOTIC: [8] Use of undefined constant feed_id - assumed 'feed_id' D:\wamp\www\quickmobile\Application\Mobile\Controller\FeedController.class.php 第 128 行.
SQL: SHOW COLUMNS FROM `funtu_feed` [ RunTime:0.011001s ]
SQL: SHOW COLUMNS FROM `funtu_feed_comment` [ RunTime:0.010001s ]
SQL: SELECT * FROM `funtu_feed_comment` WHERE ( feed_id=2 ) ORDER BY create_time desc LIMIT 0,10   [ RunTime:0.033002s ]
SQL: SHOW COLUMNS FROM `funtu_member` [ RunTime:0.014001s ]

[ 2015-01-24T22:54:26+08:00 ] 127.0.0.1 /quickmobile/api.php?s=mobile/feed/listcomment&os_version=4.4&os=Android&api_version=1&t=111111&uuid=99&token=d7de46680b48762bccc1a305b0d12f75&tel=15133628736&password=1234560&page=1&feed_id=2&count=10
INFO: [ app_init ] --START--
INFO: Run Common\Behavior\InitHook [ RunTime:0.004000s ]
INFO: [ app_init ] --END-- [ RunTime:0.005000s ]
INFO: [ app_begin ] --START--
INFO: Run Behavior\ReadHtmlCache [ RunTime:0.001001s ]
INFO: [ app_begin ] --END-- [ RunTime:0.001001s ]
NOTIC: [8] Use of undefined constant feed_id - assumed 'feed_id' D:\wamp\www\quickmobile\Application\Mobile\Controller\FeedController.class.php 第 128 行.
SQL: SHOW COLUMNS FROM `funtu_feed` [ RunTime:0.007001s ]
SQL: SHOW COLUMNS FROM `funtu_feed_comment` [ RunTime:0.011001s ]
SQL: SELECT * FROM `funtu_feed_comment` WHERE ( feed_id=2 ) ORDER BY create_time desc LIMIT 0,10   [ RunTime:0.003000s ]
SQL: SHOW COLUMNS FROM `funtu_member` [ RunTime:0.013001s ]

[ 2015-01-24T22:54:53+08:00 ] 127.0.0.1 /quickmobile/api.php?s=mobile/feed/listcomment&os_version=4.4&os=Android&api_version=1&t=111111&uuid=99&token=d7de46680b48762bccc1a305b0d12f75&tel=15133628736&password=1234560&page=1&feed_id=2&count=10
INFO: [ app_init ] --START--
INFO: Run Common\Behavior\InitHook [ RunTime:0.007000s ]
INFO: [ app_init ] --END-- [ RunTime:0.009000s ]
INFO: [ app_begin ] --START--
INFO: Run Behavior\ReadHtmlCache [ RunTime:0.001001s ]
INFO: [ app_begin ] --END-- [ RunTime:0.001001s ]
NOTIC: [8] Use of undefined constant feed_id - assumed 'feed_id' D:\wamp\www\quickmobile\Application\Mobile\Controller\FeedController.class.php 第 128 行.
SQL: SHOW COLUMNS FROM `funtu_feed` [ RunTime:0.012000s ]
SQL: SHOW COLUMNS FROM `funtu_feed_comment` [ RunTime:0.009000s ]
SQL: SELECT * FROM `funtu_feed_comment` WHERE ( feed_id=2 ) ORDER BY create_time desc LIMIT 0,10   [ RunTime:0.001000s ]
SQL: SHOW COLUMNS FROM `funtu_member` [ RunTime:0.012001s ]

[ 2015-01-24T22:54:54+08:00 ] 127.0.0.1 /quickmobile/api.php?s=mobile/feed/listcomment&os_version=4.4&os=Android&api_version=1&t=111111&uuid=99&token=d7de46680b48762bccc1a305b0d12f75&tel=15133628736&password=1234560&page=1&feed_id=2&count=10
INFO: [ app_init ] --START--
INFO: Run Common\Behavior\InitHook [ RunTime:0.004000s ]
INFO: [ app_init ] --END-- [ RunTime:0.004000s ]
INFO: [ app_begin ] --START--
INFO: Run Behavior\ReadHtmlCache [ RunTime:0.001000s ]
INFO: [ app_begin ] --END-- [ RunTime:0.002000s ]
NOTIC: [8] Use of undefined constant feed_id - assumed 'feed_id' D:\wamp\www\quickmobile\Application\Mobile\Controller\FeedController.class.php 第 128 行.
SQL: SHOW COLUMNS FROM `funtu_feed` [ RunTime:0.010001s ]
SQL: SHOW COLUMNS FROM `funtu_feed_comment` [ RunTime:0.009000s ]
SQL: SELECT * FROM `funtu_feed_comment` WHERE ( feed_id=2 ) ORDER BY create_time desc LIMIT 0,10   [ RunTime:0.005000s ]
SQL: SHOW COLUMNS FROM `funtu_member` [ RunTime:0.012001s ]

[ 2015-01-24T22:55:50+08:00 ] 127.0.0.1 /quickmobile/api.php?s=mobile/feed/listcomment&os_version=4.4&os=Android&api_version=1&t=111111&uuid=99&token=d7de46680b48762bccc1a305b0d12f75&tel=15133628736&password=1234560&page=1&feed_id=2&count=10
INFO: [ app_init ] --START--
INFO: Run Common\Behavior\InitHook [ RunTime:0.003000s ]
INFO: [ app_init ] --END-- [ RunTime:0.006000s ]
INFO: [ app_begin ] --START--
INFO: Run Behavior\ReadHtmlCache [ RunTime:0.001000s ]
INFO: [ app_begin ] --END-- [ RunTime:0.002001s ]
NOTIC: [8] Use of undefined constant feed_id - assumed 'feed_id' D:\wamp\www\quickmobile\Application\Mobile\Controller\FeedController.class.php 第 128 行.
SQL: SHOW COLUMNS FROM `funtu_feed` [ RunTime:0.012000s ]
SQL: SHOW COLUMNS FROM `funtu_feed_comment` [ RunTime:0.011001s ]
SQL: SELECT * FROM `funtu_feed_comment` WHERE ( feed_id=2 ) ORDER BY create_time desc LIMIT 0,10   [ RunTime:0.001000s ]
SQL: SHOW COLUMNS FROM `funtu_member` [ RunTime:0.011001s ]

[ 2015-01-24T22:55:52+08:00 ] 127.0.0.1 /quickmobile/api.php?s=mobile/feed/listcomment&os_version=4.4&os=Android&api_version=1&t=111111&uuid=99&token=d7de46680b48762bccc1a305b0d12f75&tel=15133628736&password=1234560&page=1&feed_id=2&count=10
INFO: [ app_init ] --START--
INFO: Run Common\Behavior\InitHook [ RunTime:0.005000s ]
INFO: [ app_init ] --END-- [ RunTime:0.006000s ]
INFO: [ app_begin ] --START--
INFO: Run Behavior\ReadHtmlCache [ RunTime:0.001000s ]
INFO: [ app_begin ] --END-- [ RunTime:0.002000s ]
NOTIC: [8] Use of undefined constant feed_id - assumed 'feed_id' D:\wamp\www\quickmobile\Application\Mobile\Controller\FeedController.class.php 第 128 行.
SQL: SHOW COLUMNS FROM `funtu_feed` [ RunTime:0.007000s ]
SQL: SHOW COLUMNS FROM `funtu_feed_comment` [ RunTime:0.008000s ]
SQL: SELECT * FROM `funtu_feed_comment` WHERE ( feed_id=2 ) ORDER BY create_time desc LIMIT 0,10   [ RunTime:0.000000s ]
SQL: SHOW COLUMNS FROM `funtu_member` [ RunTime:0.011001s ]

[ 2015-01-24T22:55:53+08:00 ] 127.0.0.1 /quickmobile/api.php?s=mobile/feed/listcomment&os_version=4.4&os=Android&api_version=1&t=111111&uuid=99&token=d7de46680b48762bccc1a305b0d12f75&tel=15133628736&password=1234560&page=1&feed_id=2&count=10
INFO: [ app_init ] --START--
INFO: Run Common\Behavior\InitHook [ RunTime:0.004000s ]
INFO: [ app_init ] --END-- [ RunTime:0.005000s ]
INFO: [ app_begin ] --START--
INFO: Run Behavior\ReadHtmlCache [ RunTime:0.001000s ]
INFO: [ app_begin ] --END-- [ RunTime:0.002000s ]
NOTIC: [8] Use of undefined constant feed_id - assumed 'feed_id' D:\wamp\www\quickmobile\Application\Mobile\Controller\FeedController.class.php 第 128 行.
SQL: SHOW COLUMNS FROM `funtu_feed` [ RunTime:0.009001s ]
SQL: SHOW COLUMNS FROM `funtu_feed_comment` [ RunTime:0.027001s ]
SQL: SELECT * FROM `funtu_feed_comment` WHERE ( feed_id=2 ) ORDER BY create_time desc LIMIT 0,10   [ RunTime:0.001001s ]
SQL: SHOW COLUMNS FROM `funtu_member` [ RunTime:0.008000s ]

[ 2015-01-24T22:57:08+08:00 ] 127.0.0.1 /quickmobile/api.php?s=mobile/feed/listcomment&os_version=4.4&os=Android&api_version=1&t=111111&uuid=99&token=d7de46680b48762bccc1a305b0d12f75&tel=15133628736&password=1234560&page=1&feed_id=2&count=10
INFO: [ app_init ] --START--
INFO: Run Common\Behavior\InitHook [ RunTime:0.004001s ]
INFO: [ app_init ] --END-- [ RunTime:0.005001s ]
INFO: [ app_begin ] --START--
INFO: Run Behavior\ReadHtmlCache [ RunTime:0.001000s ]
INFO: [ app_begin ] --END-- [ RunTime:0.002000s ]
NOTIC: [8] Use of undefined constant feed_id - assumed 'feed_id' D:\wamp\www\quickmobile\Application\Mobile\Controller\FeedController.class.php 第 128 行.
SQL: SHOW COLUMNS FROM `funtu_feed` [ RunTime:0.019001s ]
SQL: SHOW COLUMNS FROM `funtu_feed_comment` [ RunTime:0.014001s ]
SQL: SELECT * FROM `funtu_feed_comment` WHERE ( feed_id=2 ) ORDER BY create_time desc LIMIT 0,10   [ RunTime:0.001000s ]
SQL: SHOW COLUMNS FROM `funtu_member` [ RunTime:0.011000s ]

[ 2015-01-24T22:57:08+08:00 ] 127.0.0.1 /quickmobile/api.php?s=mobile/feed/listcomment&os_version=4.4&os=Android&api_version=1&t=111111&uuid=99&token=d7de46680b48762bccc1a305b0d12f75&tel=15133628736&password=1234560&page=1&feed_id=2&count=10
INFO: [ app_init ] --START--
INFO: Run Common\Behavior\InitHook [ RunTime:0.006001s ]
INFO: [ app_init ] --END-- [ RunTime:0.007001s ]
INFO: [ app_begin ] --START--
INFO: Run Behavior\ReadHtmlCache [ RunTime:0.002000s ]
INFO: [ app_begin ] --END-- [ RunTime:0.002000s ]
NOTIC: [8] Use of undefined constant feed_id - assumed 'feed_id' D:\wamp\www\quickmobile\Application\Mobile\Controller\FeedController.class.php 第 128 行.
SQL: SHOW COLUMNS FROM `funtu_feed` [ RunTime:0.011000s ]
SQL: SHOW COLUMNS FROM `funtu_feed_comment` [ RunTime:0.011001s ]
SQL: SELECT * FROM `funtu_feed_comment` WHERE ( feed_id=2 ) ORDER BY create_time desc LIMIT 0,10   [ RunTime:0.001000s ]
SQL: SHOW COLUMNS FROM `funtu_member` [ RunTime:0.042003s ]

[ 2015-01-24T22:57:08+08:00 ] 127.0.0.1 /quickmobile/api.php?s=mobile/feed/listcomment&os_version=4.4&os=Android&api_version=1&t=111111&uuid=99&token=d7de46680b48762bccc1a305b0d12f75&tel=15133628736&password=1234560&page=1&feed_id=2&count=10
INFO: [ app_init ] --START--
INFO: Run Common\Behavior\InitHook [ RunTime:0.004000s ]
INFO: [ app_init ] --END-- [ RunTime:0.004000s ]
INFO: [ app_begin ] --START--
INFO: Run Behavior\ReadHtmlCache [ RunTime:0.001000s ]
INFO: [ app_begin ] --END-- [ RunTime:0.002000s ]
NOTIC: [8] Use of undefined constant feed_id - assumed 'feed_id' D:\wamp\www\quickmobile\Application\Mobile\Controller\FeedController.class.php 第 128 行.
SQL: SHOW COLUMNS FROM `funtu_feed` [ RunTime:0.008001s ]
SQL: SHOW COLUMNS FROM `funtu_feed_comment` [ RunTime:0.012001s ]
SQL: SELECT * FROM `funtu_feed_comment` WHERE ( feed_id=2 ) ORDER BY create_time desc LIMIT 0,10   [ RunTime:0.002000s ]
SQL: SHOW COLUMNS FROM `funtu_member` [ RunTime:0.011001s ]

[ 2015-01-24T22:57:37+08:00 ] 127.0.0.1 /quickmobile/api.php?s=mobile/feed/listcomment&os_version=4.4&os=Android&api_version=1&t=111111&uuid=99&token=d7de46680b48762bccc1a305b0d12f75&tel=15133628736&password=1234560&page=1&feed_id=2&count=10
INFO: [ app_init ] --START--
INFO: Run Common\Behavior\InitHook [ RunTime:0.004000s ]
INFO: [ app_init ] --END-- [ RunTime:0.004000s ]
INFO: [ app_begin ] --START--
INFO: Run Behavior\ReadHtmlCache [ RunTime:0.001000s ]
INFO: [ app_begin ] --END-- [ RunTime:0.001000s ]
NOTIC: [8] Use of undefined constant feed_id - assumed 'feed_id' D:\wamp\www\quickmobile\Application\Mobile\Controller\FeedController.class.php 第 128 行.
SQL: SHOW COLUMNS FROM `funtu_feed` [ RunTime:0.011000s ]
SQL: SHOW COLUMNS FROM `funtu_feed_comment` [ RunTime:0.074004s ]
SQL: SELECT * FROM `funtu_feed_comment` WHERE ( feed_id=2 ) ORDER BY create_time desc LIMIT 0,10   [ RunTime:0.015001s ]
SQL: SHOW COLUMNS FROM `funtu_member` [ RunTime:0.021001s ]
SQL: SELECT `uid`,`nickname`,`uid`,`birthday`,`sex`,`avatar`,`qq`,`score` FROM `funtu_member` WHERE ( `uid` = 3 ) LIMIT 1   [ RunTime:0.003000s ]
SQL: SELECT `uid`,`nickname`,`uid`,`birthday`,`sex`,`avatar`,`qq`,`score` FROM `funtu_member` WHERE ( `uid` = 2 ) LIMIT 1   [ RunTime:0.015000s ]
SQL: SELECT `uid`,`nickname`,`uid`,`birthday`,`sex`,`avatar`,`qq`,`score` FROM `funtu_member` WHERE ( `uid` = 2 ) LIMIT 1   [ RunTime:0.001000s ]

[ 2015-01-24T22:57:37+08:00 ] 127.0.0.1 /quickmobile/api.php?s=mobile/feed/listcomment&os_version=4.4&os=Android&api_version=1&t=111111&uuid=99&token=d7de46680b48762bccc1a305b0d12f75&tel=15133628736&password=1234560&page=1&feed_id=2&count=10
INFO: [ app_init ] --START--
INFO: Run Common\Behavior\InitHook [ RunTime:0.005000s ]
INFO: [ app_init ] --END-- [ RunTime:0.006000s ]
INFO: [ app_begin ] --START--
INFO: Run Behavior\ReadHtmlCache [ RunTime:0.001000s ]
INFO: [ app_begin ] --END-- [ RunTime:0.003000s ]
NOTIC: [8] Use of undefined constant feed_id - assumed 'feed_id' D:\wamp\www\quickmobile\Application\Mobile\Controller\FeedController.class.php 第 128 行.
SQL: SHOW COLUMNS FROM `funtu_feed` [ RunTime:0.009000s ]
SQL: SHOW COLUMNS FROM `funtu_feed_comment` [ RunTime:0.030001s ]
SQL: SELECT * FROM `funtu_feed_comment` WHERE ( feed_id=2 ) ORDER BY create_time desc LIMIT 0,10   [ RunTime:0.006001s ]
SQL: SHOW COLUMNS FROM `funtu_member` [ RunTime:0.021001s ]
SQL: SELECT `uid`,`nickname`,`uid`,`birthday`,`sex`,`avatar`,`qq`,`score` FROM `funtu_member` WHERE ( `uid` = 3 ) LIMIT 1   [ RunTime:0.001000s ]
SQL: SELECT `uid`,`nickname`,`uid`,`birthday`,`sex`,`avatar`,`qq`,`score` FROM `funtu_member` WHERE ( `uid` = 2 ) LIMIT 1   [ RunTime:0.000000s ]
SQL: SELECT `uid`,`nickname`,`uid`,`birthday`,`sex`,`avatar`,`qq`,`score` FROM `funtu_member` WHERE ( `uid` = 2 ) LIMIT 1   [ RunTime:0.001000s ]

[ 2015-01-24T22:57:51+08:00 ] 127.0.0.1 /quickmobile/api.php?s=mobile/feed/listcomment&os_version=4.4&os=Android&api_version=1&t=111111&uuid=99&token=d7de46680b48762bccc1a305b0d12f75&tel=15133628736&password=1234560&page=1&feed_id=2&count=10
INFO: [ app_init ] --START--
INFO: Run Common\Behavior\InitHook [ RunTime:0.005000s ]
INFO: [ app_init ] --END-- [ RunTime:0.006000s ]
INFO: [ app_begin ] --START--
INFO: Run Behavior\ReadHtmlCache [ RunTime:0.002000s ]
INFO: [ app_begin ] --END-- [ RunTime:0.002000s ]
NOTIC: [8] Use of undefined constant feed_id - assumed 'feed_id' D:\wamp\www\quickmobile\Application\Mobile\Controller\FeedController.class.php 第 128 行.
SQL: SHOW COLUMNS FROM `funtu_feed` [ RunTime:0.009000s ]
SQL: SHOW COLUMNS FROM `funtu_feed_comment` [ RunTime:0.008001s ]
SQL: SELECT * FROM `funtu_feed_comment` WHERE ( feed_id=2 ) ORDER BY create_time desc LIMIT 0,10   [ RunTime:0.001000s ]
SQL: SHOW COLUMNS FROM `funtu_member` [ RunTime:0.014001s ]

[ 2015-01-24T22:57:51+08:00 ] 127.0.0.1 /quickmobile/api.php?s=mobile/feed/listcomment&os_version=4.4&os=Android&api_version=1&t=111111&uuid=99&token=d7de46680b48762bccc1a305b0d12f75&tel=15133628736&password=1234560&page=1&feed_id=2&count=10
INFO: [ app_init ] --START--
INFO: Run Common\Behavior\InitHook [ RunTime:0.004000s ]
INFO: [ app_init ] --END-- [ RunTime:0.004000s ]
INFO: [ app_begin ] --START--
INFO: Run Behavior\ReadHtmlCache [ RunTime:0.001000s ]
INFO: [ app_begin ] --END-- [ RunTime:0.001000s ]
NOTIC: [8] Use of undefined constant feed_id - assumed 'feed_id' D:\wamp\www\quickmobile\Application\Mobile\Controller\FeedController.class.php 第 128 行.
SQL: SHOW COLUMNS FROM `funtu_feed` [ RunTime:0.008000s ]
SQL: SHOW COLUMNS FROM `funtu_feed_comment` [ RunTime:0.011001s ]
SQL: SELECT * FROM `funtu_feed_comment` WHERE ( feed_id=2 ) ORDER BY create_time desc LIMIT 0,10   [ RunTime:0.001000s ]
SQL: SHOW COLUMNS FROM `funtu_member` [ RunTime:0.012001s ]

[ 2015-01-24T22:58:56+08:00 ] 127.0.0.1 /quickmobile/api.php?s=mobile/feed/listcomment&os_version=4.4&os=Android&api_version=1&t=111111&uuid=99&token=d7de46680b48762bccc1a305b0d12f75&tel=15133628736&password=1234560&page=1&feed_id=2&count=10
INFO: [ app_init ] --START--
INFO: Run Common\Behavior\InitHook [ RunTime:0.003000s ]
INFO: [ app_init ] --END-- [ RunTime:0.005000s ]
INFO: [ app_begin ] --START--
INFO: Run Behavior\ReadHtmlCache [ RunTime:0.002000s ]
INFO: [ app_begin ] --END-- [ RunTime:0.002000s ]
NOTIC: [8] Use of undefined constant feed_id - assumed 'feed_id' D:\wamp\www\quickmobile\Application\Mobile\Controller\FeedController.class.php 第 128 行.
SQL: SHOW COLUMNS FROM `funtu_feed` [ RunTime:0.009000s ]
SQL: SHOW COLUMNS FROM `funtu_feed_comment` [ RunTime:0.007001s ]
SQL: SELECT * FROM `funtu_feed_comment` WHERE ( feed_id=2 ) ORDER BY create_time desc LIMIT 0,10   [ RunTime:0.002000s ]
SQL: SHOW COLUMNS FROM `funtu_member` [ RunTime:0.009000s ]

[ 2015-01-24T22:58:56+08:00 ] 127.0.0.1 /quickmobile/api.php?s=mobile/feed/listcomment&os_version=4.4&os=Android&api_version=1&t=111111&uuid=99&token=d7de46680b48762bccc1a305b0d12f75&tel=15133628736&password=1234560&page=1&feed_id=2&count=10
INFO: [ app_init ] --START--
INFO: Run Common\Behavior\InitHook [ RunTime:0.004000s ]
INFO: [ app_init ] --END-- [ RunTime:0.005000s ]
INFO: [ app_begin ] --START--
INFO: Run Behavior\ReadHtmlCache [ RunTime:0.001001s ]
INFO: [ app_begin ] --END-- [ RunTime:0.002001s ]
NOTIC: [8] Use of undefined constant feed_id - assumed 'feed_id' D:\wamp\www\quickmobile\Application\Mobile\Controller\FeedController.class.php 第 128 行.
SQL: SHOW COLUMNS FROM `funtu_feed` [ RunTime:0.009001s ]
SQL: SHOW COLUMNS FROM `funtu_feed_comment` [ RunTime:0.009000s ]
SQL: SELECT * FROM `funtu_feed_comment` WHERE ( feed_id=2 ) ORDER BY create_time desc LIMIT 0,10   [ RunTime:0.002001s ]
SQL: SHOW COLUMNS FROM `funtu_member` [ RunTime:0.011000s ]

[ 2015-01-24T23:00:05+08:00 ] 127.0.0.1 /quickmobile/api.php?s=mobile/feed/listcomment&os_version=4.4&os=Android&api_version=1&t=111111&uuid=99&token=d7de46680b48762bccc1a305b0d12f75&tel=15133628736&password=1234560&page=1&feed_id=2&count=10
INFO: [ app_init ] --START--
INFO: Run Common\Behavior\InitHook [ RunTime:0.006000s ]
INFO: [ app_init ] --END-- [ RunTime:0.008000s ]
INFO: [ app_begin ] --START--
INFO: Run Behavior\ReadHtmlCache [ RunTime:0.002000s ]
INFO: [ app_begin ] --END-- [ RunTime:0.002000s ]
NOTIC: [8] Use of undefined constant feed_id - assumed 'feed_id' D:\wamp\www\quickmobile\Application\Mobile\Controller\FeedController.class.php 第 128 行.
SQL: SHOW COLUMNS FROM `funtu_feed` [ RunTime:0.025002s ]
SQL: SHOW COLUMNS FROM `funtu_feed_comment` [ RunTime:0.010000s ]
SQL: SELECT * FROM `funtu_feed_comment` WHERE ( feed_id=2 ) ORDER BY create_time desc LIMIT 0,10   [ RunTime:0.001000s ]
SQL: SHOW COLUMNS FROM `funtu_member` [ RunTime:0.011000s ]

[ 2015-01-24T23:00:08+08:00 ] 127.0.0.1 /quickmobile/api.php?s=mobile/feed/listcomment&os_version=4.4&os=Android&api_version=1&t=111111&uuid=99&token=d7de46680b48762bccc1a305b0d12f75&tel=15133628736&password=1234560&page=1&feed_id=2&count=10
INFO: [ app_init ] --START--
INFO: Run Common\Behavior\InitHook [ RunTime:0.004000s ]
INFO: [ app_init ] --END-- [ RunTime:0.004000s ]
INFO: [ app_begin ] --START--
INFO: Run Behavior\ReadHtmlCache [ RunTime:0.001000s ]
INFO: [ app_begin ] --END-- [ RunTime:0.002000s ]
NOTIC: [8] Use of undefined constant feed_id - assumed 'feed_id' D:\wamp\www\quickmobile\Application\Mobile\Controller\FeedController.class.php 第 128 行.
SQL: SHOW COLUMNS FROM `funtu_feed` [ RunTime:0.009000s ]
SQL: SHOW COLUMNS FROM `funtu_feed_comment` [ RunTime:0.011000s ]
SQL: SELECT * FROM `funtu_feed_comment` WHERE ( feed_id=2 ) ORDER BY create_time desc LIMIT 0,10   [ RunTime:0.011001s ]
SQL: SHOW COLUMNS FROM `funtu_member` [ RunTime:0.045003s ]

[ 2015-01-24T23:00:08+08:00 ] 127.0.0.1 /quickmobile/api.php?s=mobile/feed/listcomment&os_version=4.4&os=Android&api_version=1&t=111111&uuid=99&token=d7de46680b48762bccc1a305b0d12f75&tel=15133628736&password=1234560&page=1&feed_id=2&count=10
INFO: [ app_init ] --START--
INFO: Run Common\Behavior\InitHook [ RunTime:0.005000s ]
INFO: [ app_init ] --END-- [ RunTime:0.007001s ]
INFO: [ app_begin ] --START--
INFO: Run Behavior\ReadHtmlCache [ RunTime:0.002000s ]
INFO: [ app_begin ] --END-- [ RunTime:0.002000s ]
NOTIC: [8] Use of undefined constant feed_id - assumed 'feed_id' D:\wamp\www\quickmobile\Application\Mobile\Controller\FeedController.class.php 第 128 行.
SQL: SHOW COLUMNS FROM `funtu_feed` [ RunTime:0.009001s ]
SQL: SHOW COLUMNS FROM `funtu_feed_comment` [ RunTime:0.014001s ]
SQL: SELECT * FROM `funtu_feed_comment` WHERE ( feed_id=2 ) ORDER BY create_time desc LIMIT 0,10   [ RunTime:0.001000s ]
SQL: SHOW COLUMNS FROM `funtu_member` [ RunTime:0.013000s ]

[ 2015-01-24T23:00:27+08:00 ] 127.0.0.1 /quickmobile/api.php?s=mobile/feed/listcomment&os_version=4.4&os=Android&api_version=1&t=111111&uuid=99&token=d7de46680b48762bccc1a305b0d12f75&tel=15133628736&password=1234560&page=1&feed_id=2&count=10
INFO: [ app_init ] --START--
INFO: Run Common\Behavior\InitHook [ RunTime:0.003000s ]
INFO: [ app_init ] --END-- [ RunTime:0.005000s ]
INFO: [ app_begin ] --START--
INFO: Run Behavior\ReadHtmlCache [ RunTime:0.001001s ]
INFO: [ app_begin ] --END-- [ RunTime:0.001001s ]
NOTIC: [8] Use of undefined constant feed_id - assumed 'feed_id' D:\wamp\www\quickmobile\Application\Mobile\Controller\FeedController.class.php 第 128 行.
SQL: SHOW COLUMNS FROM `funtu_feed` [ RunTime:0.011000s ]
SQL: SHOW COLUMNS FROM `funtu_feed_comment` [ RunTime:0.011001s ]
SQL: SELECT * FROM `funtu_feed_comment` WHERE ( feed_id=2 ) ORDER BY create_time desc LIMIT 0,10   [ RunTime:0.068004s ]
SQL: SHOW COLUMNS FROM `funtu_member` [ RunTime:0.008001s ]

[ 2015-01-24T23:00:27+08:00 ] 127.0.0.1 /quickmobile/api.php?s=mobile/feed/listcomment&os_version=4.4&os=Android&api_version=1&t=111111&uuid=99&token=d7de46680b48762bccc1a305b0d12f75&tel=15133628736&password=1234560&page=1&feed_id=2&count=10
INFO: [ app_init ] --START--
INFO: Run Common\Behavior\InitHook [ RunTime:0.004000s ]
INFO: [ app_init ] --END-- [ RunTime:0.005001s ]
INFO: [ app_begin ] --START--
INFO: Run Behavior\ReadHtmlCache [ RunTime:0.001000s ]
INFO: [ app_begin ] --END-- [ RunTime:0.001000s ]
NOTIC: [8] Use of undefined constant feed_id - assumed 'feed_id' D:\wamp\www\quickmobile\Application\Mobile\Controller\FeedController.class.php 第 128 行.
SQL: SHOW COLUMNS FROM `funtu_feed` [ RunTime:0.012001s ]
SQL: SHOW COLUMNS FROM `funtu_feed_comment` [ RunTime:0.010001s ]
SQL: SELECT * FROM `funtu_feed_comment` WHERE ( feed_id=2 ) ORDER BY create_time desc LIMIT 0,10   [ RunTime:0.003000s ]
SQL: SHOW COLUMNS FROM `funtu_member` [ RunTime:0.010001s ]

[ 2015-01-24T23:00:57+08:00 ] 127.0.0.1 /quickmobile/api.php?s=mobile/feed/listcomment&os_version=4.4&os=Android&api_version=1&t=111111&uuid=99&token=d7de46680b48762bccc1a305b0d12f75&tel=15133628736&password=1234560&page=1&feed_id=2&count=10
INFO: [ app_init ] --START--
INFO: Run Common\Behavior\InitHook [ RunTime:0.017001s ]
INFO: [ app_init ] --END-- [ RunTime:0.018001s ]
INFO: [ app_begin ] --START--
INFO: Run Behavior\ReadHtmlCache [ RunTime:0.002001s ]
INFO: [ app_begin ] --END-- [ RunTime:0.002001s ]
NOTIC: [8] Use of undefined constant feed_id - assumed 'feed_id' D:\wamp\www\quickmobile\Application\Mobile\Controller\FeedController.class.php 第 128 行.
SQL: SHOW COLUMNS FROM `funtu_feed` [ RunTime:0.016001s ]
SQL: SHOW COLUMNS FROM `funtu_feed_comment` [ RunTime:0.009000s ]
SQL: SELECT * FROM `funtu_feed_comment` WHERE ( feed_id=2 ) ORDER BY create_time desc LIMIT 0,10   [ RunTime:0.001000s ]
SQL: SHOW COLUMNS FROM `funtu_member` [ RunTime:0.012001s ]
SQL: SELECT `uid`,`nickname`,`uid`,`birthday`,`sex`,`avatar`,`qq`,`score` FROM `funtu_member` WHERE ( `uid` = 3 ) LIMIT 1   [ RunTime:0.007000s ]
NOTIC: [2] unlink(./Runtime/Temp/c41c07aceb7ca883712f88cea41645c2.php): No such file or directory D:\wamp\www\quickmobile\ThinkPHP\Library\Think\Cache\Driver\File.class.php 第 157 行.
SQL: SELECT `uid`,`nickname`,`uid`,`birthday`,`sex`,`avatar`,`qq`,`score` FROM `funtu_member` WHERE ( `uid` = 2 ) LIMIT 1   [ RunTime:0.005001s ]
SQL: SELECT `uid`,`nickname`,`uid`,`birthday`,`sex`,`avatar`,`qq`,`score` FROM `funtu_member` WHERE ( `uid` = 2 ) LIMIT 1   [ RunTime:0.004000s ]

[ 2015-01-24T23:00:57+08:00 ] 127.0.0.1 /quickmobile/api.php?s=mobile/feed/listcomment&os_version=4.4&os=Android&api_version=1&t=111111&uuid=99&token=d7de46680b48762bccc1a305b0d12f75&tel=15133628736&password=1234560&page=1&feed_id=2&count=10
INFO: [ app_init ] --START--
INFO: Run Common\Behavior\InitHook [ RunTime:0.006001s ]
INFO: [ app_init ] --END-- [ RunTime:0.008001s ]
INFO: [ app_begin ] --START--
INFO: Run Behavior\ReadHtmlCache [ RunTime:0.001000s ]
INFO: [ app_begin ] --END-- [ RunTime:0.002000s ]
NOTIC: [8] Use of undefined constant feed_id - assumed 'feed_id' D:\wamp\www\quickmobile\Application\Mobile\Controller\FeedController.class.php 第 128 行.
SQL: SHOW COLUMNS FROM `funtu_feed` [ RunTime:0.012001s ]
SQL: SHOW COLUMNS FROM `funtu_feed_comment` [ RunTime:0.013001s ]
SQL: SELECT * FROM `funtu_feed_comment` WHERE ( feed_id=2 ) ORDER BY create_time desc LIMIT 0,10   [ RunTime:0.001000s ]
SQL: SHOW COLUMNS FROM `funtu_member` [ RunTime:0.013001s ]
NOTIC: [2] unlink(./Runtime/Temp/c41c07aceb7ca883712f88cea41645c2.php): No such file or directory D:\wamp\www\quickmobile\ThinkPHP\Library\Think\Cache\Driver\File.class.php 第 157 行.
SQL: SELECT `uid`,`nickname`,`uid`,`birthday`,`sex`,`avatar`,`qq`,`score` FROM `funtu_member` WHERE ( `uid` = 3 ) LIMIT 1   [ RunTime:0.004000s ]
NOTIC: [2] unlink(./Runtime/Temp/c41c07aceb7ca883712f88cea41645c2.php): No such file or directory D:\wamp\www\quickmobile\ThinkPHP\Library\Think\Cache\Driver\File.class.php 第 157 行.
SQL: SELECT `uid`,`nickname`,`uid`,`birthday`,`sex`,`avatar`,`qq`,`score` FROM `funtu_member` WHERE ( `uid` = 2 ) LIMIT 1   [ RunTime:0.004001s ]
SQL: SELECT `uid`,`nickname`,`uid`,`birthday`,`sex`,`avatar`,`qq`,`score` FROM `funtu_member` WHERE ( `uid` = 2 ) LIMIT 1   [ RunTime:0.002000s ]

[ 2015-01-24T23:03:34+08:00 ] 127.0.0.1 /quickmobile/api.php?s=mobile/feed/listcomment&os_version=4.4&os=Android&api_version=1&t=111111&uuid=99&token=d7de46680b48762bccc1a305b0d12f75&tel=15133628736&password=1234560&page=1&feed_id=2&count=10
INFO: [ app_init ] --START--
INFO: Run Common\Behavior\InitHook [ RunTime:0.006000s ]
INFO: [ app_init ] --END-- [ RunTime:0.008000s ]
INFO: [ app_begin ] --START--
INFO: Run Behavior\ReadHtmlCache [ RunTime:0.001001s ]
INFO: [ app_begin ] --END-- [ RunTime:0.001001s ]
NOTIC: [8] Use of undefined constant feed_id - assumed 'feed_id' D:\wamp\www\quickmobile\Application\Mobile\Controller\FeedController.class.php 第 128 行.
SQL: SHOW COLUMNS FROM `funtu_feed` [ RunTime:0.063003s ]
SQL: SHOW COLUMNS FROM `funtu_feed_comment` [ RunTime:0.012000s ]
SQL: SELECT * FROM `funtu_feed_comment` WHERE ( feed_id=2 ) ORDER BY create_time desc LIMIT 0,10   [ RunTime:0.001000s ]
SQL: SHOW COLUMNS FROM `funtu_member` [ RunTime:0.009000s ]
SQL: SELECT `uid`,`nickname`,`uid`,`birthday`,`sex`,`avatar`,`qq`,`score` FROM `funtu_member` WHERE ( `uid` = 3 ) LIMIT 1   [ RunTime:0.001000s ]
NOTIC: [2] unlink(./Runtime/Temp/c41c07aceb7ca883712f88cea41645c2.php): No such file or directory D:\wamp\www\quickmobile\ThinkPHP\Library\Think\Cache\Driver\File.class.php 第 157 行.

[ 2015-01-24T23:03:34+08:00 ] 127.0.0.1 /quickmobile/api.php?s=mobile/feed/listcomment&os_version=4.4&os=Android&api_version=1&t=111111&uuid=99&token=d7de46680b48762bccc1a305b0d12f75&tel=15133628736&password=1234560&page=1&feed_id=2&count=10
INFO: [ app_init ] --START--
INFO: Run Common\Behavior\InitHook [ RunTime:0.005001s ]
INFO: [ app_init ] --END-- [ RunTime:0.006001s ]
INFO: [ app_begin ] --START--
INFO: Run Behavior\ReadHtmlCache [ RunTime:0.001000s ]
INFO: [ app_begin ] --END-- [ RunTime:0.002000s ]
NOTIC: [8] Use of undefined constant feed_id - assumed 'feed_id' D:\wamp\www\quickmobile\Application\Mobile\Controller\FeedController.class.php 第 128 行.
SQL: SHOW COLUMNS FROM `funtu_feed` [ RunTime:0.015001s ]
SQL: SHOW COLUMNS FROM `funtu_feed_comment` [ RunTime:0.009001s ]
SQL: SELECT * FROM `funtu_feed_comment` WHERE ( feed_id=2 ) ORDER BY create_time desc LIMIT 0,10   [ RunTime:0.001000s ]
SQL: SHOW COLUMNS FROM `funtu_member` [ RunTime:0.011001s ]
SQL: SELECT `uid`,`nickname`,`uid`,`birthday`,`sex`,`avatar`,`qq`,`score` FROM `funtu_member` WHERE ( `uid` = 3 ) LIMIT 1   [ RunTime:0.002000s ]
NOTIC: [2] unlink(./Runtime/Temp/c41c07aceb7ca883712f88cea41645c2.php): No such file or directory D:\wamp\www\quickmobile\ThinkPHP\Library\Think\Cache\Driver\File.class.php 第 157 行.

