[ 2015-02-01T22:14:57+08:00 ] 127.0.0.1 /quickmobile/api.php?s=mobile/feed/listfeeds&os_version=4.4&os=Android&api_version=1&t=111111&uuid=99&token=d7de46680b48762bccc1a305b0d12f75&tel=15133628736&password=1234560&page=1
INFO: [ app_init ] --START--
SQL: SHOW COLUMNS FROM `funtu_hooks` [ RunTime:0.030002s ]
SQL: SELECT `name`,`addons` FROM `funtu_hooks`  [ RunTime:0.001000s ]
SQL: SHOW COLUMNS FROM `funtu_addons` [ RunTime:0.052003s ]
SQL: SELECT `id`,`name` FROM `funtu_addons` WHERE ( `status` = 1 ) AND ( `name` IN ('ReturnTop') )  [ RunTime:0.017001s ]
SQL: SELECT `id`,`name` FROM `funtu_addons` WHERE ( `status` = 1 ) AND ( `name` IN ('Attachment') )  [ RunTime:0.001000s ]
SQL: SELECT `id`,`name` FROM `funtu_addons` WHERE ( `status` = 1 ) AND ( `name` IN ('Attachment','SocialComment') )  [ RunTime:0.038002s ]
SQL: SELECT `id`,`name` FROM `funtu_addons` WHERE ( `status` = 1 ) AND ( `name` IN ('Attachment') )  [ RunTime:0.001000s ]
SQL: SELECT `id`,`name` FROM `funtu_addons` WHERE ( `status` = 1 ) AND ( `name` IN ('Editor') )  [ RunTime:0.002000s ]
SQL: SELECT `id`,`name` FROM `funtu_addons` WHERE ( `status` = 1 ) AND ( `name` IN ('EditorForAdmin') )  [ RunTime:0.001000s ]
SQL: SELECT `id`,`name` FROM `funtu_addons` WHERE ( `status` = 1 ) AND ( `name` IN ('SiteStat','SystemInfo','DevTeam') )  [ RunTime:0.001000s ]
SQL: SELECT `id`,`name` FROM `funtu_addons` WHERE ( `status` = 1 ) AND ( `name` IN ('Editor') )  [ RunTime:0.002000s ]
INFO: Run Common\Behavior\InitHook [ RunTime:0.367021s ]
INFO: [ app_init ] --END-- [ RunTime:0.370021s ]
INFO: [ app_begin ] --START--
INFO: Run Behavior\ReadHtmlCache [ RunTime:0.050003s ]
INFO: [ app_begin ] --END-- [ RunTime:0.050003s ]
SQL: SHOW COLUMNS FROM `funtu_feed` [ RunTime:0.007001s ]
SQL: SHOW COLUMNS FROM `funtu_feed_comment` [ RunTime:0.109006s ]
SQL: SELECT `uid`,`content`,`create_time`,`comment_count`,`status`,`is_top`,`type`,`anonymous`,`data`,`repost_count`,`location`,`ip`,`md5`,`from` FROM `funtu_feed` ORDER BY comment_count desc,create_time desc LIMIT 0,20   [ RunTime:0.005000s ]
SQL: SHOW COLUMNS FROM `funtu_member` [ RunTime:0.037003s ]
SQL: SELECT `uid`,`nickname`,`uid`,`birthday`,`sex`,`avatar`,`qq`,`score` FROM `funtu_member` WHERE ( `uid` = 2 ) LIMIT 1   [ RunTime:0.353020s ]
NOTIC: [8] Undefined index: id D:\wamp\www\quickmobile\Application\Feed\Api\FeedApi.class.php 第 38 行.
SQL: SELECT `uid`,`nickname`,`uid`,`birthday`,`sex`,`avatar`,`qq`,`score` FROM `funtu_member` WHERE ( `uid` = 8 ) LIMIT 1   [ RunTime:0.001000s ]
NOTIC: [8] Undefined index: id D:\wamp\www\quickmobile\Application\Feed\Api\FeedApi.class.php 第 38 行.
SQL: SELECT `uid`,`nickname`,`uid`,`birthday`,`sex`,`avatar`,`qq`,`score` FROM `funtu_member` WHERE ( `uid` = 8 ) LIMIT 1   [ RunTime:0.001000s ]
NOTIC: [8] Undefined index: id D:\wamp\www\quickmobile\Application\Feed\Api\FeedApi.class.php 第 38 行.
SQL: SELECT `uid`,`nickname`,`uid`,`birthday`,`sex`,`avatar`,`qq`,`score` FROM `funtu_member` WHERE ( `uid` = 2 ) LIMIT 1   [ RunTime:0.001000s ]
NOTIC: [8] Undefined index: id D:\wamp\www\quickmobile\Application\Feed\Api\FeedApi.class.php 第 38 行.

[ 2015-02-01T22:23:47+08:00 ] 127.0.0.1 /quickmobile/api.php?s=mobile/feed/send&os_version=4.4&os=Android&api_version=1&t=111111&uuid=99&token=d7de46680b48762bccc1a305b0d12f75&tel=15133628736&password=1234560
INFO: [ app_init ] --START--
INFO: Run Common\Behavior\InitHook [ RunTime:0.055003s ]
INFO: [ app_init ] --END-- [ RunTime:0.057003s ]
INFO: [ app_begin ] --START--
INFO: Run Behavior\ReadHtmlCache [ RunTime:0.003001s ]
INFO: [ app_begin ] --END-- [ RunTime:0.003001s ]

[ 2015-02-01T22:24:43+08:00 ] 127.0.0.1 /quickmobile/api.php?s=mobile/feed/send&os_version=4.4&os=Android&api_version=1&t=111111&uuid=99&token=d7de46680b48762bccc1a305b0d12f75&tel=15133628736&password=1234560
INFO: [ app_init ] --START--
INFO: Run Common\Behavior\InitHook [ RunTime:0.004000s ]
INFO: [ app_init ] --END-- [ RunTime:0.006000s ]
INFO: [ app_begin ] --START--
INFO: Run Behavior\ReadHtmlCache [ RunTime:0.001000s ]
INFO: [ app_begin ] --END-- [ RunTime:0.001000s ]
NOTIC: [2] call_user_func() expects parameter 1 to be a valid callback, no array or string given D:\wamp\www\quickmobile\ThinkPHP\Library\Think\Upload.class.php 第 167 行.
NOTIC: [2] call_user_func() expects parameter 1 to be a valid callback, no array or string given D:\wamp\www\quickmobile\ThinkPHP\Library\Think\Upload.class.php 第 167 行.
SQL: SHOW COLUMNS FROM `funtu_feed` [ RunTime:0.007000s ]
SQL: SHOW COLUMNS FROM `funtu_feed_comment` [ RunTime:0.008000s ]
SQL: SELECT `md5` FROM `funtu_feed` WHERE ( `md5` = '8501f5c606a58437dd822311fec349ed' ) LIMIT 1   [ RunTime:0.001000s ]
SQL: INSERT INTO `funtu_feed` (`uid`,`anonymous`,`content`,`type`,`from`,`ip`,`md5`,`location`,`create_time`,`status`) VALUES (3,0,'{\"main_pic\":\"Feed\\/2015-02-01\\/54ce372b8d206.jpg\",\"tuya_pic\":\"Feed\\/2015-02-01\\/54ce372b927f8.jpg\",\"anonymous\":\"0\"}','origin','','127.0.0.1','8501f5c606a58437dd822311fec349ed','(33.9,45.8)=(北京市海淀区中关村)',1422800683,1) [ RunTime:0.079005s ]

[ 2015-02-01T22:35:11+08:00 ] 127.0.0.1 /quickmobile/api.php?s=mobile/feed/send&os_version=4.4&os=Android&api_version=1&t=111111&uuid=99&token=d7de46680b48762bccc1a305b0d12f75&tel=15133628736&password=1234560
INFO: [ app_init ] --START--
INFO: Run Common\Behavior\InitHook [ RunTime:0.005000s ]
INFO: [ app_init ] --END-- [ RunTime:0.006000s ]
INFO: [ app_begin ] --START--
INFO: Run Behavior\ReadHtmlCache [ RunTime:0.001000s ]
INFO: [ app_begin ] --END-- [ RunTime:0.003000s ]
NOTIC: [2] call_user_func() expects parameter 1 to be a valid callback, no array or string given D:\wamp\www\quickmobile\ThinkPHP\Library\Think\Upload.class.php 第 167 行.
NOTIC: [2] call_user_func() expects parameter 1 to be a valid callback, no array or string given D:\wamp\www\quickmobile\ThinkPHP\Library\Think\Upload.class.php 第 167 行.
SQL: SHOW COLUMNS FROM `funtu_feed` [ RunTime:0.007000s ]
SQL: SHOW COLUMNS FROM `funtu_feed_comment` [ RunTime:0.007001s ]
SQL: SELECT `md5` FROM `funtu_feed` WHERE ( `md5` = '4ad2965f6af23b48a3ec6e5960825bf8' ) LIMIT 1   [ RunTime:0.001000s ]
SQL: INSERT INTO `funtu_feed` (`uid`,`anonymous`,`content`,`type`,`from`,`ip`,`md5`,`location`,`create_time`,`status`) VALUES (3,0,'{\"main_pic\":\"Feed\\/2015-02-01\\/54ce399f4802e.jpg\",\"tuya_pic\":\"Feed\\/2015-02-01\\/54ce399f49b86.jpg\",\"anonymous\":\"0\",\"from\":\"Android_4.4_\\u534e\\u4e3a\"}','origin','Android_4.4_华为','127.0.0.1','4ad2965f6af23b48a3ec6e5960825bf8','(33.9,45.8)=(北京市海淀区中关村)',1422801311,1) [ RunTime:0.046003s ]

[ 2015-02-01T22:35:14+08:00 ] 127.0.0.1 /quickmobile/api.php?s=mobile/feed/send&os_version=4.4&os=Android&api_version=1&t=111111&uuid=99&token=d7de46680b48762bccc1a305b0d12f75&tel=15133628736&password=1234560
INFO: [ app_init ] --START--
INFO: Run Common\Behavior\InitHook [ RunTime:0.005001s ]
INFO: [ app_init ] --END-- [ RunTime:0.006001s ]
INFO: [ app_begin ] --START--
INFO: Run Behavior\ReadHtmlCache [ RunTime:0.001000s ]
INFO: [ app_begin ] --END-- [ RunTime:0.001000s ]
NOTIC: [2] call_user_func() expects parameter 1 to be a valid callback, no array or string given D:\wamp\www\quickmobile\ThinkPHP\Library\Think\Upload.class.php 第 167 行.
NOTIC: [2] call_user_func() expects parameter 1 to be a valid callback, no array or string given D:\wamp\www\quickmobile\ThinkPHP\Library\Think\Upload.class.php 第 167 行.
SQL: SHOW COLUMNS FROM `funtu_feed` [ RunTime:0.029001s ]
SQL: SHOW COLUMNS FROM `funtu_feed_comment` [ RunTime:0.007000s ]
SQL: SELECT `md5` FROM `funtu_feed` WHERE ( `md5` = '0868a54f1ea7faa910ca5f091d8865aa' ) LIMIT 1   [ RunTime:0.002000s ]
SQL: INSERT INTO `funtu_feed` (`uid`,`anonymous`,`content`,`type`,`from`,`ip`,`md5`,`location`,`create_time`,`status`) VALUES (3,0,'{\"main_pic\":\"Feed\\/2015-02-01\\/54ce39a2a12b6.jpg\",\"tuya_pic\":\"Feed\\/2015-02-01\\/54ce39a2a263e.jpg\",\"anonymous\":\"0\",\"from\":\"Android_4.4_\\u534e\\u4e3a\"}','origin','Android_4.4_华为','127.0.0.1','0868a54f1ea7faa910ca5f091d8865aa','(33.9,45.8)=(北京市海淀区中关村)',1422801314,1) [ RunTime:0.124008s ]

[ 2015-02-01T22:35:14+08:00 ] 127.0.0.1 /quickmobile/api.php?s=mobile/feed/send&os_version=4.4&os=Android&api_version=1&t=111111&uuid=99&token=d7de46680b48762bccc1a305b0d12f75&tel=15133628736&password=1234560
INFO: [ app_init ] --START--
INFO: Run Common\Behavior\InitHook [ RunTime:0.006000s ]
INFO: [ app_init ] --END-- [ RunTime:0.007000s ]
INFO: [ app_begin ] --START--
INFO: Run Behavior\ReadHtmlCache [ RunTime:0.003001s ]
INFO: [ app_begin ] --END-- [ RunTime:0.004001s ]
NOTIC: [2] call_user_func() expects parameter 1 to be a valid callback, no array or string given D:\wamp\www\quickmobile\ThinkPHP\Library\Think\Upload.class.php 第 167 行.
NOTIC: [2] call_user_func() expects parameter 1 to be a valid callback, no array or string given D:\wamp\www\quickmobile\ThinkPHP\Library\Think\Upload.class.php 第 167 行.
SQL: SHOW COLUMNS FROM `funtu_feed` [ RunTime:0.007000s ]
SQL: SHOW COLUMNS FROM `funtu_feed_comment` [ RunTime:0.008000s ]
SQL: SELECT `md5` FROM `funtu_feed` WHERE ( `md5` = 'a83b22c62fdf3cf0ea89cd078da0cec1' ) LIMIT 1   [ RunTime:0.001000s ]
SQL: INSERT INTO `funtu_feed` (`uid`,`anonymous`,`content`,`type`,`from`,`ip`,`md5`,`location`,`create_time`,`status`) VALUES (3,0,'{\"main_pic\":\"Feed\\/2015-02-01\\/54ce39a2d0891.jpg\",\"tuya_pic\":\"Feed\\/2015-02-01\\/54ce39a2d2002.jpg\",\"anonymous\":\"0\",\"from\":\"Android_4.4_\\u534e\\u4e3a\"}','origin','Android_4.4_华为','127.0.0.1','a83b22c62fdf3cf0ea89cd078da0cec1','(33.9,45.8)=(北京市海淀区中关村)',1422801314,1) [ RunTime:0.070004s ]

[ 2015-02-01T22:37:11+08:00 ] 127.0.0.1 /quickmobile/api.php?s=mobile/feed/listfeeds&os_version=4.4&os=Android&api_version=1&t=111111&uuid=99&token=d7de46680b48762bccc1a305b0d12f75&tel=15133628736&password=1234560&page=1
INFO: [ app_init ] --START--
INFO: Run Common\Behavior\InitHook [ RunTime:0.005000s ]
INFO: [ app_init ] --END-- [ RunTime:0.006000s ]
INFO: [ app_begin ] --START--
INFO: Run Behavior\ReadHtmlCache [ RunTime:0.001000s ]
INFO: [ app_begin ] --END-- [ RunTime:0.002001s ]
SQL: SHOW COLUMNS FROM `funtu_feed` [ RunTime:0.009001s ]
SQL: SHOW COLUMNS FROM `funtu_feed_comment` [ RunTime:0.011001s ]
SQL: SELECT `uid`,`content`,`create_time`,`comment_count`,`status`,`is_top`,`type`,`anonymous`,`data`,`repost_count`,`location`,`ip`,`md5`,`from` FROM `funtu_feed` ORDER BY comment_count desc,create_time desc LIMIT 0,20   [ RunTime:0.004000s ]
SQL: SHOW COLUMNS FROM `funtu_member` [ RunTime:0.027001s ]
SQL: SELECT `uid`,`nickname`,`uid`,`birthday`,`sex`,`avatar`,`qq`,`score` FROM `funtu_member` WHERE ( `uid` = 3 ) LIMIT 1   [ RunTime:0.002001s ]
NOTIC: [8] Undefined index: id D:\wamp\www\quickmobile\Application\Feed\Api\FeedApi.class.php 第 38 行.
SQL: SELECT `uid`,`nickname`,`uid`,`birthday`,`sex`,`avatar`,`qq`,`score` FROM `funtu_member` WHERE ( `uid` = 3 ) LIMIT 1   [ RunTime:0.001000s ]
NOTIC: [8] Undefined index: id D:\wamp\www\quickmobile\Application\Feed\Api\FeedApi.class.php 第 38 行.
NOTIC: [2] unlink(./Runtime/Temp/72cc271481ffed311e2c75e4c10e0339.php): No such file or directory D:\wamp\www\quickmobile\ThinkPHP\Library\Think\Cache\Driver\File.class.php 第 157 行.
SQL: SELECT `uid`,`nickname`,`uid`,`birthday`,`sex`,`avatar`,`qq`,`score` FROM `funtu_member` WHERE ( `uid` = 3 ) LIMIT 1   [ RunTime:0.003000s ]
NOTIC: [8] Undefined index: id D:\wamp\www\quickmobile\Application\Feed\Api\FeedApi.class.php 第 38 行.
NOTIC: [2] unlink(./Runtime/Temp/72cc271481ffed311e2c75e4c10e0339.php): No such file or directory D:\wamp\www\quickmobile\ThinkPHP\Library\Think\Cache\Driver\File.class.php 第 157 行.
SQL: SELECT `uid`,`nickname`,`uid`,`birthday`,`sex`,`avatar`,`qq`,`score` FROM `funtu_member` WHERE ( `uid` = 3 ) LIMIT 1   [ RunTime:0.001001s ]
NOTIC: [8] Undefined index: id D:\wamp\www\quickmobile\Application\Feed\Api\FeedApi.class.php 第 38 行.
NOTIC: [2] unlink(./Runtime/Temp/72cc271481ffed311e2c75e4c10e0339.php): No such file or directory D:\wamp\www\quickmobile\ThinkPHP\Library\Think\Cache\Driver\File.class.php 第 157 行.

[ 2015-02-01T22:37:23+08:00 ] 127.0.0.1 /quickmobile/api.php?s=mobile/feed/listfeeds&os_version=4.4&os=Android&api_version=1&t=111111&uuid=99&token=d7de46680b48762bccc1a305b0d12f75&tel=15133628736&password=1234560&page=1
INFO: [ app_init ] --START--
INFO: Run Common\Behavior\InitHook [ RunTime:0.008000s ]
INFO: [ app_init ] --END-- [ RunTime:0.009000s ]
INFO: [ app_begin ] --START--
INFO: Run Behavior\ReadHtmlCache [ RunTime:0.001000s ]
INFO: [ app_begin ] --END-- [ RunTime:0.002000s ]
SQL: SHOW COLUMNS FROM `funtu_feed` [ RunTime:0.008000s ]
SQL: SHOW COLUMNS FROM `funtu_feed_comment` [ RunTime:0.012001s ]
SQL: SELECT `uid`,`content`,`create_time`,`comment_count`,`status`,`is_top`,`type`,`anonymous`,`data`,`repost_count`,`location`,`ip`,`md5`,`from` FROM `funtu_feed` ORDER BY comment_count desc,create_time desc LIMIT 0,20   [ RunTime:0.001000s ]
SQL: SHOW COLUMNS FROM `funtu_member` [ RunTime:0.008001s ]
SQL: SELECT `uid`,`nickname`,`uid`,`birthday`,`sex`,`avatar`,`qq`,`score` FROM `funtu_member` WHERE ( `uid` = 3 ) LIMIT 1   [ RunTime:0.000000s ]
NOTIC: [8] Undefined index: id D:\wamp\www\quickmobile\Application\Feed\Api\FeedApi.class.php 第 38 行.
NOTIC: [2] unlink(./Runtime/Temp/72cc271481ffed311e2c75e4c10e0339.php): No such file or directory D:\wamp\www\quickmobile\ThinkPHP\Library\Think\Cache\Driver\File.class.php 第 157 行.
SQL: SELECT `uid`,`nickname`,`uid`,`birthday`,`sex`,`avatar`,`qq`,`score` FROM `funtu_member` WHERE ( `uid` = 3 ) LIMIT 1   [ RunTime:0.001001s ]
NOTIC: [8] Undefined index: id D:\wamp\www\quickmobile\Application\Feed\Api\FeedApi.class.php 第 38 行.
NOTIC: [2] unlink(./Runtime/Temp/72cc271481ffed311e2c75e4c10e0339.php): No such file or directory D:\wamp\www\quickmobile\ThinkPHP\Library\Think\Cache\Driver\File.class.php 第 157 行.
SQL: SELECT `uid`,`nickname`,`uid`,`birthday`,`sex`,`avatar`,`qq`,`score` FROM `funtu_member` WHERE ( `uid` = 3 ) LIMIT 1   [ RunTime:0.001000s ]
NOTIC: [8] Undefined index: id D:\wamp\www\quickmobile\Application\Feed\Api\FeedApi.class.php 第 38 行.
NOTIC: [2] unlink(./Runtime/Temp/72cc271481ffed311e2c75e4c10e0339.php): No such file or directory D:\wamp\www\quickmobile\ThinkPHP\Library\Think\Cache\Driver\File.class.php 第 157 行.
SQL: SELECT `uid`,`nickname`,`uid`,`birthday`,`sex`,`avatar`,`qq`,`score` FROM `funtu_member` WHERE ( `uid` = 3 ) LIMIT 1   [ RunTime:0.001000s ]
NOTIC: [8] Undefined index: id D:\wamp\www\quickmobile\Application\Feed\Api\FeedApi.class.php 第 38 行.
NOTIC: [2] unlink(./Runtime/Temp/72cc271481ffed311e2c75e4c10e0339.php): No such file or directory D:\wamp\www\quickmobile\ThinkPHP\Library\Think\Cache\Driver\File.class.php 第 157 行.

[ 2015-02-01T22:37:29+08:00 ] 127.0.0.1 /quickmobile/api.php?s=mobile/feed/listfeeds&os_version=4.4&os=Android&api_version=1&t=111111&uuid=99&token=d7de46680b48762bccc1a305b0d12f75&tel=15133628736&password=1234560&page=1
INFO: [ app_init ] --START--
INFO: Run Common\Behavior\InitHook [ RunTime:0.005000s ]
INFO: [ app_init ] --END-- [ RunTime:0.008000s ]
INFO: [ app_begin ] --START--
INFO: Run Behavior\ReadHtmlCache [ RunTime:0.001000s ]
INFO: [ app_begin ] --END-- [ RunTime:0.001000s ]
SQL: SHOW COLUMNS FROM `funtu_feed` [ RunTime:0.016001s ]
SQL: SHOW COLUMNS FROM `funtu_feed_comment` [ RunTime:0.009001s ]
SQL: SELECT `uid`,`content`,`create_time`,`comment_count`,`status`,`is_top`,`type`,`anonymous`,`data`,`repost_count`,`location`,`ip`,`md5`,`from` FROM `funtu_feed` ORDER BY comment_count desc,create_time desc LIMIT 0,20   [ RunTime:0.004000s ]
SQL: SHOW COLUMNS FROM `funtu_member` [ RunTime:0.008001s ]
SQL: SELECT `uid`,`nickname`,`uid`,`birthday`,`sex`,`avatar`,`qq`,`score` FROM `funtu_member` WHERE ( `uid` = 3 ) LIMIT 1   [ RunTime:0.002000s ]
NOTIC: [8] Undefined index: id D:\wamp\www\quickmobile\Application\Feed\Api\FeedApi.class.php 第 38 行.
NOTIC: [2] unlink(./Runtime/Temp/72cc271481ffed311e2c75e4c10e0339.php): No such file or directory D:\wamp\www\quickmobile\ThinkPHP\Library\Think\Cache\Driver\File.class.php 第 157 行.
SQL: SELECT `uid`,`nickname`,`uid`,`birthday`,`sex`,`avatar`,`qq`,`score` FROM `funtu_member` WHERE ( `uid` = 3 ) LIMIT 1   [ RunTime:0.001000s ]
NOTIC: [8] Undefined index: id D:\wamp\www\quickmobile\Application\Feed\Api\FeedApi.class.php 第 38 行.
NOTIC: [2] unlink(./Runtime/Temp/72cc271481ffed311e2c75e4c10e0339.php): No such file or directory D:\wamp\www\quickmobile\ThinkPHP\Library\Think\Cache\Driver\File.class.php 第 157 行.
SQL: SELECT `uid`,`nickname`,`uid`,`birthday`,`sex`,`avatar`,`qq`,`score` FROM `funtu_member` WHERE ( `uid` = 3 ) LIMIT 1   [ RunTime:0.001000s ]
NOTIC: [8] Undefined index: id D:\wamp\www\quickmobile\Application\Feed\Api\FeedApi.class.php 第 38 行.
NOTIC: [2] unlink(./Runtime/Temp/72cc271481ffed311e2c75e4c10e0339.php): No such file or directory D:\wamp\www\quickmobile\ThinkPHP\Library\Think\Cache\Driver\File.class.php 第 157 行.
SQL: SELECT `uid`,`nickname`,`uid`,`birthday`,`sex`,`avatar`,`qq`,`score` FROM `funtu_member` WHERE ( `uid` = 3 ) LIMIT 1   [ RunTime:0.001000s ]
NOTIC: [8] Undefined index: id D:\wamp\www\quickmobile\Application\Feed\Api\FeedApi.class.php 第 38 行.
NOTIC: [2] unlink(./Runtime/Temp/72cc271481ffed311e2c75e4c10e0339.php): No such file or directory D:\wamp\www\quickmobile\ThinkPHP\Library\Think\Cache\Driver\File.class.php 第 157 行.

[ 2015-02-01T22:49:07+08:00 ] 127.0.0.1 /quickmobile/api.php?s=mobile/feed/listfeeds&os_version=4.4&os=Android&api_version=1&t=111111&uuid=99&token=d7de46680b48762bccc1a305b0d12f75&tel=15133628736&password=1234560&page=1
INFO: [ app_init ] --START--
INFO: Run Common\Behavior\InitHook [ RunTime:0.006000s ]
INFO: [ app_init ] --END-- [ RunTime:0.007000s ]
INFO: [ app_begin ] --START--
INFO: Run Behavior\ReadHtmlCache [ RunTime:0.002000s ]
INFO: [ app_begin ] --END-- [ RunTime:0.004000s ]
SQL: SHOW COLUMNS FROM `funtu_feed` [ RunTime:0.009001s ]
SQL: SHOW COLUMNS FROM `funtu_feed_comment` [ RunTime:0.011001s ]
SQL: SELECT `uid`,`content`,`create_time`,`comment_count`,`status`,`is_top`,`type`,`anonymous`,`data`,`repost_count`,`location`,`ip`,`md5`,`from` FROM `funtu_feed` ORDER BY comment_count desc,create_time desc LIMIT 0,20   [ RunTime:0.001000s ]
SQL: SHOW COLUMNS FROM `funtu_member` [ RunTime:0.010000s ]
SQL: SELECT `uid`,`nickname`,`uid`,`birthday`,`sex`,`avatar`,`qq`,`score` FROM `funtu_member` WHERE ( `uid` = 2 ) LIMIT 1   [ RunTime:0.001000s ]
NOTIC: [8] Undefined index: id D:\wamp\www\quickmobile\Application\Feed\Api\FeedApi.class.php 第 38 行.
SQL: SELECT `uid`,`nickname`,`uid`,`birthday`,`sex`,`avatar`,`qq`,`score` FROM `funtu_member` WHERE ( `uid` = 2 ) LIMIT 1   [ RunTime:0.000000s ]
NOTIC: [8] Undefined index: id D:\wamp\www\quickmobile\Application\Feed\Api\FeedApi.class.php 第 38 行.
SQL: SELECT `uid`,`nickname`,`uid`,`birthday`,`sex`,`avatar`,`qq`,`score` FROM `funtu_member` WHERE ( `uid` = 2 ) LIMIT 1   [ RunTime:0.002000s ]
NOTIC: [8] Undefined index: id D:\wamp\www\quickmobile\Application\Feed\Api\FeedApi.class.php 第 38 行.
SQL: SELECT `uid`,`nickname`,`uid`,`birthday`,`sex`,`avatar`,`qq`,`score` FROM `funtu_member` WHERE ( `uid` = 2 ) LIMIT 1   [ RunTime:0.000000s ]
NOTIC: [8] Undefined index: id D:\wamp\www\quickmobile\Application\Feed\Api\FeedApi.class.php 第 38 行.

[ 2015-02-01T22:55:28+08:00 ] 127.0.0.1 /quickmobile/api.php?s=mobile/feed/listfeeds&os_version=4.4&os=Android&api_version=1&t=111111&uuid=99&token=d7de46680b48762bccc1a305b0d12f75&tel=15133628736&password=1234560&page=1
INFO: [ app_init ] --START--
INFO: Run Common\Behavior\InitHook [ RunTime:0.005000s ]
INFO: [ app_init ] --END-- [ RunTime:0.007000s ]
INFO: [ app_begin ] --START--
INFO: Run Behavior\ReadHtmlCache [ RunTime:0.001000s ]
INFO: [ app_begin ] --END-- [ RunTime:0.002000s ]
SQL: SHOW COLUMNS FROM `funtu_feed` [ RunTime:0.010000s ]
SQL: SHOW COLUMNS FROM `funtu_feed_comment` [ RunTime:0.021001s ]
SQL: SELECT `uid`,`content`,`create_time`,`comment_count`,`status`,`is_top`,`type`,`anonymous`,`data`,`repost_count`,`location`,`ip`,`md5`,`from` FROM `funtu_feed` ORDER BY comment_count desc,create_time desc LIMIT 0,20   [ RunTime:0.002000s ]
SQL: SHOW COLUMNS FROM `funtu_member` [ RunTime:0.016001s ]
SQL: SELECT `uid`,`nickname`,`uid`,`birthday`,`sex`,`avatar`,`qq`,`score` FROM `funtu_member` WHERE ( `uid` = 2 ) LIMIT 1   [ RunTime:0.001000s ]
NOTIC: [8] Undefined index: id D:\wamp\www\quickmobile\Application\Feed\Api\FeedApi.class.php 第 39 行.
SQL: SELECT `uid`,`nickname`,`uid`,`birthday`,`sex`,`avatar`,`qq`,`score` FROM `funtu_member` WHERE ( `uid` = 2 ) LIMIT 1   [ RunTime:0.002001s ]
NOTIC: [8] Undefined index: id D:\wamp\www\quickmobile\Application\Feed\Api\FeedApi.class.php 第 39 行.
SQL: SELECT `uid`,`nickname`,`uid`,`birthday`,`sex`,`avatar`,`qq`,`score` FROM `funtu_member` WHERE ( `uid` = 2 ) LIMIT 1   [ RunTime:0.001000s ]
NOTIC: [8] Undefined index: id D:\wamp\www\quickmobile\Application\Feed\Api\FeedApi.class.php 第 39 行.
SQL: SELECT `uid`,`nickname`,`uid`,`birthday`,`sex`,`avatar`,`qq`,`score` FROM `funtu_member` WHERE ( `uid` = 2 ) LIMIT 1   [ RunTime:0.002000s ]
NOTIC: [8] Undefined index: id D:\wamp\www\quickmobile\Application\Feed\Api\FeedApi.class.php 第 39 行.

[ 2015-02-01T23:07:58+08:00 ] 127.0.0.1 /quickmobile/api.php?s=mobile/feed/sendcomment&os_version=4.4&os=Android&api_version=1&t=111111&uuid=99&token=d7de46680b48762bccc1a305b0d12f75&tel=15133628736&password=1234560&page=1
INFO: [ app_init ] --START--
INFO: Run Common\Behavior\InitHook [ RunTime:0.004000s ]
INFO: [ app_init ] --END-- [ RunTime:0.006001s ]
INFO: [ app_begin ] --START--
INFO: Run Behavior\ReadHtmlCache [ RunTime:0.001000s ]
INFO: [ app_begin ] --END-- [ RunTime:0.001000s ]
NOTIC: [2] call_user_func() expects parameter 1 to be a valid callback, no array or string given D:\wamp\www\quickmobile\ThinkPHP\Library\Think\Upload.class.php 第 167 行.
NOTIC: [8] Undefined index: tuya_pic D:\wamp\www\quickmobile\Application\Mobile\Controller\FeedController.class.php 第 119 行.
NOTIC: [8] Undefined index: tuya_pic D:\wamp\www\quickmobile\Application\Mobile\Controller\FeedController.class.php 第 119 行.
SQL: SHOW COLUMNS FROM `funtu_feed` [ RunTime:0.007000s ]
SQL: SHOW COLUMNS FROM `funtu_feed_comment` [ RunTime:0.009001s ]
NOTIC: [8] Array to string conversion D:\wamp\www\quickmobile\Application\Feed\Model\FeedCommentModel.class.php 第 37 行.
SQL: SELECT `md5` FROM `funtu_feed_comment` WHERE ( md5=9515cf2a3bb74a53691874ebe71d869b ) LIMIT 1   [ RunTime:0.012001s ]
ERR: 1054:Champ '9515cf2a3bb74a53691874ebe71d869b' inconnu dans where clause
 [ SQL语句 ] : SELECT `md5` FROM `funtu_feed_comment` WHERE ( md5=9515cf2a3bb74a53691874ebe71d869b ) LIMIT 1  
NOTIC: [2] mb_strlen() expects parameter 1 to be string, array given D:\wamp\www\quickmobile\ThinkPHP\Library\Think\Model.class.php 第 1157 行.

[ 2015-02-01T23:08:43+08:00 ] 127.0.0.1 /quickmobile/api.php?s=mobile/feed/sendcomment&os_version=4.4&os=Android&api_version=1&t=111111&uuid=99&token=d7de46680b48762bccc1a305b0d12f75&tel=15133628736&password=1234560&page=1
INFO: [ app_init ] --START--
INFO: Run Common\Behavior\InitHook [ RunTime:0.004000s ]
INFO: [ app_init ] --END-- [ RunTime:0.005000s ]
INFO: [ app_begin ] --START--
INFO: Run Behavior\ReadHtmlCache [ RunTime:0.001000s ]
INFO: [ app_begin ] --END-- [ RunTime:0.002000s ]
NOTIC: [2] call_user_func() expects parameter 1 to be a valid callback, no array or string given D:\wamp\www\quickmobile\ThinkPHP\Library\Think\Upload.class.php 第 167 行.
SQL: SHOW COLUMNS FROM `funtu_feed` [ RunTime:0.012001s ]
SQL: SHOW COLUMNS FROM `funtu_feed_comment` [ RunTime:0.008000s ]
NOTIC: [8] Array to string conversion D:\wamp\www\quickmobile\Application\Feed\Model\FeedCommentModel.class.php 第 37 行.
SQL: SELECT `md5` FROM `funtu_feed_comment` WHERE ( md5=9515cf2a3bb74a53691874ebe71d869b ) LIMIT 1   [ RunTime:0.000000s ]
ERR: 1054:Champ '9515cf2a3bb74a53691874ebe71d869b' inconnu dans where clause
 [ SQL语句 ] : SELECT `md5` FROM `funtu_feed_comment` WHERE ( md5=9515cf2a3bb74a53691874ebe71d869b ) LIMIT 1  
NOTIC: [2] mb_strlen() expects parameter 1 to be string, array given D:\wamp\www\quickmobile\ThinkPHP\Library\Think\Model.class.php 第 1157 行.

[ 2015-02-01T23:12:09+08:00 ] 127.0.0.1 /quickmobile/api.php?s=mobile/feed/sendcomment&os_version=4.4&os=Android&api_version=1&t=111111&uuid=99&token=d7de46680b48762bccc1a305b0d12f75&tel=15133628736&password=1234560&page=1
INFO: [ app_init ] --START--
INFO: Run Common\Behavior\InitHook [ RunTime:0.007001s ]
INFO: [ app_init ] --END-- [ RunTime:0.008001s ]
INFO: [ app_begin ] --START--
INFO: Run Behavior\ReadHtmlCache [ RunTime:0.002000s ]
INFO: [ app_begin ] --END-- [ RunTime:0.002000s ]
NOTIC: [2] call_user_func() expects parameter 1 to be a valid callback, no array or string given D:\wamp\www\quickmobile\ThinkPHP\Library\Think\Upload.class.php 第 167 行.
SQL: SHOW COLUMNS FROM `funtu_feed` [ RunTime:0.007000s ]
SQL: SHOW COLUMNS FROM `funtu_feed_comment` [ RunTime:0.009001s ]
NOTIC: [8] Array to string conversion D:\wamp\www\quickmobile\Application\Feed\Model\FeedCommentModel.class.php 第 37 行.
SQL: SELECT `md5` FROM `funtu_feed_comment` WHERE ( md5=9515cf2a3bb74a53691874ebe71d869b ) LIMIT 1   [ RunTime:0.001000s ]
ERR: 1054:Champ '9515cf2a3bb74a53691874ebe71d869b' inconnu dans where clause
 [ SQL语句 ] : SELECT `md5` FROM `funtu_feed_comment` WHERE ( md5=9515cf2a3bb74a53691874ebe71d869b ) LIMIT 1  
NOTIC: [2] mb_strlen() expects parameter 1 to be string, array given D:\wamp\www\quickmobile\ThinkPHP\Library\Think\Model.class.php 第 1157 行.

[ 2015-02-01T23:12:09+08:00 ] 127.0.0.1 /quickmobile/api.php?s=mobile/feed/sendcomment&os_version=4.4&os=Android&api_version=1&t=111111&uuid=99&token=d7de46680b48762bccc1a305b0d12f75&tel=15133628736&password=1234560&page=1
INFO: [ app_init ] --START--
INFO: Run Common\Behavior\InitHook [ RunTime:0.004001s ]
INFO: [ app_init ] --END-- [ RunTime:0.005001s ]
INFO: [ app_begin ] --START--
INFO: Run Behavior\ReadHtmlCache [ RunTime:0.004000s ]
INFO: [ app_begin ] --END-- [ RunTime:0.004000s ]
NOTIC: [2] call_user_func() expects parameter 1 to be a valid callback, no array or string given D:\wamp\www\quickmobile\ThinkPHP\Library\Think\Upload.class.php 第 167 行.
SQL: SHOW COLUMNS FROM `funtu_feed` [ RunTime:0.007000s ]
SQL: SHOW COLUMNS FROM `funtu_feed_comment` [ RunTime:0.009001s ]
NOTIC: [8] Array to string conversion D:\wamp\www\quickmobile\Application\Feed\Model\FeedCommentModel.class.php 第 37 行.
SQL: SELECT `md5` FROM `funtu_feed_comment` WHERE ( md5=9515cf2a3bb74a53691874ebe71d869b ) LIMIT 1   [ RunTime:0.000000s ]
ERR: 1054:Champ '9515cf2a3bb74a53691874ebe71d869b' inconnu dans where clause
 [ SQL语句 ] : SELECT `md5` FROM `funtu_feed_comment` WHERE ( md5=9515cf2a3bb74a53691874ebe71d869b ) LIMIT 1  
NOTIC: [2] mb_strlen() expects parameter 1 to be string, array given D:\wamp\www\quickmobile\ThinkPHP\Library\Think\Model.class.php 第 1157 行.

[ 2015-02-01T23:12:30+08:00 ] 127.0.0.1 /quickmobile/api.php?s=mobile/feed/sendcomment&os_version=4.4&os=Android&api_version=1&t=111111&uuid=99&token=d7de46680b48762bccc1a305b0d12f75&tel=15133628736&password=1234560&page=1
INFO: [ app_init ] --START--
INFO: Run Common\Behavior\InitHook [ RunTime:0.004000s ]
INFO: [ app_init ] --END-- [ RunTime:0.006000s ]
INFO: [ app_begin ] --START--
INFO: Run Behavior\ReadHtmlCache [ RunTime:0.001000s ]
INFO: [ app_begin ] --END-- [ RunTime:0.001000s ]
NOTIC: [2] call_user_func() expects parameter 1 to be a valid callback, no array or string given D:\wamp\www\quickmobile\ThinkPHP\Library\Think\Upload.class.php 第 167 行.
SQL: SHOW COLUMNS FROM `funtu_feed` [ RunTime:0.009000s ]
SQL: SHOW COLUMNS FROM `funtu_feed_comment` [ RunTime:0.007001s ]
NOTIC: [8] Array to string conversion D:\wamp\www\quickmobile\Application\Feed\Model\FeedCommentModel.class.php 第 37 行.
SQL: SELECT `md5` FROM `funtu_feed_comment` WHERE ( md5=9515cf2a3bb74a53691874ebe71d869b ) LIMIT 1   [ RunTime:0.001000s ]
ERR: 1054:Champ '9515cf2a3bb74a53691874ebe71d869b' inconnu dans where clause
 [ SQL语句 ] : SELECT `md5` FROM `funtu_feed_comment` WHERE ( md5=9515cf2a3bb74a53691874ebe71d869b ) LIMIT 1  
NOTIC: [2] mb_strlen() expects parameter 1 to be string, array given D:\wamp\www\quickmobile\ThinkPHP\Library\Think\Model.class.php 第 1157 行.

[ 2015-02-01T23:12:30+08:00 ] 127.0.0.1 /quickmobile/api.php?s=mobile/feed/sendcomment&os_version=4.4&os=Android&api_version=1&t=111111&uuid=99&token=d7de46680b48762bccc1a305b0d12f75&tel=15133628736&password=1234560&page=1
INFO: [ app_init ] --START--
INFO: Run Common\Behavior\InitHook [ RunTime:0.004000s ]
INFO: [ app_init ] --END-- [ RunTime:0.005000s ]
INFO: [ app_begin ] --START--
INFO: Run Behavior\ReadHtmlCache [ RunTime:0.001001s ]
INFO: [ app_begin ] --END-- [ RunTime:0.002001s ]
NOTIC: [2] call_user_func() expects parameter 1 to be a valid callback, no array or string given D:\wamp\www\quickmobile\ThinkPHP\Library\Think\Upload.class.php 第 167 行.
SQL: SHOW COLUMNS FROM `funtu_feed` [ RunTime:0.008000s ]
SQL: SHOW COLUMNS FROM `funtu_feed_comment` [ RunTime:0.008001s ]
NOTIC: [8] Array to string conversion D:\wamp\www\quickmobile\Application\Feed\Model\FeedCommentModel.class.php 第 37 行.
SQL: SELECT `md5` FROM `funtu_feed_comment` WHERE ( md5=9515cf2a3bb74a53691874ebe71d869b ) LIMIT 1   [ RunTime:0.001000s ]
ERR: 1054:Champ '9515cf2a3bb74a53691874ebe71d869b' inconnu dans where clause
 [ SQL语句 ] : SELECT `md5` FROM `funtu_feed_comment` WHERE ( md5=9515cf2a3bb74a53691874ebe71d869b ) LIMIT 1  
NOTIC: [2] mb_strlen() expects parameter 1 to be string, array given D:\wamp\www\quickmobile\ThinkPHP\Library\Think\Model.class.php 第 1157 行.

[ 2015-02-01T23:13:58+08:00 ] 127.0.0.1 /quickmobile/api.php?s=mobile/feed/sendcomment&os_version=4.4&os=Android&api_version=1&t=111111&uuid=99&token=d7de46680b48762bccc1a305b0d12f75&tel=15133628736&password=1234560&page=1
INFO: [ app_init ] --START--
INFO: Run Common\Behavior\InitHook [ RunTime:0.004001s ]
INFO: [ app_init ] --END-- [ RunTime:0.005001s ]
INFO: [ app_begin ] --START--
INFO: Run Behavior\ReadHtmlCache [ RunTime:0.001000s ]
INFO: [ app_begin ] --END-- [ RunTime:0.001000s ]
NOTIC: [2] call_user_func() expects parameter 1 to be a valid callback, no array or string given D:\wamp\www\quickmobile\ThinkPHP\Library\Think\Upload.class.php 第 167 行.
SQL: SHOW COLUMNS FROM `funtu_feed` [ RunTime:0.055003s ]
SQL: SHOW COLUMNS FROM `funtu_feed_comment` [ RunTime:0.010001s ]
SQL: SELECT `md5` FROM `funtu_feed_comment` WHERE ( md5=da8570eac0204a1f211d848f2b97c8b9 ) LIMIT 1   [ RunTime:0.001000s ]
ERR: 1054:Champ 'da8570eac0204a1f211d848f2b97c8b9' inconnu dans where clause
 [ SQL语句 ] : SELECT `md5` FROM `funtu_feed_comment` WHERE ( md5=da8570eac0204a1f211d848f2b97c8b9 ) LIMIT 1  
SQL: INSERT INTO `funtu_feed_comment` (`uid`,`content`,`feed_id`,`ip`,`location`,`md5`,`create_time`,`status`) VALUES (3,'{\"main_pic\":\"Feed\\\\2015-02-01\\\\54ce39a2d2002.jpg\",\"tuya_pic\":\"Feed\\/2015-02-01\\/54ce42b5c8ef3.jpg\"}',6,'127.0.0.1','(33.9,45.8)=(北京市海淀区中关村)','da8570eac0204a1f211d848f2b97c8b9',1422803637,1) [ RunTime:0.065004s ]
SQL: UPDATE `funtu_feed` SET `comment_count`=comment_count+1 WHERE ( `id` = 6 ) [ RunTime:0.109006s ]
NOTIC: [2] unlink(./Runtime/Temp/e4a6e7221f666936fd9e950583a619a5.php): No such file or directory D:\wamp\www\quickmobile\ThinkPHP\Library\Think\Cache\Driver\File.class.php 第 157 行.

[ 2015-02-01T23:18:56+08:00 ] 127.0.0.1 /quickmobile/api.php?s=mobile/feed/listcomment&os_version=4.4&os=Android&api_version=1&t=111111&uuid=99&token=d7de46680b48762bccc1a305b0d12f75&tel=15133628736&password=1234560&page=1&feed_id=2&count=10
INFO: [ app_init ] --START--
INFO: Run Common\Behavior\InitHook [ RunTime:0.005001s ]
INFO: [ app_init ] --END-- [ RunTime:0.007001s ]
INFO: [ app_begin ] --START--
INFO: Run Behavior\ReadHtmlCache [ RunTime:0.003000s ]
INFO: [ app_begin ] --END-- [ RunTime:0.003000s ]
NOTIC: [8] Use of undefined constant feed_id - assumed 'feed_id' D:\wamp\www\quickmobile\Application\Mobile\Controller\FeedController.class.php 第 143 行.
SQL: SHOW COLUMNS FROM `funtu_feed` [ RunTime:0.013001s ]
SQL: SHOW COLUMNS FROM `funtu_feed_comment` [ RunTime:0.008001s ]
SQL: SELECT * FROM `funtu_feed_comment` WHERE ( feed_id=2 ) ORDER BY create_time desc LIMIT 0,10   [ RunTime:0.001000s ]

[ 2015-02-01T23:19:26+08:00 ] 127.0.0.1 /quickmobile/api.php?s=mobile/feed/listcomment&os_version=4.4&os=Android&api_version=1&t=111111&uuid=99&token=d7de46680b48762bccc1a305b0d12f75&tel=15133628736&password=1234560&page=1&feed_id=6&count=10
INFO: [ app_init ] --START--
INFO: Run Common\Behavior\InitHook [ RunTime:0.005001s ]
INFO: [ app_init ] --END-- [ RunTime:0.007001s ]
INFO: [ app_begin ] --START--
INFO: Run Behavior\ReadHtmlCache [ RunTime:0.003000s ]
INFO: [ app_begin ] --END-- [ RunTime:0.003000s ]
NOTIC: [8] Use of undefined constant feed_id - assumed 'feed_id' D:\wamp\www\quickmobile\Application\Mobile\Controller\FeedController.class.php 第 143 行.
SQL: SHOW COLUMNS FROM `funtu_feed` [ RunTime:0.036002s ]
SQL: SHOW COLUMNS FROM `funtu_feed_comment` [ RunTime:0.009001s ]
SQL: SELECT * FROM `funtu_feed_comment` WHERE ( feed_id=6 ) ORDER BY create_time desc LIMIT 0,10   [ RunTime:0.001000s ]
SQL: SHOW COLUMNS FROM `funtu_member` [ RunTime:0.011001s ]
SQL: SELECT `uid`,`nickname`,`uid`,`birthday`,`sex`,`avatar`,`qq`,`score` FROM `funtu_member` WHERE ( `uid` = 3 ) LIMIT 1   [ RunTime:0.001000s ]
NOTIC: [2] unlink(./Runtime/Temp/c41c07aceb7ca883712f88cea41645c2.php): No such file or directory D:\wamp\www\quickmobile\ThinkPHP\Library\Think\Cache\Driver\File.class.php 第 157 行.

[ 2015-02-01T23:22:06+08:00 ] 127.0.0.1 /quickmobile/api.php?s=mobile/feed/listcomment&os_version=4.4&os=Android&api_version=1&t=111111&uuid=99&token=d7de46680b48762bccc1a305b0d12f75&tel=15133628736&password=1234560&page=1&feed_id=6&count=10
INFO: [ app_init ] --START--
INFO: Run Common\Behavior\InitHook [ RunTime:0.006000s ]
INFO: [ app_init ] --END-- [ RunTime:0.008000s ]
INFO: [ app_begin ] --START--
INFO: Run Behavior\ReadHtmlCache [ RunTime:0.001000s ]
INFO: [ app_begin ] --END-- [ RunTime:0.002000s ]
NOTIC: [8] Use of undefined constant feed_id - assumed 'feed_id' D:\wamp\www\quickmobile\Application\Mobile\Controller\FeedController.class.php 第 143 行.
SQL: SHOW COLUMNS FROM `funtu_feed` [ RunTime:0.010001s ]
SQL: SHOW COLUMNS FROM `funtu_feed_comment` [ RunTime:0.011000s ]
SQL: SELECT * FROM `funtu_feed_comment` WHERE ( feed_id=6 ) ORDER BY create_time desc LIMIT 0,10   [ RunTime:0.001000s ]
SQL: SHOW COLUMNS FROM `funtu_member` [ RunTime:0.011000s ]
NOTIC: [2] unlink(./Runtime/Temp/c41c07aceb7ca883712f88cea41645c2.php): No such file or directory D:\wamp\www\quickmobile\ThinkPHP\Library\Think\Cache\Driver\File.class.php 第 157 行.
SQL: SELECT `uid`,`nickname`,`uid`,`birthday`,`sex`,`avatar`,`qq`,`score` FROM `funtu_member` WHERE ( `uid` = 3 ) LIMIT 1   [ RunTime:0.001000s ]
NOTIC: [2] unlink(./Runtime/Temp/c41c07aceb7ca883712f88cea41645c2.php): No such file or directory D:\wamp\www\quickmobile\ThinkPHP\Library\Think\Cache\Driver\File.class.php 第 157 行.

[ 2015-02-01T23:22:07+08:00 ] 127.0.0.1 /quickmobile/api.php?s=mobile/feed/listcomment&os_version=4.4&os=Android&api_version=1&t=111111&uuid=99&token=d7de46680b48762bccc1a305b0d12f75&tel=15133628736&password=1234560&page=1&feed_id=6&count=10
INFO: [ app_init ] --START--
INFO: Run Common\Behavior\InitHook [ RunTime:0.004000s ]
INFO: [ app_init ] --END-- [ RunTime:0.005001s ]
INFO: [ app_begin ] --START--
INFO: Run Behavior\ReadHtmlCache [ RunTime:0.002000s ]
INFO: [ app_begin ] --END-- [ RunTime:0.003000s ]
NOTIC: [8] Use of undefined constant feed_id - assumed 'feed_id' D:\wamp\www\quickmobile\Application\Mobile\Controller\FeedController.class.php 第 143 行.
SQL: SHOW COLUMNS FROM `funtu_feed` [ RunTime:0.013000s ]
SQL: SHOW COLUMNS FROM `funtu_feed_comment` [ RunTime:0.017001s ]
SQL: SELECT * FROM `funtu_feed_comment` WHERE ( feed_id=6 ) ORDER BY create_time desc LIMIT 0,10   [ RunTime:0.001001s ]
SQL: SHOW COLUMNS FROM `funtu_member` [ RunTime:0.008000s ]
NOTIC: [2] unlink(./Runtime/Temp/c41c07aceb7ca883712f88cea41645c2.php): No such file or directory D:\wamp\www\quickmobile\ThinkPHP\Library\Think\Cache\Driver\File.class.php 第 157 行.
SQL: SELECT `uid`,`nickname`,`uid`,`birthday`,`sex`,`avatar`,`qq`,`score` FROM `funtu_member` WHERE ( `uid` = 3 ) LIMIT 1   [ RunTime:0.001000s ]
NOTIC: [2] unlink(./Runtime/Temp/c41c07aceb7ca883712f88cea41645c2.php): No such file or directory D:\wamp\www\quickmobile\ThinkPHP\Library\Think\Cache\Driver\File.class.php 第 157 行.

[ 2015-02-01T23:22:08+08:00 ] 127.0.0.1 /quickmobile/api.php?s=mobile/feed/listcomment&os_version=4.4&os=Android&api_version=1&t=111111&uuid=99&token=d7de46680b48762bccc1a305b0d12f75&tel=15133628736&password=1234560&page=1&feed_id=6&count=10
INFO: [ app_init ] --START--
INFO: Run Common\Behavior\InitHook [ RunTime:0.006000s ]
INFO: [ app_init ] --END-- [ RunTime:0.007000s ]
INFO: [ app_begin ] --START--
INFO: Run Behavior\ReadHtmlCache [ RunTime:0.001000s ]
INFO: [ app_begin ] --END-- [ RunTime:0.003000s ]
NOTIC: [8] Use of undefined constant feed_id - assumed 'feed_id' D:\wamp\www\quickmobile\Application\Mobile\Controller\FeedController.class.php 第 143 行.
SQL: SHOW COLUMNS FROM `funtu_feed` [ RunTime:0.009001s ]
SQL: SHOW COLUMNS FROM `funtu_feed_comment` [ RunTime:0.009001s ]
SQL: SELECT * FROM `funtu_feed_comment` WHERE ( feed_id=6 ) ORDER BY create_time desc LIMIT 0,10   [ RunTime:0.006000s ]
SQL: SHOW COLUMNS FROM `funtu_member` [ RunTime:0.008001s ]
NOTIC: [2] unlink(./Runtime/Temp/c41c07aceb7ca883712f88cea41645c2.php): No such file or directory D:\wamp\www\quickmobile\ThinkPHP\Library\Think\Cache\Driver\File.class.php 第 157 行.
SQL: SELECT `uid`,`nickname`,`uid`,`birthday`,`sex`,`avatar`,`qq`,`score` FROM `funtu_member` WHERE ( `uid` = 3 ) LIMIT 1   [ RunTime:0.001000s ]
NOTIC: [2] unlink(./Runtime/Temp/c41c07aceb7ca883712f88cea41645c2.php): No such file or directory D:\wamp\www\quickmobile\ThinkPHP\Library\Think\Cache\Driver\File.class.php 第 157 行.

[ 2015-02-01T23:22:10+08:00 ] 127.0.0.1 /quickmobile/api.php?s=mobile/feed/listcomment&os_version=4.4&os=Android&api_version=1&t=111111&uuid=99&token=d7de46680b48762bccc1a305b0d12f75&tel=15133628736&password=1234560&page=1&feed_id=6&count=10
INFO: [ app_init ] --START--
INFO: Run Common\Behavior\InitHook [ RunTime:0.005000s ]
INFO: [ app_init ] --END-- [ RunTime:0.006000s ]
INFO: [ app_begin ] --START--
INFO: Run Behavior\ReadHtmlCache [ RunTime:0.002000s ]
INFO: [ app_begin ] --END-- [ RunTime:0.002000s ]
NOTIC: [8] Use of undefined constant feed_id - assumed 'feed_id' D:\wamp\www\quickmobile\Application\Mobile\Controller\FeedController.class.php 第 143 行.
SQL: SHOW COLUMNS FROM `funtu_feed` [ RunTime:0.008000s ]
SQL: SHOW COLUMNS FROM `funtu_feed_comment` [ RunTime:0.008001s ]
SQL: SELECT * FROM `funtu_feed_comment` WHERE ( feed_id=6 ) ORDER BY create_time desc LIMIT 0,10   [ RunTime:0.001000s ]
SQL: SHOW COLUMNS FROM `funtu_member` [ RunTime:0.041002s ]
NOTIC: [2] unlink(./Runtime/Temp/c41c07aceb7ca883712f88cea41645c2.php): No such file or directory D:\wamp\www\quickmobile\ThinkPHP\Library\Think\Cache\Driver\File.class.php 第 157 行.
SQL: SELECT `uid`,`nickname`,`uid`,`birthday`,`sex`,`avatar`,`qq`,`score` FROM `funtu_member` WHERE ( `uid` = 3 ) LIMIT 1   [ RunTime:0.001000s ]
NOTIC: [2] unlink(./Runtime/Temp/c41c07aceb7ca883712f88cea41645c2.php): No such file or directory D:\wamp\www\quickmobile\ThinkPHP\Library\Think\Cache\Driver\File.class.php 第 157 行.

[ 2015-02-01T23:25:12+08:00 ] 127.0.0.1 /quickmobile/api.php?s=mobile/feed/listcomment&os_version=4.4&os=Android&api_version=1&t=111111&uuid=99&token=d7de46680b48762bccc1a305b0d12f75&tel=15133628736&password=1234560&page=1&feed_id=6&count=10
INFO: [ app_init ] --START--
INFO: Run Common\Behavior\InitHook [ RunTime:0.006000s ]
INFO: [ app_init ] --END-- [ RunTime:0.007000s ]
INFO: [ app_begin ] --START--
INFO: Run Behavior\ReadHtmlCache [ RunTime:0.002000s ]
INFO: [ app_begin ] --END-- [ RunTime:0.003000s ]
NOTIC: [8] Use of undefined constant feed_id - assumed 'feed_id' D:\wamp\www\quickmobile\Application\Mobile\Controller\FeedController.class.php 第 143 行.
SQL: SHOW COLUMNS FROM `funtu_feed` [ RunTime:0.019002s ]
SQL: SHOW COLUMNS FROM `funtu_feed_comment` [ RunTime:0.008000s ]
SQL: SELECT * FROM `funtu_feed_comment` WHERE ( feed_id=6 ) ORDER BY create_time desc LIMIT 0,10   [ RunTime:0.002000s ]
SQL: SHOW COLUMNS FROM `funtu_member` [ RunTime:0.043003s ]
SQL: SELECT `uid`,`nickname`,`uid`,`birthday`,`sex`,`avatar`,`qq`,`score` FROM `funtu_member` WHERE ( `uid` = 3 ) LIMIT 1   [ RunTime:0.001000s ]

[ 2015-02-01T23:26:28+08:00 ] 127.0.0.1 /quickmobile/api.php?s=mobile/feed/listcomment&os_version=4.4&os=Android&api_version=1&t=111111&uuid=99&token=d7de46680b48762bccc1a305b0d12f75&tel=15133628736&password=1234560&page=1&feed_id=6&count=10
INFO: [ app_init ] --START--
INFO: Run Common\Behavior\InitHook [ RunTime:0.005001s ]
INFO: [ app_init ] --END-- [ RunTime:0.006001s ]
INFO: [ app_begin ] --START--
INFO: Run Behavior\ReadHtmlCache [ RunTime:0.001000s ]
INFO: [ app_begin ] --END-- [ RunTime:0.001000s ]
NOTIC: [8] Use of undefined constant feed_id - assumed 'feed_id' D:\wamp\www\quickmobile\Application\Mobile\Controller\FeedController.class.php 第 143 行.
SQL: SHOW COLUMNS FROM `funtu_feed` [ RunTime:0.008000s ]
SQL: SHOW COLUMNS FROM `funtu_feed_comment` [ RunTime:0.015001s ]
SQL: SELECT * FROM `funtu_feed_comment` WHERE ( feed_id=6 ) ORDER BY create_time desc LIMIT 0,10   [ RunTime:0.001000s ]
SQL: SHOW COLUMNS FROM `funtu_member` [ RunTime:0.047003s ]
SQL: SELECT `uid`,`nickname`,`uid`,`birthday`,`sex`,`avatar`,`qq`,`score` FROM `funtu_member` WHERE ( `uid` = 3 ) LIMIT 1   [ RunTime:0.001000s ]
NOTIC: [2] unlink(./Runtime/Temp/c41c07aceb7ca883712f88cea41645c2.php): No such file or directory D:\wamp\www\quickmobile\ThinkPHP\Library\Think\Cache\Driver\File.class.php 第 157 行.

[ 2015-02-01T23:27:45+08:00 ] 127.0.0.1 /quickmobile/api.php?s=mobile/feed/listcomment&os_version=4.4&os=Android&api_version=1&t=111111&uuid=99&token=d7de46680b48762bccc1a305b0d12f75&tel=15133628736&password=1234560&page=1&feed_id=6&count=10
INFO: [ app_init ] --START--
INFO: Run Common\Behavior\InitHook [ RunTime:0.008001s ]
INFO: [ app_init ] --END-- [ RunTime:0.016001s ]
INFO: [ app_begin ] --START--
INFO: Run Behavior\ReadHtmlCache [ RunTime:0.002000s ]
INFO: [ app_begin ] --END-- [ RunTime:0.003000s ]
NOTIC: [8] Use of undefined constant feed_id - assumed 'feed_id' D:\wamp\www\quickmobile\Application\Mobile\Controller\FeedController.class.php 第 143 行.
SQL: SHOW COLUMNS FROM `funtu_feed` [ RunTime:0.009000s ]
SQL: SHOW COLUMNS FROM `funtu_feed_comment` [ RunTime:0.015001s ]
SQL: SELECT * FROM `funtu_feed_comment` WHERE ( feed_id=6 ) ORDER BY create_time desc LIMIT 0,10   [ RunTime:0.001000s ]
SQL: SHOW COLUMNS FROM `funtu_member` [ RunTime:0.024001s ]
SQL: SELECT `uid`,`nickname`,`uid`,`birthday`,`sex`,`avatar`,`qq`,`score` FROM `funtu_member` WHERE ( `uid` = 2 ) LIMIT 1   [ RunTime:0.005000s ]

